#
# A fatal error has been detected by the Java Runtime Environment:
#
#  EXCEPTION_STACK_OVERFLOW (0xc00000fd) at pc=0x0000000073bb4147, pid=5488, tid=0x00000000000018f8
#
# JRE version: Java(TM) SE Runtime Environment (8.0_131-b11) (build 1.8.0_131-b11)
# Java VM: Java HotSpot(TM) 64-Bit Server VM (25.131-b11 mixed mode windows-amd64 compressed oops)
# Problematic frame:
# V  [jvm.dll+0x214147]
#
# Failed to write core dump. Minidumps are not enabled by default on client versions of Windows
#
# If you would like to submit a bug report, please visit:
#   http://bugreport.java.com/bugreport/crash.jsp
#

---------------  T H R E A D  ---------------

Current thread (0x000000001ba08000):  JavaThread "mysql-cj-abandoned-connection-cleanup" daemon [_thread_in_vm, id=6392, stack(0x00000000310f0000,0x00000000311f0000)]

siginfo: ExceptionCode=0xc00000fd, ExceptionInformation=0x0000000000000001 0x00000000311ec680 

Registers:
RAX=0x00000000311ec680, RBX=0x0000000000000004, RCX=0x0000000000003000, RDX=0x0000000000000006
RSP=0x00000000311ef680, RBP=0x0000000000000000, RSI=0x00000000311ef680, RDI=0x0000000000000004
R8 =0x0000000000000006, R9 =0x000000001b9a1990, R10=0x000000001778d4c0, R11=0x00000000310fa148
R12=0x000000001b9a1990, R13=0x000000001ba08000, R14=0x00000000311ef748, R15=0x000000001778d4c0
RIP=0x0000000073bb4147, EFLAGS=0x0000000000010202

Top of Stack: (sp=0x00000000311ef680)
0x00000000311ef680:   00004a86be310210 00000000730b4e7e
0x00000000311ef690:   000000001ba08000 000000001b9a1990
0x00000000311ef6a0:   00000000ffffffff 0000000073bb5077
0x00000000311ef6b0:   00000000311ef7b0 000000001778d4c0
0x00000000311ef6c0:   000000001ba08000 0000000073a60a83
0x00000000311ef6d0:   00000000311ef710 000000001ba08000
0x00000000311ef6e0:   00000000311ef7a0 000000001ba08000
0x00000000311ef6f0:   000000001778d4c0 000000001ba08000
0x00000000311ef700:   00000000035a3200 000000001ba08000
0x00000000311ef710:   000000001778d4c0 000000001ba08000
0x00000000311ef720:   000000001778d4c0 000000001ba08000
0x00000000311ef730:   0000000000000001 000000001778d4c0
0x00000000311ef740:   000000001ba08000 000000001b573c70
0x00000000311ef750:   000000001ba08000 0000000073a6212d
0x00000000311ef760:   00000000311efa68 00000001000069a0
0x00000000311ef770:   00000001000069a0 00007fffe46c8be7 

Instructions: (pc=0x0000000073bb4147)
0x0000000073bb4127:   48 89 6c 24 30 33 ed 66 90 e8 cb 3a 08 00 ff c3
0x0000000073bb4137:   48 63 c8 48 8b c6 48 0f af cf 48 ff c7 48 2b c1
0x0000000073bb4147:   89 28 48 63 c3 48 3b 05 85 25 59 00 7e db 48 8b
0x0000000073bb4157:   6c 24 30 48 8b 5c 24 38 48 8b 74 24 40 48 83 c4 


Register to memory mapping:

RAX=0x00000000311ec680 is pointing into the stack for thread: 0x000000001ba08000
RBX=0x0000000000000004 is an unknown value
RCX=0x0000000000003000 is an unknown value
RDX=0x0000000000000006 is an unknown value
RSP=0x00000000311ef680 is pointing into the stack for thread: 0x000000001ba08000
RBP=0x0000000000000000 is an unknown value
RSI=0x00000000311ef680 is pointing into the stack for thread: 0x000000001ba08000
RDI=0x0000000000000004 is an unknown value
R8 =0x0000000000000006 is an unknown value
R9 =0x000000001b9a1990 is an unknown value
R10={method} {0x000000001778d4c8} 'run' '()V' in 'java/lang/Thread'
R11=0x00000000310fa148 is pointing into the stack for thread: 0x000000001ba08000
R12=0x000000001b9a1990 is an unknown value
R13=0x000000001ba08000 is a thread
R14=0x00000000311ef748 is pointing into the stack for thread: 0x000000001ba08000
R15={method} {0x000000001778d4c8} 'run' '()V' in 'java/lang/Thread'


Stack: [0x00000000310f0000,0x00000000311f0000],  sp=0x00000000311ef680,  free space=1021k
Native frames: (J=compiled Java code, j=interpreted, Vv=VM code, C=native code)


---------------  P R O C E S S  ---------------

Java Threads: ( => current thread )
=>0x000000001ba08000 JavaThread "mysql-cj-abandoned-connection-cleanup" daemon [_thread_in_vm, id=6392, stack(0x00000000310f0000,0x00000000311f0000)]
  0x000000001b1bd000 JavaThread "RMI Scheduler(0)" daemon [_thread_blocked, id=10212, stack(0x000000001c3f0000,0x000000001c4f0000)]
  0x000000001b13e000 JavaThread "RMI TCP Connection(1)-192.168.124.20" daemon [_thread_in_native, id=12364, stack(0x000000001c2f0000,0x000000001c3f0000)]
  0x0000000019e1e000 JavaThread "RMI TCP Accept-0" daemon [_thread_in_native, id=12200, stack(0x000000001a770000,0x000000001a870000)]
  0x0000000019bc2800 JavaThread "Service Thread" daemon [_thread_blocked, id=5976, stack(0x000000001a670000,0x000000001a770000)]
  0x0000000019bbf800 JavaThread "C1 CompilerThread2" daemon [_thread_blocked, id=12792, stack(0x000000001a570000,0x000000001a670000)]
  0x0000000019b61000 JavaThread "C2 CompilerThread1" daemon [_thread_blocked, id=3232, stack(0x000000001a470000,0x000000001a570000)]
  0x0000000019861800 JavaThread "C2 CompilerThread0" daemon [_thread_blocked, id=1276, stack(0x000000001a370000,0x000000001a470000)]
  0x0000000019b04000 JavaThread "Monitor Ctrl-Break" daemon [_thread_in_native, id=3592, stack(0x000000001a270000,0x000000001a370000)]
  0x0000000018126800 JavaThread "Attach Listener" daemon [_thread_blocked, id=1572, stack(0x0000000019970000,0x0000000019a70000)]
  0x0000000018114800 JavaThread "Signal Dispatcher" daemon [_thread_blocked, id=6004, stack(0x0000000019870000,0x0000000019970000)]
  0x000000000348d800 JavaThread "Finalizer" daemon [_thread_blocked, id=1628, stack(0x0000000019370000,0x0000000019470000)]
  0x0000000003488000 JavaThread "Reference Handler" daemon [_thread_blocked, id=10612, stack(0x0000000019270000,0x0000000019370000)]
  0x000000000328e800 JavaThread "main" [_thread_in_vm, id=8548, stack(0x0000000003290000,0x0000000003390000)]

Other Threads:
  0x00000000180c7000 VMThread [stack: 0x0000000019170000,0x0000000019270000] [id=12180]
  0x0000000019e2c800 WatcherThread [stack: 0x000000001a870000,0x000000001a970000] [id=12700]

VM state:not at safepoint (normal execution)

VM Mutex/Monitor currently owned by a thread: None

Heap:
 PSYoungGen      total 69120K, used 857K [0x00000000d5c00000, 0x00000000da980000, 0x0000000100000000)
  eden space 58880K, 1% used [0x00000000d5c00000,0x00000000d5cd66e0,0x00000000d9580000)
  from space 10240K, 0% used [0x00000000d9580000,0x00000000d9580000,0x00000000d9f80000)
  to   space 9728K, 0% used [0x00000000d9f80000,0x00000000d9f80000,0x00000000da900000)
 ParOldGen       total 50176K, used 10666K [0x0000000081400000, 0x0000000084500000, 0x00000000d5c00000)
  object space 50176K, 21% used [0x0000000081400000,0x0000000081e6aad8,0x0000000084500000)
 Metaspace       used 28409K, capacity 30021K, committed 30592K, reserved 1081344K
  class space    used 3776K, capacity 4084K, committed 4224K, reserved 1048576K

Card table byte_map: [0x0000000012950000,0x0000000012d50000] byte_map_base: 0x0000000012546000

Marking Bits: (ParMarkBitMap*) 0x00000000741bc720
 Begin Bits: [0x0000000013400000, 0x00000000153b0000)
 End Bits:   [0x00000000153b0000, 0x0000000017360000)

Polling page: 0x0000000002c90000

CodeCache: size=245760Kb used=6366Kb max_used=6366Kb free=239393Kb
 bounds [0x0000000003590000, 0x0000000003bd0000, 0x0000000012590000]
 total_blobs=3564 nmethods=3149 adapters=327
 compilation: enabled

Compilation events (10 events):
Event: 3.501 Thread 0x0000000019bbf800 3145       1       sun.net.www.protocol.jar.JarURLConnection$JarURLInputStream::<init> (11 bytes)
Event: 3.501 Thread 0x0000000019bbf800 nmethod 3145 0x0000000003bc6590 code [0x0000000003bc66e0, 0x0000000003bc6810]
Event: 3.501 Thread 0x0000000019bbf800 3146   !   1       sun.net.www.protocol.jar.JarURLConnection$JarURLInputStream::close (51 bytes)
Event: 3.501 Thread 0x0000000019bbf800 nmethod 3146 0x0000000003bc6890 code [0x0000000003bc6a20, 0x0000000003bc6c88]
Event: 3.501 Thread 0x0000000019bbf800 3147       1       java.io.ExpiringCache::access$000 (5 bytes)
Event: 3.501 Thread 0x0000000019bbf800 nmethod 3147 0x0000000003bc6e90 code [0x0000000003bc6fe0, 0x0000000003bc70d0]
Event: 3.610 Thread 0x0000000019bbf800 3148   !   1       java.util.zip.Inflater::end (50 bytes)
Event: 3.610 Thread 0x0000000019bbf800 nmethod 3148 0x0000000003bc7150 code [0x0000000003bc72c0, 0x0000000003bc75e8]
Event: 3.610 Thread 0x0000000019bbf800 3149       1       java.util.zip.ZStreamRef::clear (6 bytes)
Event: 3.610 Thread 0x0000000019bbf800 nmethod 3149 0x0000000003bc7790 code [0x0000000003bc78e0, 0x0000000003bc7a10]

GC Heap History (10 events):
Event: 3.321 GC heap before
{Heap before GC invocations=13 (full 2):
 PSYoungGen      total 69120K, used 2064K [0x00000000d5c00000, 0x00000000da980000, 0x0000000100000000)
  eden space 58880K, 0% used [0x00000000d5c00000,0x00000000d5c00000,0x00000000d9580000)
  from space 10240K, 20% used [0x00000000d9580000,0x00000000d9784370,0x00000000d9f80000)
  to   space 9728K, 0% used [0x00000000d9f80000,0x00000000d9f80000,0x00000000da900000)
 ParOldGen       total 50176K, used 11630K [0x0000000081400000, 0x0000000084500000, 0x00000000d5c00000)
  object space 50176K, 23% used [0x0000000081400000,0x0000000081f5b9a8,0x0000000084500000)
 Metaspace       used 26882K, capacity 28514K, committed 28544K, reserved 1079296K
  class space    used 3630K, capacity 3943K, committed 3968K, reserved 1048576K
Event: 3.373 GC heap after
Heap after GC invocations=13 (full 2):
 PSYoungGen      total 69120K, used 0K [0x00000000d5c00000, 0x00000000da980000, 0x0000000100000000)
  eden space 58880K, 0% used [0x00000000d5c00000,0x00000000d5c00000,0x00000000d9580000)
  from space 10240K, 0% used [0x00000000d9580000,0x00000000d9580000,0x00000000d9f80000)
  to   space 9728K, 0% used [0x00000000d9f80000,0x00000000d9f80000,0x00000000da900000)
 ParOldGen       total 50176K, used 11641K [0x0000000081400000, 0x0000000084500000, 0x00000000d5c00000)
  object space 50176K, 23% used [0x0000000081400000,0x0000000081f5e7a8,0x0000000084500000)
 Metaspace       used 26882K, capacity 28514K, committed 28544K, reserved 1077248K
  class space    used 3630K, capacity 3943K, committed 3968K, reserved 1048576K
}
Event: 3.502 GC heap before
{Heap before GC invocations=14 (full 2):
 PSYoungGen      total 69120K, used 29059K [0x00000000d5c00000, 0x00000000da980000, 0x0000000100000000)
  eden space 58880K, 49% used [0x00000000d5c00000,0x00000000d7860c88,0x00000000d9580000)
  from space 10240K, 0% used [0x00000000d9580000,0x00000000d9580000,0x00000000d9f80000)
  to   space 9728K, 0% used [0x00000000d9f80000,0x00000000d9f80000,0x00000000da900000)
 ParOldGen       total 50176K, used 11641K [0x0000000081400000, 0x0000000084500000, 0x00000000d5c00000)
  object space 50176K, 23% used [0x0000000081400000,0x0000000081f5e7a8,0x0000000084500000)
 Metaspace       used 28558K, capacity 30219K, committed 30336K, reserved 1085440K
  class space    used 3802K, capacity 4143K, committed 4224K, reserved 1048576K
Event: 3.504 GC heap after
Heap after GC invocations=14 (full 2):
 PSYoungGen      total 68608K, used 2330K [0x00000000d5c00000, 0x00000000da980000, 0x0000000100000000)
  eden space 58880K, 0% used [0x00000000d5c00000,0x00000000d5c00000,0x00000000d9580000)
  from space 9728K, 23% used [0x00000000d9f80000,0x00000000da1c68d8,0x00000000da900000)
  to   space 10240K, 0% used [0x00000000d9580000,0x00000000d9580000,0x00000000d9f80000)
 ParOldGen       total 50176K, used 11641K [0x0000000081400000, 0x0000000084500000, 0x00000000d5c00000)
  object space 50176K, 23% used [0x0000000081400000,0x0000000081f5e7a8,0x0000000084500000)
 Metaspace       used 28558K, capacity 30219K, committed 30336K, reserved 1085440K
  class space    used 3802K, capacity 4143K, committed 4224K, reserved 1048576K
}
Event: 3.504 GC heap before
{Heap before GC invocations=15 (full 3):
 PSYoungGen      total 68608K, used 2330K [0x00000000d5c00000, 0x00000000da980000, 0x0000000100000000)
  eden space 58880K, 0% used [0x00000000d5c00000,0x00000000d5c00000,0x00000000d9580000)
  from space 9728K, 23% used [0x00000000d9f80000,0x00000000da1c68d8,0x00000000da900000)
  to   space 10240K, 0% used [0x00000000d9580000,0x00000000d9580000,0x00000000d9f80000)
 ParOldGen       total 50176K, used 11641K [0x0000000081400000, 0x0000000084500000, 0x00000000d5c00000)
  object space 50176K, 23% used [0x0000000081400000,0x0000000081f5e7a8,0x0000000084500000)
 Metaspace       used 28558K, capacity 30219K, committed 30336K, reserved 1085440K
  class space    used 3802K, capacity 4143K, committed 4224K, reserved 1048576K
Event: 3.556 GC heap after
Heap after GC invocations=15 (full 3):
 PSYoungGen      total 68608K, used 0K [0x00000000d5c00000, 0x00000000da980000, 0x0000000100000000)
  eden space 58880K, 0% used [0x00000000d5c00000,0x00000000d5c00000,0x00000000d9580000)
  from space 9728K, 0% used [0x00000000d9f80000,0x00000000d9f80000,0x00000000da900000)
  to   space 10240K, 0% used [0x00000000d9580000,0x00000000d9580000,0x00000000d9f80000)
 ParOldGen       total 50176K, used 12920K [0x0000000081400000, 0x0000000084500000, 0x00000000d5c00000)
  object space 50176K, 25% used [0x0000000081400000,0x000000008209e2a8,0x0000000084500000)
 Metaspace       used 28558K, capacity 30219K, committed 30336K, reserved 1081344K
  class space    used 3802K, capacity 4143K, committed 4224K, reserved 1048576K
}
Event: 3.556 GC heap before
{Heap before GC invocations=16 (full 3):
 PSYoungGen      total 68608K, used 0K [0x00000000d5c00000, 0x00000000da980000, 0x0000000100000000)
  eden space 58880K, 0% used [0x00000000d5c00000,0x00000000d5c00000,0x00000000d9580000)
  from space 9728K, 0% used [0x00000000d9f80000,0x00000000d9f80000,0x00000000da900000)
  to   space 10240K, 0% used [0x00000000d9580000,0x00000000d9580000,0x00000000d9f80000)
 ParOldGen       total 50176K, used 12920K [0x0000000081400000, 0x0000000084500000, 0x00000000d5c00000)
  object space 50176K, 25% used [0x0000000081400000,0x000000008209e2a8,0x0000000084500000)
 Metaspace       used 28558K, capacity 30219K, committed 30336K, reserved 1085440K
  class space    used 3802K, capacity 4143K, committed 4224K, reserved 1048576K
Event: 3.556 GC heap after
Heap after GC invocations=16 (full 3):
 PSYoungGen      total 69120K, used 0K [0x00000000d5c00000, 0x00000000da980000, 0x0000000100000000)
  eden space 58880K, 0% used [0x00000000d5c00000,0x00000000d5c00000,0x00000000d9580000)
  from space 10240K, 0% used [0x00000000d9580000,0x00000000d9580000,0x00000000d9f80000)
  to   space 9728K, 0% used [0x00000000d9f80000,0x00000000d9f80000,0x00000000da900000)
 ParOldGen       total 50176K, used 12920K [0x0000000081400000, 0x0000000084500000, 0x00000000d5c00000)
  object space 50176K, 25% used [0x0000000081400000,0x000000008209e2a8,0x0000000084500000)
 Metaspace       used 28558K, capacity 30219K, committed 30336K, reserved 1085440K
  class space    used 3802K, capacity 4143K, committed 4224K, reserved 1048576K
}
Event: 3.556 GC heap before
{Heap before GC invocations=17 (full 4):
 PSYoungGen      total 69120K, used 0K [0x00000000d5c00000, 0x00000000da980000, 0x0000000100000000)
  eden space 58880K, 0% used [0x00000000d5c00000,0x00000000d5c00000,0x00000000d9580000)
  from space 10240K, 0% used [0x00000000d9580000,0x00000000d9580000,0x00000000d9f80000)
  to   space 9728K, 0% used [0x00000000d9f80000,0x00000000d9f80000,0x00000000da900000)
 ParOldGen       total 50176K, used 12920K [0x0000000081400000, 0x0000000084500000, 0x00000000d5c00000)
  object space 50176K, 25% used [0x0000000081400000,0x000000008209e2a8,0x0000000084500000)
 Metaspace       used 28558K, capacity 30219K, committed 30336K, reserved 1085440K
  class space    used 3802K, capacity 4143K, committed 4224K, reserved 1048576K
Event: 3.609 GC heap after
Heap after GC invocations=17 (full 4):
 PSYoungGen      total 69120K, used 0K [0x00000000d5c00000, 0x00000000da980000, 0x0000000100000000)
  eden space 58880K, 0% used [0x00000000d5c00000,0x00000000d5c00000,0x00000000d9580000)
  from space 10240K, 0% used [0x00000000d9580000,0x00000000d9580000,0x00000000d9f80000)
  to   space 9728K, 0% used [0x00000000d9f80000,0x00000000d9f80000,0x00000000da900000)
 ParOldGen       total 50176K, used 10666K [0x0000000081400000, 0x0000000084500000, 0x00000000d5c00000)
  object space 50176K, 21% used [0x0000000081400000,0x0000000081e6aad8,0x0000000084500000)
 Metaspace       used 28357K, capacity 29893K, committed 30336K, reserved 1081344K
  class space    used 3770K, capacity 4084K, committed 4224K, reserved 1048576K
}

Deoptimization events (0 events):
No events

Internal exceptions (10 events):
Event: 3.263 Thread 0x000000000328e800 Exception <a 'java/lang/IncompatibleClassChangeError': Found class java.lang.Object, but interface was expected> (0x00000000d6747518) thrown at [C:\re\workspace\8-2-build-windows-amd64-cygwin\jdk8u131\8869\hotspot\src\share\vm\interpreter\linkResolver.cpp
Event: 3.263 Thread 0x000000000328e800 Exception <a 'java/lang/ArrayIndexOutOfBoundsException'> (0x00000000d674cca0) thrown at [C:\re\workspace\8-2-build-windows-amd64-cygwin\jdk8u131\8869\hotspot\src\share\vm\runtime\sharedRuntime.cpp, line 605]
Event: 3.263 Thread 0x000000000328e800 Exception <a 'java/lang/ArrayIndexOutOfBoundsException'> (0x00000000d6758f70) thrown at [C:\re\workspace\8-2-build-windows-amd64-cygwin\jdk8u131\8869\hotspot\src\share\vm\runtime\sharedRuntime.cpp, line 605]
Event: 3.265 Thread 0x000000000328e800 Exception <a 'java/lang/NoSuchMethodError': java.lang.Object.lambda$and$0(Ljava/util/function/Predicate;Ljava/lang/Object;)Z> (0x00000000d678f410) thrown at [C:\re\workspace\8-2-build-windows-amd64-cygwin\jdk8u131\8869\hotspot\src\share\vm\interpreter\lin
Event: 3.272 Thread 0x000000000328e800 Exception <a 'java/lang/ArrayIndexOutOfBoundsException'> (0x00000000d6852a28) thrown at [C:\re\workspace\8-2-build-windows-amd64-cygwin\jdk8u131\8869\hotspot\src\share\vm\runtime\sharedRuntime.cpp, line 605]
Event: 3.295 Thread 0x000000000328e800 Exception <a 'java/lang/ArrayIndexOutOfBoundsException'> (0x00000000d6ba65d8) thrown at [C:\re\workspace\8-2-build-windows-amd64-cygwin\jdk8u131\8869\hotspot\src\share\vm\runtime\sharedRuntime.cpp, line 605]
Event: 3.295 Thread 0x000000000328e800 Exception <a 'java/lang/ArrayIndexOutOfBoundsException'> (0x00000000d6ba7920) thrown at [C:\re\workspace\8-2-build-windows-amd64-cygwin\jdk8u131\8869\hotspot\src\share\vm\runtime\sharedRuntime.cpp, line 605]
Event: 3.295 Thread 0x000000000328e800 Exception <a 'java/lang/ArrayIndexOutOfBoundsException'> (0x00000000d6ba9168) thrown at [C:\re\workspace\8-2-build-windows-amd64-cygwin\jdk8u131\8869\hotspot\src\share\vm\runtime\sharedRuntime.cpp, line 605]
Event: 3.413 Thread 0x000000001b13e000 Exception <a 'java/lang/reflect/InvocationTargetException'> (0x00000000d62bd3a0) thrown at [C:\re\workspace\8-2-build-windows-amd64-cygwin\jdk8u131\8869\hotspot\src\share\vm\runtime\reflection.cpp, line 1092]
Event: 3.493 Thread 0x000000000328e800 Exception <a 'java/lang/OutOfMemoryError'> (0x00000000d76b8028) thrown at [C:\re\workspace\8-2-build-windows-amd64-cygwin\jdk8u131\8869\hotspot\src\share\vm\prims\jni.cpp, line 735]

Events (10 events):
Event: 3.501 loading class com/mysql/cj/jdbc/AbandonedConnectionCleanupThread done
Event: 3.502 loading class java/util/concurrent/Executors$FinalizableDelegatedExecutorService
Event: 3.502 Executing VM operation: CollectForMetadataAllocation
Event: 3.609 Executing VM operation: CollectForMetadataAllocation done
Event: 3.609 loading class java/util/concurrent/Executors$DelegatedExecutorService
Event: 3.609 loading class java/util/concurrent/Executors$DelegatedExecutorService done
Event: 3.609 loading class java/util/concurrent/Executors$FinalizableDelegatedExecutorService done
Event: 3.609 Thread 0x000000001ba08000 Thread added: 0x000000001ba08000
Event: 3.609 loading class java/sql/DriverInfo
Event: 3.609 loading class java/sql/DriverInfo done


Dynamic libraries:
0x00007ff679280000 - 0x00007ff6792b7000 	C:\Program Files\Java\jdk1.8.0_131\bin\java.exe
0x00007fffe4680000 - 0x00007fffe486d000 	C:\Windows\SYSTEM32\ntdll.dll
0x00007fffe1ed0000 - 0x00007fffe1f83000 	C:\Windows\System32\KERNEL32.DLL
0x00007fffe1470000 - 0x00007fffe1703000 	C:\Windows\System32\KERNELBASE.dll
0x00007fffe3bb0000 - 0x00007fffe3c53000 	C:\Windows\System32\ADVAPI32.DLL
0x00007fffe23f0000 - 0x00007fffe248e000 	C:\Windows\System32\msvcrt.dll
0x00007fffe2350000 - 0x00007fffe23ee000 	C:\Windows\System32\sechost.dll
0x00007fffe2220000 - 0x00007fffe2342000 	C:\Windows\System32\RPCRT4.dll
0x00007fffe4450000 - 0x00007fffe45e7000 	C:\Windows\System32\USER32.dll
0x00007fffe0bb0000 - 0x00007fffe0bd0000 	C:\Windows\System32\win32u.dll
0x00007fffe1ea0000 - 0x00007fffe1ec9000 	C:\Windows\System32\GDI32.dll
0x00007fffe1710000 - 0x00007fffe18aa000 	C:\Windows\System32\gdi32full.dll
0x00007fffe0a10000 - 0x00007fffe0ab0000 	C:\Windows\System32\msvcp_win.dll
0x00007fffe0ab0000 - 0x00007fffe0bac000 	C:\Windows\System32\ucrtbase.dll
0x00007fffce7d0000 - 0x00007fffcea49000 	C:\Windows\WinSxS\amd64_microsoft.windows.common-controls_6595b64144ccf1df_6.0.17763.316_none_05b53be2071f46b6\COMCTL32.dll
0x00007fffe18b0000 - 0x00007fffe1bdd000 	C:\Windows\System32\combase.dll
0x00007fffe0bd0000 - 0x00007fffe0c4e000 	C:\Windows\System32\bcryptPrimitives.dll
0x00007fffe1be0000 - 0x00007fffe1c0e000 	C:\Windows\System32\IMM32.DLL
0x0000000073060000 - 0x0000000073132000 	C:\Program Files\Java\jdk1.8.0_131\jre\bin\msvcr100.dll
0x00000000739a0000 - 0x000000007423c000 	C:\Program Files\Java\jdk1.8.0_131\jre\bin\server\jvm.dll
0x00007fffe3ec0000 - 0x00007fffe3ec8000 	C:\Windows\System32\PSAPI.DLL
0x00007fffd09a0000 - 0x00007fffd09a9000 	C:\Windows\SYSTEM32\WSOCK32.dll
0x00007fffe1f90000 - 0x00007fffe1ffd000 	C:\Windows\System32\WS2_32.dll
0x00007fffd1d20000 - 0x00007fffd1d2a000 	C:\Windows\SYSTEM32\VERSION.dll
0x00007fffde870000 - 0x00007fffde894000 	C:\Windows\SYSTEM32\WINMM.dll
0x00007fffde840000 - 0x00007fffde86d000 	C:\Windows\SYSTEM32\WINMMBASE.dll
0x00007fffe0750000 - 0x00007fffe079a000 	C:\Windows\System32\cfgmgr32.dll
0x00000000738b0000 - 0x00000000738bf000 	C:\Program Files\Java\jdk1.8.0_131\jre\bin\verify.dll
0x0000000073880000 - 0x00000000738a9000 	C:\Program Files\Java\jdk1.8.0_131\jre\bin\java.dll
0x0000000073850000 - 0x0000000073873000 	C:\Program Files\Java\jdk1.8.0_131\jre\bin\instrument.dll
0x0000000073830000 - 0x0000000073846000 	C:\Program Files\Java\jdk1.8.0_131\jre\bin\zip.dll
0x00007fffe26c0000 - 0x00007fffe3baf000 	C:\Windows\System32\SHELL32.dll
0x00007fffe3e10000 - 0x00007fffe3eb8000 	C:\Windows\System32\shcore.dll
0x00007fffe0c50000 - 0x00007fffe139a000 	C:\Windows\System32\windows.storage.dll
0x00007fffe06a0000 - 0x00007fffe06c4000 	C:\Windows\System32\profapi.dll
0x00007fffe06f0000 - 0x00007fffe074d000 	C:\Windows\System32\powrprof.dll
0x00007fffe3c60000 - 0x00007fffe3cb2000 	C:\Windows\System32\shlwapi.dll
0x00007fffe0680000 - 0x00007fffe0691000 	C:\Windows\System32\kernel.appcore.dll
0x00007fffe13a0000 - 0x00007fffe13b7000 	C:\Windows\System32\cryptsp.dll
0x00007fffdc780000 - 0x00007fffdc79a000 	D:\idea\IntelliJ IDEA 2019.2.2\bin\breakgen64.dll
0x00000000737e0000 - 0x00000000737fa000 	C:\Program Files\Java\jdk1.8.0_131\jre\bin\net.dll
0x00007fffdff10000 - 0x00007fffdff77000 	C:\Windows\system32\mswsock.dll
0x00007fffdfcb0000 - 0x00007fffdfd76000 	C:\Windows\SYSTEM32\DNSAPI.dll
0x00007fffe3df0000 - 0x00007fffe3df8000 	C:\Windows\System32\NSI.dll
0x00007fffdfc70000 - 0x00007fffdfcad000 	C:\Windows\SYSTEM32\IPHLPAPI.DLL
0x00007fffd60c0000 - 0x00007fffd60ca000 	C:\Windows\System32\rasadhlp.dll
0x00007fffd8820000 - 0x00007fffd8899000 	C:\Windows\System32\fwpuclnt.dll
0x00007fffe0800000 - 0x00007fffe0826000 	C:\Windows\System32\bcrypt.dll
0x0000000073440000 - 0x000000007344d000 	C:\Program Files\Java\jdk1.8.0_131\jre\bin\management.dll
0x00000000737c0000 - 0x00000000737d1000 	C:\Program Files\Java\jdk1.8.0_131\jre\bin\nio.dll
0x00007fffdfad0000 - 0x00007fffdfb03000 	C:\Windows\system32\rsaenh.dll
0x00007fffe05b0000 - 0x00007fffe05d8000 	C:\Windows\SYSTEM32\USERENV.dll
0x00007fffe00e0000 - 0x00007fffe00ec000 	C:\Windows\SYSTEM32\CRYPTBASE.dll
0x00007fffda930000 - 0x00007fffda946000 	C:\Windows\SYSTEM32\dhcpcsvc6.DLL
0x00007fffda910000 - 0x00007fffda92c000 	C:\Windows\SYSTEM32\dhcpcsvc.DLL
0x00007fffcef20000 - 0x00007fffcef36000 	C:\Windows\system32\napinsp.dll
0x00007fffcef00000 - 0x00007fffcef1a000 	C:\Windows\system32\pnrpnsp.dll
0x00007fffd0ef0000 - 0x00007fffd0efe000 	C:\Windows\System32\winrnr.dll
0x00007fffde160000 - 0x00007fffde17b000 	C:\Windows\system32\NLAapi.dll
0x00007fffda950000 - 0x00007fffda965000 	C:\Windows\system32\wshbth.dll

VM Arguments:
jvm_args: -XX:TieredStopAtLevel=1 -Xverify:none -Dspring.output.ansi.enabled=always -Dcom.sun.management.jmxremote -Dspring.jmx.enabled=true -Dspring.liveBeansView.mbeanDomain -Dspring.application.admin.enabled=true -javaagent:D:\idea\IntelliJ IDEA 2019.2.2\lib\idea_rt.jar=57781:D:\idea\IntelliJ IDEA 2019.2.2\bin -Dfile.encoding=UTF-8 
java_command: com.example.car.CarApplication
java_class_path (initial): C:\Program Files\Java\jdk1.8.0_131\jre\lib\charsets.jar;C:\Program Files\Java\jdk1.8.0_131\jre\lib\deploy.jar;C:\Program Files\Java\jdk1.8.0_131\jre\lib\ext\access-bridge-64.jar;C:\Program Files\Java\jdk1.8.0_131\jre\lib\ext\cldrdata.jar;C:\Program Files\Java\jdk1.8.0_131\jre\lib\ext\dnsns.jar;C:\Program Files\Java\jdk1.8.0_131\jre\lib\ext\jaccess.jar;C:\Program Files\Java\jdk1.8.0_131\jre\lib\ext\jfxrt.jar;C:\Program Files\Java\jdk1.8.0_131\jre\lib\ext\localedata.jar;C:\Program Files\Java\jdk1.8.0_131\jre\lib\ext\nashorn.jar;C:\Program Files\Java\jdk1.8.0_131\jre\lib\ext\sunec.jar;C:\Program Files\Java\jdk1.8.0_131\jre\lib\ext\sunjce_provider.jar;C:\Program Files\Java\jdk1.8.0_131\jre\lib\ext\sunmscapi.jar;C:\Program Files\Java\jdk1.8.0_131\jre\lib\ext\sunpkcs11.jar;C:\Program Files\Java\jdk1.8.0_131\jre\lib\ext\zipfs.jar;C:\Program Files\Java\jdk1.8.0_131\jre\lib\javaws.jar;C:\Program Files\Java\jdk1.8.0_131\jre\lib\jce.jar;C:\Program Files\Java\jdk1.8.0_131\jre\lib\jfr.jar;C:\Program Files\Java\jdk1.8.0_131\jre\lib\jfxswt.jar;C:\Program Files\Java\jdk1.8.0_131\jre\lib\jsse.jar;C:\Program Files\Java\jdk1.8.0_131\jre\lib\management-agent.jar;C:\Program Files\Java\jdk1.8.0_131\jre\lib\plugin.jar;C:\Program Files\Java\jdk1.8.0_131\jre\lib\resources.jar;C:\Program Files\Java\jdk1.8.0_131\jre\lib\rt.jar;D:\project\car_manage\target\classes;C:\Users\Administrator\.m2\repository\org\springframework\boot\spring-boot-starter-web\2.3.1.RELEASE\spring-boot-starter-web-2.3.1.RELEASE.jar;C:\Users\Administrator\.m2\repository\org\springframework\boot\spring-boot-starter\2.3.1.RELEASE\spring-boot-starter-2.3.1.RELEASE.jar;C:\Users\Administrator\.m2\repository\org\springframework\boot\spring-boot-starter-logging\2.3.1.RELEASE\spring-boot-starter-logging-2.3.1.RELEASE.jar;C:\Users\Administrator\.m2\repository\ch\qos\logback\logback-classic\1.2.3\logback-classic-1.2.3.jar;C:\Users\Administrator\.m2\repository\ch\qos\logback\logback-core\1.2.3\logback-co
Launcher Type: SUN_STANDARD

Environment Variables:
JAVA_HOME=C:\Program Files\Java\jdk1.8.0_131
PATH=C:\Python38\Scripts\;C:\Python38\;C:\ProgramData\Oracle\Java\javapath;D:\Xftp\;D:\新建文件夹\;%Sys;emRoot%\system32;C:\Windows;C:\Windows\System32\Wbem;C:\Windows\System32\WindowsPowerShell\v1.0\;C:\Windows\System32\OpenSSH\;C:\Program Files\MySQL\MySQL Utilities 1.6\;C:\Go\bin;D:\git\Git\cmd;D:\nodejs\;C:\ProgramData\chocolatey\bin;C:\Users\Administrator\scoop\shims;C:\Users\Administrator\AppData\Local\Microsoft\WindowsApps;D:\vscode\Microsoft VS Code\bin;C:\Program Files\Java\jdk1.8.0_131\bin;C:\Program Files\Java\jdk1.8.0_131\bin;D:\idea\IntelliJ IDEA 2019.2.2\bin;;C:\Go\bin;C:\Users\Administrator\go\bin;C:\Windows\System32;C:\Users\Administrator\AppData\Roaming\npm;D:\nodejs\node_global;
USERNAME=Administrator
OS=Windows_NT
PROCESSOR_IDENTIFIER=Intel64 Family 6 Model 158 Stepping 11, GenuineIntel



---------------  S Y S T E M  ---------------

OS: Windows 10.0 , 64 bit Build 17763 (10.0.17763.292)

CPU:total 4 (initial active 4) (4 cores per cpu, 1 threads per core) family 6 model 158 stepping 11, cmov, cx8, fxsr, mmx, sse, sse2, sse3, ssse3, sse4.1, sse4.2, popcnt, avx, avx2, aes, clmul, erms, 3dnowpref, lzcnt, tsc, tscinvbit, bmi1, bmi2, adx

Memory: 4k page, physical 8304760k(1949944k free), swap 10401912k(812k free)

vm_info: Java HotSpot(TM) 64-Bit Server VM (25.131-b11) for windows-amd64 JRE (1.8.0_131-b11), built on Mar 15 2017 01:23:53 by "java_re" with MS VC++ 10.0 (VS2010)

time: Fri Jul 24 17:59:44 2020
elapsed time: 3 seconds (0d 0h 0m 3s)

