#
# There is insufficient memory for the Java Runtime Environment to continue.
# Native memory allocation (malloc) failed to allocate 877616 bytes for Chunk::new
# Possible reasons:
#   The system is out of physical RAM or swap space
#   In 32 bit mode, the process size limit was hit
# Possible solutions:
#   Reduce memory load on the system
#   Increase physical memory or swap space
#   Check if swap backing store is full
#   Use 64 bit Java on a 64 bit OS
#   Decrease Java heap size (-Xmx/-Xms)
#   Decrease number of Java threads
#   Decrease Java thread stack sizes (-Xss)
#   Set larger code cache with -XX:ReservedCodeCacheSize=
# This output file may be truncated or incomplete.
#
#  Out of Memory Error (allocation.cpp:390), pid=12584, tid=0x000000000000112c
#
# JRE version: Java(TM) SE Runtime Environment (8.0_131-b11) (build 1.8.0_131-b11)
# Java VM: Java HotSpot(TM) 64-Bit Server VM (25.131-b11 mixed mode windows-amd64 compressed oops)
# Failed to write core dump. Minidumps are not enabled by default on client versions of Windows
#

---------------  T H R E A D  ---------------

Current thread (0x000000001792d800):  JavaThread "C2 CompilerThread0" daemon [_thread_in_native, id=4396, stack(0x00000000192e0000,0x00000000193e0000)]

Stack: [0x00000000192e0000,0x00000000193e0000]
[error occurred during error reporting (printing stack bounds), id 0xc0000005]

Native frames: (J=compiled Java code, j=interpreted, Vv=VM code, C=native code)


Current CompileTask:
C2:   3443 3695       4       org.springframework.core.ResolvableType::as (86 bytes)


---------------  P R O C E S S  ---------------

Java Threads: ( => current thread )
  0x0000000018cea000 JavaThread "mysql-cj-abandoned-connection-cleanup" daemon [_thread_blocked, id=9368, stack(0x0000000030390000,0x0000000030490000)]
  0x0000000018f0b000 JavaThread "surefire-forkedjvm-ping-30s" daemon [_thread_blocked, id=13716, stack(0x00000000198e0000,0x00000000199e0000)]
  0x0000000018e7f800 JavaThread "surefire-forkedjvm-command-thread" daemon [_thread_in_native, id=14620, stack(0x00000000197e0000,0x00000000198e0000)]
  0x0000000018d69800 JavaThread "Service Thread" daemon [_thread_blocked, id=15084, stack(0x00000000195e0000,0x00000000196e0000)]
  0x0000000018cee000 JavaThread "C1 CompilerThread2" daemon [_thread_blocked, id=8376, stack(0x00000000194e0000,0x00000000195e0000)]
  0x0000000018cea800 JavaThread "C2 CompilerThread1" daemon [_thread_in_native, id=12988, stack(0x00000000193e0000,0x00000000194e0000)]
=>0x000000001792d800 JavaThread "C2 CompilerThread0" daemon [_thread_in_native, id=4396, stack(0x00000000192e0000,0x00000000193e0000)]
  0x0000000017979800 JavaThread "Attach Listener" daemon [_thread_blocked, id=16404, stack(0x00000000191e0000,0x00000000192e0000)]
  0x0000000018ce8800 JavaThread "Signal Dispatcher" daemon [_thread_blocked, id=13236, stack(0x00000000190e0000,0x00000000191e0000)]
  0x000000001790a800 JavaThread "Finalizer" daemon [_thread_blocked, id=5576, stack(0x0000000018b80000,0x0000000018c80000)]
  0x0000000002d6f000 JavaThread "Reference Handler" daemon [_thread_blocked, id=12484, stack(0x0000000018a80000,0x0000000018b80000)]
  0x0000000002c81000 JavaThread "main" [_thread_in_Java, id=9872, stack(0x0000000002b80000,0x0000000002c80000)]

Other Threads:
  0x00000000178e6800 VMThread [stack: 0x0000000018980000,0x0000000018a80000] [id=2136]
  0x0000000018dcb000 WatcherThread [stack: 0x00000000196e0000,0x00000000197e0000] [id=4120]

VM state:not at safepoint (normal execution)

VM Mutex/Monitor currently owned by a thread: None

Heap:
 PSYoungGen      total 211968K, used 79504K [0x00000000d5c00000, 0x00000000e8c80000, 0x0000000100000000)
  eden space 202752K, 39% used [0x00000000d5c00000,0x00000000da9a43a8,0x00000000e2200000)
  from space 9216K, 0% used [0x00000000e2200000,0x00000000e2200000,0x00000000e2b00000)
  to   space 12288K, 0% used [0x00000000e8080000,0x00000000e8080000,0x00000000e8c80000)
 ParOldGen       total 49152K, used 18759K [0x0000000081400000, 0x0000000084400000, 0x00000000d5c00000)
  object space 49152K, 38% used [0x0000000081400000,0x0000000082651ef8,0x0000000084400000)
 Metaspace       used 38982K, capacity 41312K, committed 41552K, reserved 1085440K
  class space    used 5079K, capacity 5476K, committed 5500K, reserved 1048576K

Card table byte_map: [0x0000000012140000,0x0000000012540000] byte_map_base: 0x0000000011d36000

Marking Bits: (ParMarkBitMap*) 0x000000005662c720
 Begin Bits: [0x0000000012bf0000, 0x0000000014ba0000)
 End Bits:   [0x0000000014ba0000, 0x0000000016b50000)

Polling page: 0x0000000000b10000

CodeCache: size=245760Kb used=13787Kb max_used=13787Kb free=231972Kb
 bounds [0x0000000002d80000, 0x0000000003b00000, 0x0000000011d80000]
 total_blobs=4348 nmethods=3900 adapters=360
 compilation: enabled

Compilation events (10 events):
Event: 3.434 Thread 0x0000000018cee000 3908       3       org.springframework.boot.context.properties.bind.Binder::containsNoDescendantOf (48 bytes)
Event: 3.434 Thread 0x0000000018cee000 nmethod 3908 0x0000000003afd7d0 code [0x0000000003afd980, 0x0000000003afdfd8]
Event: 3.439 Thread 0x0000000018cee000 3909       3       org.springframework.core.BridgeMethodResolver$$Lambda$518/1960554990::matches (9 bytes)
Event: 3.439 Thread 0x0000000018cee000 nmethod 3909 0x0000000003afe1d0 code [0x0000000003afe340, 0x0000000003afe528]
Event: 3.439 Thread 0x0000000018cee000 3912       3       sun.reflect.generics.visitor.Reifier::reifyTypeArguments (38 bytes)
Event: 3.439 Thread 0x0000000018cee000 nmethod 3912 0x0000000003afe610 code [0x0000000003afe7a0, 0x0000000003afec88]
Event: 3.439 Thread 0x0000000018cee000 3910       3       org.springframework.core.BridgeMethodResolver::lambda$findBridgedMethod$0 (6 bytes)
Event: 3.439 Thread 0x0000000018cee000 nmethod 3910 0x0000000003afee50 code [0x0000000003afefc0, 0x0000000003aff128]
Event: 3.442 Thread 0x0000000018cee000 3913       3       java.util.regex.Pattern$Node::study (21 bytes)
Event: 3.442 Thread 0x0000000018cee000 nmethod 3913 0x0000000003aff1d0 code [0x0000000003aff340, 0x0000000003aff5a8]

GC Heap History (10 events):
Event: 1.524 GC heap before
{Heap before GC invocations=7 (full 1):
 PSYoungGen      total 71680K, used 66560K [0x00000000d5c00000, 0x00000000df000000, 0x0000000100000000)
  eden space 66560K, 100% used [0x00000000d5c00000,0x00000000d9d00000,0x00000000d9d00000)
  from space 5120K, 0% used [0x00000000d9d00000,0x00000000d9d00000,0x00000000da200000)
  to   space 9216K, 0% used [0x00000000de700000,0x00000000de700000,0x00000000df000000)
 ParOldGen       total 49152K, used 4866K [0x0000000081400000, 0x0000000084400000, 0x00000000d5c00000)
  object space 49152K, 9% used [0x0000000081400000,0x00000000818c09f8,0x0000000084400000)
 Metaspace       used 23000K, capacity 24476K, committed 24572K, reserved 1071104K
  class space    used 2957K, capacity 3252K, committed 3324K, reserved 1048576K
Event: 1.528 GC heap after
Heap after GC invocations=7 (full 1):
 PSYoungGen      total 122368K, used 4931K [0x00000000d5c00000, 0x00000000dec00000, 0x0000000100000000)
  eden space 117248K, 0% used [0x00000000d5c00000,0x00000000d5c00000,0x00000000dce80000)
  from space 5120K, 96% used [0x00000000de700000,0x00000000debd0cc0,0x00000000dec00000)
  to   space 9216K, 0% used [0x00000000dda00000,0x00000000dda00000,0x00000000de300000)
 ParOldGen       total 49152K, used 4874K [0x0000000081400000, 0x0000000084400000, 0x00000000d5c00000)
  object space 49152K, 9% used [0x0000000081400000,0x00000000818c29f8,0x0000000084400000)
 Metaspace       used 23000K, capacity 24476K, committed 24572K, reserved 1071104K
  class space    used 2957K, capacity 3252K, committed 3324K, reserved 1048576K
}
Event: 1.667 GC heap before
{Heap before GC invocations=8 (full 1):
 PSYoungGen      total 122368K, used 122179K [0x00000000d5c00000, 0x00000000dec00000, 0x0000000100000000)
  eden space 117248K, 100% used [0x00000000d5c00000,0x00000000dce80000,0x00000000dce80000)
  from space 5120K, 96% used [0x00000000de700000,0x00000000debd0cc0,0x00000000dec00000)
  to   space 9216K, 0% used [0x00000000dda00000,0x00000000dda00000,0x00000000de300000)
 ParOldGen       total 49152K, used 4874K [0x0000000081400000, 0x0000000084400000, 0x00000000d5c00000)
  object space 49152K, 9% used [0x0000000081400000,0x00000000818c29f8,0x0000000084400000)
 Metaspace       used 24156K, capacity 25704K, committed 25980K, reserved 1071104K
  class space    used 3058K, capacity 3362K, committed 3452K, reserved 1048576K
Event: 1.670 GC heap after
Heap after GC invocations=8 (full 1):
 PSYoungGen      total 138240K, used 4090K [0x00000000d5c00000, 0x00000000e3400000, 0x0000000100000000)
  eden space 129024K, 0% used [0x00000000d5c00000,0x00000000d5c00000,0x00000000dda00000)
  from space 9216K, 44% used [0x00000000dda00000,0x00000000dddfe868,0x00000000de300000)
  to   space 9216K, 0% used [0x00000000e2b00000,0x00000000e2b00000,0x00000000e3400000)
 ParOldGen       total 49152K, used 4882K [0x0000000081400000, 0x0000000084400000, 0x00000000d5c00000)
  object space 49152K, 9% used [0x0000000081400000,0x00000000818c49f8,0x0000000084400000)
 Metaspace       used 24156K, capacity 25704K, committed 25980K, reserved 1071104K
  class space    used 3058K, capacity 3362K, committed 3452K, reserved 1048576K
}
Event: 1.774 GC heap before
{Heap before GC invocations=9 (full 1):
 PSYoungGen      total 138240K, used 133114K [0x00000000d5c00000, 0x00000000e3400000, 0x0000000100000000)
  eden space 129024K, 100% used [0x00000000d5c00000,0x00000000dda00000,0x00000000dda00000)
  from space 9216K, 44% used [0x00000000dda00000,0x00000000dddfe868,0x00000000de300000)
  to   space 9216K, 0% used [0x00000000e2b00000,0x00000000e2b00000,0x00000000e3400000)
 ParOldGen       total 49152K, used 4882K [0x0000000081400000, 0x0000000084400000, 0x00000000d5c00000)
  object space 49152K, 9% used [0x0000000081400000,0x00000000818c49f8,0x0000000084400000)
 Metaspace       used 24463K, capacity 26030K, committed 26236K, reserved 1073152K
  class space    used 3088K, capacity 3403K, committed 3452K, reserved 1048576K
Event: 1.779 GC heap after
Heap after GC invocations=9 (full 1):
 PSYoungGen      total 211968K, used 3862K [0x00000000d5c00000, 0x00000000e4880000, 0x0000000100000000)
  eden space 202752K, 0% used [0x00000000d5c00000,0x00000000d5c00000,0x00000000e2200000)
  from space 9216K, 41% used [0x00000000e2b00000,0x00000000e2ec59b0,0x00000000e3400000)
  to   space 9216K, 0% used [0x00000000e2200000,0x00000000e2200000,0x00000000e2b00000)
 ParOldGen       total 49152K, used 4882K [0x0000000081400000, 0x0000000084400000, 0x00000000d5c00000)
  object space 49152K, 9% used [0x0000000081400000,0x00000000818c49f8,0x0000000084400000)
 Metaspace       used 24463K, capacity 26030K, committed 26236K, reserved 1073152K
  class space    used 3088K, capacity 3403K, committed 3452K, reserved 1048576K
}
Event: 2.931 GC heap before
{Heap before GC invocations=10 (full 1):
 PSYoungGen      total 211968K, used 191866K [0x00000000d5c00000, 0x00000000e4880000, 0x0000000100000000)
  eden space 202752K, 92% used [0x00000000d5c00000,0x00000000e1398ec8,0x00000000e2200000)
  from space 9216K, 41% used [0x00000000e2b00000,0x00000000e2ec59b0,0x00000000e3400000)
  to   space 9216K, 0% used [0x00000000e2200000,0x00000000e2200000,0x00000000e2b00000)
 ParOldGen       total 49152K, used 4882K [0x0000000081400000, 0x0000000084400000, 0x00000000d5c00000)
  object space 49152K, 9% used [0x0000000081400000,0x00000000818c49f8,0x0000000084400000)
 Metaspace       used 34067K, capacity 35904K, committed 36048K, reserved 1081344K
  class space    used 4430K, capacity 4776K, committed 4860K, reserved 1048576K
Event: 2.944 GC heap after
Heap after GC invocations=10 (full 1):
 PSYoungGen      total 211968K, used 9196K [0x00000000d5c00000, 0x00000000e8c80000, 0x0000000100000000)
  eden space 202752K, 0% used [0x00000000d5c00000,0x00000000d5c00000,0x00000000e2200000)
  from space 9216K, 99% used [0x00000000e2200000,0x00000000e2afb2a8,0x00000000e2b00000)
  to   space 12288K, 0% used [0x00000000e8080000,0x00000000e8080000,0x00000000e8c80000)
 ParOldGen       total 49152K, used 10396K [0x0000000081400000, 0x0000000084400000, 0x00000000d5c00000)
  object space 49152K, 21% used [0x0000000081400000,0x0000000081e27220,0x0000000084400000)
 Metaspace       used 34067K, capacity 35904K, committed 36048K, reserved 1081344K
  class space    used 4430K, capacity 4776K, committed 4860K, reserved 1048576K
}
Event: 2.944 GC heap before
{Heap before GC invocations=11 (full 2):
 PSYoungGen      total 211968K, used 9196K [0x00000000d5c00000, 0x00000000e8c80000, 0x0000000100000000)
  eden space 202752K, 0% used [0x00000000d5c00000,0x00000000d5c00000,0x00000000e2200000)
  from space 9216K, 99% used [0x00000000e2200000,0x00000000e2afb2a8,0x00000000e2b00000)
  to   space 12288K, 0% used [0x00000000e8080000,0x00000000e8080000,0x00000000e8c80000)
 ParOldGen       total 49152K, used 10396K [0x0000000081400000, 0x0000000084400000, 0x00000000d5c00000)
  object space 49152K, 21% used [0x0000000081400000,0x0000000081e27220,0x0000000084400000)
 Metaspace       used 34067K, capacity 35904K, committed 36048K, reserved 1081344K
  class space    used 4430K, capacity 4776K, committed 4860K, reserved 1048576K
Event: 3.010 GC heap after
Heap after GC invocations=11 (full 2):
 PSYoungGen      total 211968K, used 0K [0x00000000d5c00000, 0x00000000e8c80000, 0x0000000100000000)
  eden space 202752K, 0% used [0x00000000d5c00000,0x00000000d5c00000,0x00000000e2200000)
  from space 9216K, 0% used [0x00000000e2200000,0x00000000e2200000,0x00000000e2b00000)
  to   space 12288K, 0% used [0x00000000e8080000,0x00000000e8080000,0x00000000e8c80000)
 ParOldGen       total 49152K, used 18759K [0x0000000081400000, 0x0000000084400000, 0x00000000d5c00000)
  object space 49152K, 38% used [0x0000000081400000,0x0000000082651ef8,0x0000000084400000)
 Metaspace       used 34067K, capacity 35904K, committed 36048K, reserved 1081344K
  class space    used 4430K, capacity 4776K, committed 4860K, reserved 1048576K
}

Deoptimization events (10 events):
Event: 3.014 Thread 0x0000000002c81000 Uncommon trap: reason=unstable_if action=reinterpret pc=0x0000000003054ca8 method=java.lang.AbstractStringBuilder.append(Ljava/lang/String;)Ljava/lang/AbstractStringBuilder; @ 1
Event: 3.018 Thread 0x0000000002c81000 Uncommon trap: reason=class_check action=maybe_recompile pc=0x000000000374405c method=java.util.concurrent.ConcurrentHashMap.putVal(Ljava/lang/Object;Ljava/lang/Object;Z)Ljava/lang/Object; @ 192
Event: 3.019 Thread 0x0000000002c81000 Uncommon trap: reason=class_check action=maybe_recompile pc=0x000000000374405c method=java.util.concurrent.ConcurrentHashMap.putVal(Ljava/lang/Object;Ljava/lang/Object;Z)Ljava/lang/Object; @ 192
Event: 3.019 Thread 0x0000000002c81000 Uncommon trap: reason=unstable_if action=reinterpret pc=0x00000000038fb520 method=org.springframework.beans.factory.support.AbstractBeanFactory.isTypeMatch(Ljava/lang/String;Lorg/springframework/core/ResolvableType;Z)Z @ 581
Event: 3.037 Thread 0x0000000002c81000 Uncommon trap: reason=unstable_if action=reinterpret pc=0x00000000035125bc method=java.lang.Class.arrayContentsEq([Ljava/lang/Object;[Ljava/lang/Object;)Z @ 57
Event: 3.087 Thread 0x0000000002c81000 Uncommon trap: reason=unstable_if action=reinterpret pc=0x0000000002ffcf48 method=java.lang.AbstractStringBuilder.append(Ljava/lang/String;)Ljava/lang/AbstractStringBuilder; @ 1
Event: 3.209 Thread 0x0000000002c81000 Uncommon trap: reason=unstable_if action=reinterpret pc=0x000000000380f93c method=java.util.concurrent.ConcurrentHashMap.get(Ljava/lang/Object;)Ljava/lang/Object; @ 152
Event: 3.236 Thread 0x0000000002c81000 Uncommon trap: reason=unstable_if action=reinterpret pc=0x00000000039b452c method=org.springframework.aop.framework.autoproxy.AbstractAutoProxyCreator.predictBeanType(Ljava/lang/Class;Ljava/lang/String;)Ljava/lang/Class; @ 9
Event: 3.325 Thread 0x0000000002c81000 Uncommon trap: reason=unstable_if action=reinterpret pc=0x000000000334fbdc method=java.util.Properties$LineReader.readLine()I @ 200
Event: 3.328 Thread 0x0000000002c81000 Uncommon trap: reason=unstable_if action=reinterpret pc=0x000000000334d0bc method=java.io.WinNTFileSystem.isLetter(C)Z @ 3

Internal exceptions (10 events):
Event: 3.431 Thread 0x0000000002c81000 Exception <a 'java/lang/ClassNotFoundException': org/springframework/boot/autoconfigure/web/servlet/MultipartPropertiesCustomizer> (0x00000000da671560) thrown at [C:\re\workspace\8-2-build-windows-amd64-cygwin\jdk8u131\8869\hotspot\src\share\vm\classfile\
Event: 3.435 Thread 0x0000000002c81000 Exception <a 'java/lang/ClassNotFoundException': java/lang/ObjectCustomizer> (0x00000000da700880) thrown at [C:\re\workspace\8-2-build-windows-amd64-cygwin\jdk8u131\8869\hotspot\src\share\vm\classfile\systemDictionary.cpp, line 210]
Event: 3.435 Thread 0x0000000002c81000 Exception <a 'java/lang/ClassNotFoundException': org/springframework/boot/autoconfigure/web/servlet/MultipartAutoConfigurationCustomizer> (0x00000000da7312a0) thrown at [C:\re\workspace\8-2-build-windows-amd64-cygwin\jdk8u131\8869\hotspot\src\share\vm\cla
Event: 3.437 Thread 0x0000000002c81000 Exception <a 'java/lang/ClassNotFoundException': java/lang/ObjectCustomizer> (0x00000000da75bc50) thrown at [C:\re\workspace\8-2-build-windows-amd64-cygwin\jdk8u131\8869\hotspot\src\share\vm\classfile\systemDictionary.cpp, line 210]
Event: 3.438 Thread 0x0000000002c81000 Exception <a 'java/lang/ClassNotFoundException': javax/servlet/MultipartConfigElementCustomizer> (0x00000000da77c3a8) thrown at [C:\re\workspace\8-2-build-windows-amd64-cygwin\jdk8u131\8869\hotspot\src\share\vm\classfile\systemDictionary.cpp, line 210]
Event: 3.439 Thread 0x0000000002c81000 Exception <a 'java/lang/ClassNotFoundException': java/lang/ObjectCustomizer> (0x00000000da7a3680) thrown at [C:\re\workspace\8-2-build-windows-amd64-cygwin\jdk8u131\8869\hotspot\src\share\vm\classfile\systemDictionary.cpp, line 210]
Event: 3.440 Thread 0x0000000002c81000 Exception <a 'java/lang/ClassNotFoundException': org/springframework/boot/web/servlet/RegistrationBeanCustomizer> (0x00000000da7caaf0) thrown at [C:\re\workspace\8-2-build-windows-amd64-cygwin\jdk8u131\8869\hotspot\src\share\vm\classfile\systemDictionary.
Event: 3.440 Thread 0x0000000002c81000 Exception <a 'java/lang/ClassNotFoundException': org/springframework/boot/web/servlet/DynamicRegistrationBeanCustomizer> (0x00000000da7f7290) thrown at [C:\re\workspace\8-2-build-windows-amd64-cygwin\jdk8u131\8869\hotspot\src\share\vm\classfile\systemDict
Event: 3.441 Thread 0x0000000002c81000 Exception <a 'java/lang/ClassNotFoundException': org/springframework/boot/web/servlet/ServletRegistrationBeanCustomizer> (0x00000000da8281a0) thrown at [C:\re\workspace\8-2-build-windows-amd64-cygwin\jdk8u131\8869\hotspot\src\share\vm\classfile\systemDict
Event: 3.442 Thread 0x0000000002c81000 Exception <a 'java/lang/ClassNotFoundException': org/springframework/boot/autoconfigure/web/servlet/DispatcherServletRegistrationBeanCustomizer> (0x00000000da869268) thrown at [C:\re\workspace\8-2-build-windows-amd64-cygwin\jdk8u131\8869\hotspot\src\share

Events (10 events):
Event: 3.441 loading class org/springframework/boot/web/servlet/ServletRegistrationBeanCustomizer
Event: 3.441 loading class org/springframework/boot/web/servlet/ServletRegistrationBeanCustomizer done
Event: 3.441 loading class org/springframework/boot/web/servlet/ServletRegistrationBeanCustomizer
Event: 3.441 loading class org/springframework/boot/web/servlet/ServletRegistrationBeanCustomizer done
Event: 3.441 loading class org/springframework/boot/autoconfigure/web/servlet/DispatcherServletRegistrationBeanCustomizer
Event: 3.441 loading class org/springframework/boot/autoconfigure/web/servlet/DispatcherServletRegistrationBeanCustomizer done
Event: 3.442 loading class org/springframework/boot/autoconfigure/web/servlet/DispatcherServletRegistrationBeanCustomizer
Event: 3.442 loading class org/springframework/boot/autoconfigure/web/servlet/DispatcherServletRegistrationBeanCustomizer done
Event: 3.442 loading class org/springframework/boot/autoconfigure/web/servlet/DispatcherServletRegistrationBeanCustomizer
Event: 3.442 loading class org/springframework/boot/autoconfigure/web/servlet/DispatcherServletRegistrationBeanCustomizer done


Dynamic libraries:
0x00007ff7c68e0000 - 0x00007ff7c6917000 	C:\Program Files\Java\jdk1.8.0_131\jre\bin\java.exe
0x00007ffc06b90000 - 0x00007ffc06d7d000 	C:\Windows\SYSTEM32\ntdll.dll
0x00007ffc049b0000 - 0x00007ffc04a63000 	C:\Windows\System32\KERNEL32.DLL
0x00007ffc03b20000 - 0x00007ffc03db3000 	C:\Windows\System32\KERNELBASE.dll
0x00007ffc04470000 - 0x00007ffc04513000 	C:\Windows\System32\ADVAPI32.DLL
0x00007ffc069b0000 - 0x00007ffc06a4e000 	C:\Windows\System32\msvcrt.dll
0x00007ffc03f50000 - 0x00007ffc03fee000 	C:\Windows\System32\sechost.dll
0x00007ffc04610000 - 0x00007ffc04732000 	C:\Windows\System32\RPCRT4.dll
0x00007ffc050d0000 - 0x00007ffc05267000 	C:\Windows\System32\USER32.dll
0x00007ffc02df0000 - 0x00007ffc02e10000 	C:\Windows\System32\win32u.dll
0x00007ffc050a0000 - 0x00007ffc050c9000 	C:\Windows\System32\GDI32.dll
0x00007ffc03980000 - 0x00007ffc03b1a000 	C:\Windows\System32\gdi32full.dll
0x00007ffc02c60000 - 0x00007ffc02d00000 	C:\Windows\System32\msvcp_win.dll
0x00007ffc037d0000 - 0x00007ffc038cc000 	C:\Windows\System32\ucrtbase.dll
0x00007ffbf2980000 - 0x00007ffbf2bf9000 	C:\Windows\WinSxS\amd64_microsoft.windows.common-controls_6595b64144ccf1df_6.0.17763.316_none_05b53be2071f46b6\COMCTL32.dll
0x00007ffc04d70000 - 0x00007ffc0509d000 	C:\Windows\System32\combase.dll
0x00007ffc02d70000 - 0x00007ffc02dee000 	C:\Windows\System32\bcryptPrimitives.dll
0x00007ffc06760000 - 0x00007ffc0678e000 	C:\Windows\System32\IMM32.DLL
0x0000000056a00000 - 0x0000000056ad2000 	C:\Program Files\Java\jdk1.8.0_131\jre\bin\msvcr100.dll
0x0000000055e10000 - 0x00000000566ac000 	C:\Program Files\Java\jdk1.8.0_131\jre\bin\server\jvm.dll
0x00007ffc049a0000 - 0x00007ffc049a8000 	C:\Windows\System32\PSAPI.DLL
0x00007ffbf4b80000 - 0x00007ffbf4b89000 	C:\Windows\SYSTEM32\WSOCK32.dll
0x00007ffc04a70000 - 0x00007ffc04add000 	C:\Windows\System32\WS2_32.dll
0x00007ffc00950000 - 0x00007ffc00974000 	C:\Windows\SYSTEM32\WINMM.dll
0x00007ffc01790000 - 0x00007ffc0179a000 	C:\Windows\SYSTEM32\VERSION.dll
0x00007ffc008f0000 - 0x00007ffc0091d000 	C:\Windows\SYSTEM32\WINMMBASE.dll
0x00007ffc02d20000 - 0x00007ffc02d6a000 	C:\Windows\System32\cfgmgr32.dll
0x0000000056d30000 - 0x0000000056d3f000 	C:\Program Files\Java\jdk1.8.0_131\jre\bin\verify.dll
0x0000000056d00000 - 0x0000000056d29000 	C:\Program Files\Java\jdk1.8.0_131\jre\bin\java.dll
0x0000000055ce0000 - 0x0000000055cf6000 	C:\Program Files\Java\jdk1.8.0_131\jre\bin\zip.dll
0x00007ffc05270000 - 0x00007ffc0675f000 	C:\Windows\System32\SHELL32.dll
0x00007ffc047c0000 - 0x00007ffc04868000 	C:\Windows\System32\shcore.dll
0x00007ffc02ff0000 - 0x00007ffc0373a000 	C:\Windows\System32\windows.storage.dll
0x00007ffc02c30000 - 0x00007ffc02c54000 	C:\Windows\System32\profapi.dll
0x00007ffc02b90000 - 0x00007ffc02bed000 	C:\Windows\System32\powrprof.dll
0x00007ffc04520000 - 0x00007ffc04572000 	C:\Windows\System32\shlwapi.dll
0x00007ffc02c10000 - 0x00007ffc02c21000 	C:\Windows\System32\kernel.appcore.dll
0x00007ffc02d00000 - 0x00007ffc02d17000 	C:\Windows\System32\cryptsp.dll
0x0000000055a70000 - 0x0000000055a7d000 	C:\Program Files\Java\jdk1.8.0_131\jre\bin\management.dll
0x0000000055c90000 - 0x0000000055caa000 	C:\Program Files\Java\jdk1.8.0_131\jre\bin\net.dll
0x00007ffc02420000 - 0x00007ffc02487000 	C:\Windows\system32\mswsock.dll
0x0000000055c70000 - 0x0000000055c81000 	C:\Program Files\Java\jdk1.8.0_131\jre\bin\nio.dll
0x00007ffbefcb0000 - 0x00007ffbefcc6000 	C:\Windows\system32\napinsp.dll
0x00007ffbefc60000 - 0x00007ffbefc7a000 	C:\Windows\system32\pnrpnsp.dll
0x00007ffc021c0000 - 0x00007ffc02286000 	C:\Windows\SYSTEM32\DNSAPI.dll
0x00007ffc04580000 - 0x00007ffc04588000 	C:\Windows\System32\NSI.dll
0x00007ffc02180000 - 0x00007ffc021bd000 	C:\Windows\SYSTEM32\IPHLPAPI.DLL
0x00007ffbefc50000 - 0x00007ffbefc5e000 	C:\Windows\System32\winrnr.dll
0x00007ffbffab0000 - 0x00007ffbffacb000 	C:\Windows\system32\NLAapi.dll
0x00007ffbfd600000 - 0x00007ffbfd615000 	C:\Windows\system32\wshbth.dll
0x00007ffbf83d0000 - 0x00007ffbf83da000 	C:\Windows\System32\rasadhlp.dll
0x00007ffbf84e0000 - 0x00007ffbf8559000 	C:\Windows\System32\fwpuclnt.dll
0x00007ffc03740000 - 0x00007ffc03766000 	C:\Windows\System32\bcrypt.dll

VM Arguments:
java_command: C:\Users\Administrator\AppData\Local\Temp\surefire6477398239278088709\surefirebooter7520454064320009116.jar C:\Users\Administrator\AppData\Local\Temp\surefire6477398239278088709 2020-06-29T20-33-06_769-jvmRun1 surefire2722170079713458990tmp surefire_02098259791376850876tmp
java_class_path (initial): C:\Users\Administrator\AppData\Local\Temp\surefire6477398239278088709\surefirebooter7520454064320009116.jar
Launcher Type: SUN_STANDARD

Environment Variables:
JAVA_HOME=C:\Program Files\Java\jdk1.8.0_131
PATH=C:\ProgramData\Oracle\Java\javapath;D:\Xftp\;D:\新建文件夹\;%Sys;emRoot%\system32;C:\Windows;C:\Windows\System32\Wbem;C:\Windows\System32\WindowsPowerShell\v1.0\;C:\Windows\System32\OpenSSH\;C:\Program Files\MySQL\MySQL Utilities 1.6\;C:\Go\bin;D:\git\Git\cmd;C:\Users\Administrator\scoop\shims;C:\Users\Administrator\AppData\Local\Microsoft\WindowsApps;D:\vscode\Microsoft VS Code\bin;C:\Program Files\Java\jdk1.8.0_131\bin;C:\Program Files\Java\jdk1.8.0_131\bin;D:\idea\IntelliJ IDEA 2019.2.2\bin;;C:\Go\bin;C:\Users\Administrator\go\bin;C:\Windows\System32;
USERNAME=Administrator
OS=Windows_NT
PROCESSOR_IDENTIFIER=Intel64 Family 6 Model 158 Stepping 11, GenuineIntel



---------------  S Y S T E M  ---------------

OS: Windows 10.0 , 64 bit Build 17763 (10.0.17763.292)

CPU:total 4 (initial active 4) (4 cores per cpu, 1 threads per core) family 6 model 158 stepping 11, cmov, cx8, fxsr, mmx, sse, sse2, sse3, ssse3, sse4.1, sse4.2, popcnt, avx, avx2, aes, clmul, erms, 3dnowpref, lzcnt, tsc, tscinvbit, bmi1, bmi2, adx

Memory: 4k page, physical 8304760k(1777448k free), swap 10401912k(5144k free)

vm_info: Java HotSpot(TM) 64-Bit Server VM (25.131-b11) for windows-amd64 JRE (1.8.0_131-b11), built on Mar 15 2017 01:23:53 by "java_re" with MS VC++ 10.0 (VS2010)

time: Mon Jun 29 20:33:10 2020
elapsed time: 3 seconds (0d 0h 0m 3s)

