#
# There is insufficient memory for the Java Runtime Environment to continue.
# Native memory allocation (malloc) failed to allocate 32744 bytes for ChunkPool::allocate
# Possible reasons:
#   The system is out of physical RAM or swap space
#   In 32 bit mode, the process size limit was hit
# Possible solutions:
#   Reduce memory load on the system
#   Increase physical memory or swap space
#   Check if swap backing store is full
#   Use 64 bit Java on a 64 bit OS
#   Decrease Java heap size (-Xmx/-Xms)
#   Decrease number of Java threads
#   Decrease Java thread stack sizes (-Xss)
#   Set larger code cache with -XX:ReservedCodeCacheSize=
# This output file may be truncated or incomplete.
#
#  Out of Memory Error (allocation.cpp:273), pid=9048, tid=0x0000000000002840
#
# JRE version: Java(TM) SE Runtime Environment (8.0_131-b11) (build 1.8.0_131-b11)
# Java VM: Java HotSpot(TM) 64-Bit Server VM (25.131-b11 mixed mode windows-amd64 compressed oops)
# Failed to write core dump. Minidumps are not enabled by default on client versions of Windows
#

---------------  T H R E A D  ---------------

Current thread (0x00000000032de800):  JavaThread "main" [_thread_in_vm, id=10304, stack(0x0000000003190000,0x0000000003290000)]

Stack: [0x0000000003190000,0x0000000003290000]
[error occurred during error reporting (printing stack bounds), id 0xc0000005]

Native frames: (J=compiled Java code, j=interpreted, Vv=VM code, C=native code)

Java frames: (J=compiled Java code, j=interpreted, Vv=VM code)
J 834  java.lang.ClassLoader.defineClass1(Ljava/lang/String;[BIILjava/security/ProtectionDomain;Ljava/lang/String;)Ljava/lang/Class; (0 bytes) @ 0x000000000373551f [0x0000000003735480+0x9f]

[error occurred during error reporting (printing Java stack), id 0xe0000001]


---------------  P R O C E S S  ---------------

Java Threads: ( => current thread )
  0x000000001bdfe800 JavaThread "lettuce-eventExecutorLoop-1-1" daemon [_thread_blocked, id=5140, stack(0x0000000031590000,0x0000000031690000)]
  0x000000001ba70800 JavaThread "mysql-cj-abandoned-connection-cleanup" daemon [_thread_blocked, id=2768, stack(0x0000000031290000,0x0000000031390000)]
  0x000000001ba5f000 JavaThread "container-0" [_thread_blocked, id=8124, stack(0x0000000031190000,0x0000000031290000)]
  0x000000001ba0c000 JavaThread "Catalina-utility-2" [_thread_blocked, id=3116, stack(0x0000000031090000,0x0000000031190000)]
  0x000000001ba0b800 JavaThread "Catalina-utility-1" [_thread_blocked, id=2316, stack(0x0000000030f90000,0x0000000031090000)]
  0x000000001b1bc000 JavaThread "RMI Scheduler(0)" daemon [_thread_blocked, id=9188, stack(0x000000001c390000,0x000000001c490000)]
  0x000000001b191000 JavaThread "RMI TCP Connection(1)-192.168.124.20" daemon [_thread_in_native, id=9144, stack(0x000000001c290000,0x000000001c390000)]
  0x0000000019dce800 JavaThread "RMI TCP Accept-0" daemon [_thread_in_native, id=12204, stack(0x000000001a710000,0x000000001a810000)]
  0x0000000019b8c000 JavaThread "Service Thread" daemon [_thread_blocked, id=8280, stack(0x000000001a610000,0x000000001a710000)]
  0x0000000019b57000 JavaThread "C1 CompilerThread2" daemon [_thread_blocked, id=10376, stack(0x000000001a510000,0x000000001a610000)]
  0x0000000019b56800 JavaThread "C2 CompilerThread1" daemon [_thread_blocked, id=12888, stack(0x000000001a410000,0x000000001a510000)]
  0x0000000019aff800 JavaThread "C2 CompilerThread0" daemon [_thread_blocked, id=10920, stack(0x000000001a310000,0x000000001a410000)]
  0x0000000019afc000 JavaThread "Monitor Ctrl-Break" daemon [_thread_in_native, id=4040, stack(0x000000001a210000,0x000000001a310000)]
  0x0000000019453800 JavaThread "Attach Listener" daemon [_thread_blocked, id=6228, stack(0x0000000019910000,0x0000000019a10000)]
  0x0000000018066000 JavaThread "Signal Dispatcher" daemon [_thread_blocked, id=6840, stack(0x0000000019810000,0x0000000019910000)]
  0x00000000033de800 JavaThread "Finalizer" daemon [_thread_blocked, id=8324, stack(0x00000000192b0000,0x00000000193b0000)]
  0x00000000033d9000 JavaThread "Reference Handler" daemon [_thread_blocked, id=10428, stack(0x00000000191b0000,0x00000000192b0000)]
=>0x00000000032de800 JavaThread "main" [_thread_in_vm, id=10304, stack(0x0000000003190000,0x0000000003290000)]

Other Threads:
  0x0000000018018000 VMThread [stack: 0x00000000190b0000,0x00000000191b0000] [id=10380]
  0x0000000019dd4000 WatcherThread [stack: 0x000000001a810000,0x000000001a910000] [id=9704]

VM state:not at safepoint (normal execution)

VM Mutex/Monitor currently owned by a thread: None

Heap:
 PSYoungGen      total 155648K, used 117756K [0x00000000d5c00000, 0x00000000e1280000, 0x0000000100000000)
  eden space 155136K, 75% used [0x00000000d5c00000,0x00000000dceff0f0,0x00000000df380000)
  from space 512K, 0% used [0x00000000e1200000,0x00000000e1200000,0x00000000e1280000)
  to   space 12800K, 0% used [0x00000000df980000,0x00000000df980000,0x00000000e0600000)
 ParOldGen       total 56832K, used 11407K [0x0000000081400000, 0x0000000084b80000, 0x00000000d5c00000)
  object space 56832K, 20% used [0x0000000081400000,0x0000000081f23cb0,0x0000000084b80000)
 Metaspace       used 38830K, capacity 41149K, committed 41392K, reserved 1087488K
  class space    used 5233K, capacity 5653K, committed 5808K, reserved 1048576K

Card table byte_map: [0x00000000128a0000,0x0000000012ca0000] byte_map_base: 0x0000000012496000

Marking Bits: (ParMarkBitMap*) 0x000000007395c720
 Begin Bits: [0x0000000013350000, 0x0000000015300000)
 End Bits:   [0x0000000015300000, 0x00000000172b0000)

Polling page: 0x00000000010f0000

CodeCache: size=245760Kb used=7848Kb max_used=7848Kb free=237911Kb
 bounds [0x00000000034e0000, 0x0000000003c90000, 0x00000000124e0000]
 total_blobs=4469 nmethods=3995 adapters=386
 compilation: enabled

Compilation events (10 events):
Event: 4.180 Thread 0x0000000019b57000 3991       1       java.nio.charset.CharsetEncoder::implOnUnmappableCharacter (1 bytes)
Event: 4.180 Thread 0x0000000019b57000 nmethod 3991 0x0000000003c877d0 code [0x0000000003c87920, 0x0000000003c87a30]
Event: 4.180 Thread 0x0000000019b57000 3989       1       java.nio.charset.CharsetEncoder::implOnMalformedInput (1 bytes)
Event: 4.180 Thread 0x0000000019b57000 nmethod 3989 0x0000000003c87a90 code [0x0000000003c87be0, 0x0000000003c87cf0]
Event: 4.190 Thread 0x0000000019b57000 3993       1       java.lang.invoke.ConstantCallSite::dynamicInvoker (5 bytes)
Event: 4.191 Thread 0x0000000019b57000 nmethod 3993 0x0000000003c87ed0 code [0x0000000003c88040, 0x0000000003c881e8]
Event: 4.191 Thread 0x0000000019b57000 3994       1       java.lang.invoke.Invokers::callSiteForm (295 bytes)
Event: 4.191 Thread 0x0000000019b57000 nmethod 3994 0x0000000003c88550 code [0x0000000003c88780, 0x0000000003c89178]
Event: 4.201 Thread 0x0000000019b57000 3995       1       java.lang.invoke.MethodHandles$Lookup::findBoundCallerClass (36 bytes)
Event: 4.201 Thread 0x0000000019b57000 nmethod 3995 0x0000000003c89cd0 code [0x0000000003c89e40, 0x0000000003c8a118]

GC Heap History (10 events):
Event: 3.282 GC heap before
{Heap before GC invocations=9 (full 1):
 PSYoungGen      total 133120K, used 126445K [0x00000000d5c00000, 0x00000000e1c00000, 0x0000000100000000)
  eden space 122880K, 100% used [0x00000000d5c00000,0x00000000dd400000,0x00000000dd400000)
  from space 10240K, 34% used [0x00000000dd400000,0x00000000dd77b648,0x00000000dde00000)
  to   space 10240K, 0% used [0x00000000e1200000,0x00000000e1200000,0x00000000e1c00000)
 ParOldGen       total 56832K, used 8423K [0x0000000081400000, 0x0000000084b80000, 0x00000000d5c00000)
  object space 56832K, 14% used [0x0000000081400000,0x0000000081c39ed8,0x0000000084b80000)
 Metaspace       used 29219K, capacity 30934K, committed 31152K, reserved 1077248K
  class space    used 3911K, capacity 4253K, committed 4272K, reserved 1048576K
Event: 3.291 GC heap after
Heap after GC invocations=9 (full 1):
 PSYoungGen      total 133120K, used 10209K [0x00000000d5c00000, 0x00000000e1c00000, 0x0000000100000000)
  eden space 122880K, 0% used [0x00000000d5c00000,0x00000000d5c00000,0x00000000dd400000)
  from space 10240K, 99% used [0x00000000e1200000,0x00000000e1bf85a0,0x00000000e1c00000)
  to   space 10240K, 0% used [0x00000000dd400000,0x00000000dd400000,0x00000000dde00000)
 ParOldGen       total 56832K, used 10449K [0x0000000081400000, 0x0000000084b80000, 0x00000000d5c00000)
  object space 56832K, 18% used [0x0000000081400000,0x0000000081e34600,0x0000000084b80000)
 Metaspace       used 29219K, capacity 30934K, committed 31152K, reserved 1077248K
  class space    used 3911K, capacity 4253K, committed 4272K, reserved 1048576K
}
Event: 3.462 GC heap before
{Heap before GC invocations=10 (full 1):
 PSYoungGen      total 133120K, used 33248K [0x00000000d5c00000, 0x00000000e1c00000, 0x0000000100000000)
  eden space 122880K, 18% used [0x00000000d5c00000,0x00000000d727fc58,0x00000000dd400000)
  from space 10240K, 99% used [0x00000000e1200000,0x00000000e1bf85a0,0x00000000e1c00000)
  to   space 10240K, 0% used [0x00000000dd400000,0x00000000dd400000,0x00000000dde00000)
 ParOldGen       total 56832K, used 10449K [0x0000000081400000, 0x0000000084b80000, 0x00000000d5c00000)
  object space 56832K, 18% used [0x0000000081400000,0x0000000081e34600,0x0000000084b80000)
 Metaspace       used 31085K, capacity 32914K, committed 33072K, reserved 1081344K
  class space    used 4170K, capacity 4529K, committed 4656K, reserved 1048576K
Event: 3.471 GC heap after
Heap after GC invocations=10 (full 1):
 PSYoungGen      total 133120K, used 7847K [0x00000000d5c00000, 0x00000000e1c00000, 0x0000000100000000)
  eden space 122880K, 0% used [0x00000000d5c00000,0x00000000d5c00000,0x00000000dd400000)
  from space 10240K, 76% used [0x00000000dd400000,0x00000000ddba9dc8,0x00000000dde00000)
  to   space 10240K, 0% used [0x00000000e1200000,0x00000000e1200000,0x00000000e1c00000)
 ParOldGen       total 56832K, used 10857K [0x0000000081400000, 0x0000000084b80000, 0x00000000d5c00000)
  object space 56832K, 19% used [0x0000000081400000,0x0000000081e9a600,0x0000000084b80000)
 Metaspace       used 31085K, capacity 32914K, committed 33072K, reserved 1081344K
  class space    used 4170K, capacity 4529K, committed 4656K, reserved 1048576K
}
Event: 3.471 GC heap before
{Heap before GC invocations=11 (full 2):
 PSYoungGen      total 133120K, used 7847K [0x00000000d5c00000, 0x00000000e1c00000, 0x0000000100000000)
  eden space 122880K, 0% used [0x00000000d5c00000,0x00000000d5c00000,0x00000000dd400000)
  from space 10240K, 76% used [0x00000000dd400000,0x00000000ddba9dc8,0x00000000dde00000)
  to   space 10240K, 0% used [0x00000000e1200000,0x00000000e1200000,0x00000000e1c00000)
 ParOldGen       total 56832K, used 10857K [0x0000000081400000, 0x0000000084b80000, 0x00000000d5c00000)
  object space 56832K, 19% used [0x0000000081400000,0x0000000081e9a600,0x0000000084b80000)
 Metaspace       used 31085K, capacity 32914K, committed 33072K, reserved 1081344K
  class space    used 4170K, capacity 4529K, committed 4656K, reserved 1048576K
Event: 3.527 GC heap after
Heap after GC invocations=11 (full 2):
 PSYoungGen      total 133120K, used 0K [0x00000000d5c00000, 0x00000000e1c00000, 0x0000000100000000)
  eden space 122880K, 0% used [0x00000000d5c00000,0x00000000d5c00000,0x00000000dd400000)
  from space 10240K, 0% used [0x00000000dd400000,0x00000000dd400000,0x00000000dde00000)
  to   space 10240K, 0% used [0x00000000e1200000,0x00000000e1200000,0x00000000e1c00000)
 ParOldGen       total 56832K, used 13808K [0x0000000081400000, 0x0000000084b80000, 0x00000000d5c00000)
  object space 56832K, 24% used [0x0000000081400000,0x000000008217c398,0x0000000084b80000)
 Metaspace       used 31085K, capacity 32914K, committed 33072K, reserved 1079296K
  class space    used 4170K, capacity 4529K, committed 4656K, reserved 1048576K
}
Event: 3.527 GC heap before
{Heap before GC invocations=12 (full 2):
 PSYoungGen      total 133120K, used 0K [0x00000000d5c00000, 0x00000000e1c00000, 0x0000000100000000)
  eden space 122880K, 0% used [0x00000000d5c00000,0x00000000d5c00000,0x00000000dd400000)
  from space 10240K, 0% used [0x00000000dd400000,0x00000000dd400000,0x00000000dde00000)
  to   space 10240K, 0% used [0x00000000e1200000,0x00000000e1200000,0x00000000e1c00000)
 ParOldGen       total 56832K, used 13808K [0x0000000081400000, 0x0000000084b80000, 0x00000000d5c00000)
  object space 56832K, 24% used [0x0000000081400000,0x000000008217c398,0x0000000084b80000)
 Metaspace       used 31085K, capacity 32914K, committed 33072K, reserved 1083392K
  class space    used 4170K, capacity 4529K, committed 4656K, reserved 1048576K
Event: 3.529 GC heap after
Heap after GC invocations=12 (full 2):
 PSYoungGen      total 155648K, used 0K [0x00000000d5c00000, 0x00000000e1280000, 0x0000000100000000)
  eden space 155136K, 0% used [0x00000000d5c00000,0x00000000d5c00000,0x00000000df380000)
  from space 512K, 0% used [0x00000000e1200000,0x00000000e1200000,0x00000000e1280000)
  to   space 12800K, 0% used [0x00000000df980000,0x00000000df980000,0x00000000e0600000)
 ParOldGen       total 56832K, used 13808K [0x0000000081400000, 0x0000000084b80000, 0x00000000d5c00000)
  object space 56832K, 24% used [0x0000000081400000,0x000000008217c398,0x0000000084b80000)
 Metaspace       used 31085K, capacity 32914K, committed 33072K, reserved 1083392K
  class space    used 4170K, capacity 4529K, committed 4656K, reserved 1048576K
}
Event: 3.529 GC heap before
{Heap before GC invocations=13 (full 3):
 PSYoungGen      total 155648K, used 0K [0x00000000d5c00000, 0x00000000e1280000, 0x0000000100000000)
  eden space 155136K, 0% used [0x00000000d5c00000,0x00000000d5c00000,0x00000000df380000)
  from space 512K, 0% used [0x00000000e1200000,0x00000000e1200000,0x00000000e1280000)
  to   space 12800K, 0% used [0x00000000df980000,0x00000000df980000,0x00000000e0600000)
 ParOldGen       total 56832K, used 13808K [0x0000000081400000, 0x0000000084b80000, 0x00000000d5c00000)
  object space 56832K, 24% used [0x0000000081400000,0x000000008217c398,0x0000000084b80000)
 Metaspace       used 31085K, capacity 32914K, committed 33072K, reserved 1083392K
  class space    used 4170K, capacity 4529K, committed 4656K, reserved 1048576K
Event: 3.586 GC heap after
Heap after GC invocations=13 (full 3):
 PSYoungGen      total 155648K, used 0K [0x00000000d5c00000, 0x00000000e1280000, 0x0000000100000000)
  eden space 155136K, 0% used [0x00000000d5c00000,0x00000000d5c00000,0x00000000df380000)
  from space 512K, 0% used [0x00000000e1200000,0x00000000e1200000,0x00000000e1280000)
  to   space 12800K, 0% used [0x00000000df980000,0x00000000df980000,0x00000000e0600000)
 ParOldGen       total 56832K, used 11407K [0x0000000081400000, 0x0000000084b80000, 0x00000000d5c00000)
  object space 56832K, 20% used [0x0000000081400000,0x0000000081f23cb0,0x0000000084b80000)
 Metaspace       used 30872K, capacity 32570K, committed 33072K, reserved 1079296K
  class space    used 4136K, capacity 4467K, committed 4656K, reserved 1048576K
}

Deoptimization events (0 events):
No events

Internal exceptions (10 events):
Event: 4.090 Thread 0x00000000032de800 Exception <a 'java/lang/ArrayIndexOutOfBoundsException'> (0x00000000dbe54be0) thrown at [C:\re\workspace\8-2-build-windows-amd64-cygwin\jdk8u131\8869\hotspot\src\share\vm\runtime\sharedRuntime.cpp, line 605]
Event: 4.090 Thread 0x00000000032de800 Exception <a 'java/lang/ArrayIndexOutOfBoundsException'> (0x00000000dbe55ab8) thrown at [C:\re\workspace\8-2-build-windows-amd64-cygwin\jdk8u131\8869\hotspot\src\share\vm\runtime\sharedRuntime.cpp, line 605]
Event: 4.090 Thread 0x00000000032de800 Exception <a 'java/lang/ArrayIndexOutOfBoundsException'> (0x00000000dbe56600) thrown at [C:\re\workspace\8-2-build-windows-amd64-cygwin\jdk8u131\8869\hotspot\src\share\vm\runtime\sharedRuntime.cpp, line 605]
Event: 4.090 Thread 0x00000000032de800 Exception <a 'java/lang/ArrayIndexOutOfBoundsException'> (0x00000000dbe56fd8) thrown at [C:\re\workspace\8-2-build-windows-amd64-cygwin\jdk8u131\8869\hotspot\src\share\vm\runtime\sharedRuntime.cpp, line 605]
Event: 4.090 Thread 0x00000000032de800 Exception <a 'java/lang/ArrayIndexOutOfBoundsException'> (0x00000000dbe57d08) thrown at [C:\re\workspace\8-2-build-windows-amd64-cygwin\jdk8u131\8869\hotspot\src\share\vm\runtime\sharedRuntime.cpp, line 605]
Event: 4.090 Thread 0x00000000032de800 Exception <a 'java/lang/ArrayIndexOutOfBoundsException'> (0x00000000dbe59500) thrown at [C:\re\workspace\8-2-build-windows-amd64-cygwin\jdk8u131\8869\hotspot\src\share\vm\runtime\sharedRuntime.cpp, line 605]
Event: 4.090 Thread 0x00000000032de800 Exception <a 'java/lang/ArrayIndexOutOfBoundsException'> (0x00000000dbe8efc8) thrown at [C:\re\workspace\8-2-build-windows-amd64-cygwin\jdk8u131\8869\hotspot\src\share\vm\runtime\sharedRuntime.cpp, line 605]
Event: 4.090 Thread 0x00000000032de800 Exception <a 'java/lang/ArrayIndexOutOfBoundsException'> (0x00000000dbe90058) thrown at [C:\re\workspace\8-2-build-windows-amd64-cygwin\jdk8u131\8869\hotspot\src\share\vm\runtime\sharedRuntime.cpp, line 605]
Event: 4.102 Thread 0x00000000032de800 Exception <a 'java/lang/ArrayIndexOutOfBoundsException'> (0x00000000dc04d468) thrown at [C:\re\workspace\8-2-build-windows-amd64-cygwin\jdk8u131\8869\hotspot\src\share\vm\runtime\sharedRuntime.cpp, line 605]
Event: 4.188 Thread 0x00000000032de800 Exception <a 'java/lang/NoSuchMethodError': java.lang.Object.lambda$static$0(Lio/netty/handler/ssl/SslContextBuilder;Ljava/lang/String;)V> (0x00000000dcb54cb0) thrown at [C:\re\workspace\8-2-build-windows-amd64-cygwin\jdk8u131\8869\hotspot\src\share\vm\in

Events (10 events):
Event: 4.214 loading class io/lettuce/core/cluster/api/StatefulRedisClusterConnection
Event: 4.214 loading class io/lettuce/core/cluster/api/StatefulRedisClusterConnection done
Event: 4.215 loading class org/springframework/data/redis/connection/ClusterTopologyProvider
Event: 4.215 loading class org/springframework/data/redis/connection/ClusterTopologyProvider done
Event: 4.215 loading class org/springframework/data/redis/connection/lettuce/LettuceClusterConnection
Event: 4.215 loading class org/springframework/data/redis/connection/lettuce/LettuceClusterConnection done
Event: 4.216 loading class org/springframework/data/redis/connection/DefaultedRedisClusterConnection
Event: 4.216 loading class org/springframework/data/redis/connection/DefaultedRedisClusterConnection done
Event: 4.218 Executing VM operation: CollectForMetadataAllocation
Event: 4.218 Executing VM operation: CollectForMetadataAllocation done


Dynamic libraries:
0x00007ff66de00000 - 0x00007ff66de37000 	C:\Program Files\Java\jdk1.8.0_131\bin\java.exe
0x00007fffe4680000 - 0x00007fffe486d000 	C:\Windows\SYSTEM32\ntdll.dll
0x00007fffe1ed0000 - 0x00007fffe1f83000 	C:\Windows\System32\KERNEL32.DLL
0x00007fffe1470000 - 0x00007fffe1703000 	C:\Windows\System32\KERNELBASE.dll
0x00007fffe3bb0000 - 0x00007fffe3c53000 	C:\Windows\System32\ADVAPI32.DLL
0x00007fffe23f0000 - 0x00007fffe248e000 	C:\Windows\System32\msvcrt.dll
0x00007fffe2350000 - 0x00007fffe23ee000 	C:\Windows\System32\sechost.dll
0x00007fffe2220000 - 0x00007fffe2342000 	C:\Windows\System32\RPCRT4.dll
0x00007fffe4450000 - 0x00007fffe45e7000 	C:\Windows\System32\USER32.dll
0x00007fffe0bb0000 - 0x00007fffe0bd0000 	C:\Windows\System32\win32u.dll
0x00007fffe1ea0000 - 0x00007fffe1ec9000 	C:\Windows\System32\GDI32.dll
0x00007fffe1710000 - 0x00007fffe18aa000 	C:\Windows\System32\gdi32full.dll
0x00007fffe0a10000 - 0x00007fffe0ab0000 	C:\Windows\System32\msvcp_win.dll
0x00007fffe0ab0000 - 0x00007fffe0bac000 	C:\Windows\System32\ucrtbase.dll
0x00007fffce7d0000 - 0x00007fffcea49000 	C:\Windows\WinSxS\amd64_microsoft.windows.common-controls_6595b64144ccf1df_6.0.17763.316_none_05b53be2071f46b6\COMCTL32.dll
0x00007fffe18b0000 - 0x00007fffe1bdd000 	C:\Windows\System32\combase.dll
0x00007fffe0bd0000 - 0x00007fffe0c4e000 	C:\Windows\System32\bcryptPrimitives.dll
0x00007fffe1be0000 - 0x00007fffe1c0e000 	C:\Windows\System32\IMM32.DLL
0x0000000073010000 - 0x00000000730e2000 	C:\Program Files\Java\jdk1.8.0_131\jre\bin\msvcr100.dll
0x0000000073140000 - 0x00000000739dc000 	C:\Program Files\Java\jdk1.8.0_131\jre\bin\server\jvm.dll
0x00007fffe3ec0000 - 0x00007fffe3ec8000 	C:\Windows\System32\PSAPI.DLL
0x00007fffd1d20000 - 0x00007fffd1d2a000 	C:\Windows\SYSTEM32\VERSION.dll
0x00007fffd2370000 - 0x00007fffd2379000 	C:\Windows\SYSTEM32\WSOCK32.dll
0x00007fffe1f90000 - 0x00007fffe1ffd000 	C:\Windows\System32\WS2_32.dll
0x00007fffde870000 - 0x00007fffde894000 	C:\Windows\SYSTEM32\WINMM.dll
0x00007fffde840000 - 0x00007fffde86d000 	C:\Windows\SYSTEM32\winmmbase.dll
0x00007fffe0750000 - 0x00007fffe079a000 	C:\Windows\System32\cfgmgr32.dll
0x0000000074110000 - 0x000000007411f000 	C:\Program Files\Java\jdk1.8.0_131\jre\bin\verify.dll
0x00000000740e0000 - 0x0000000074109000 	C:\Program Files\Java\jdk1.8.0_131\jre\bin\java.dll
0x00000000740b0000 - 0x00000000740d3000 	C:\Program Files\Java\jdk1.8.0_131\jre\bin\instrument.dll
0x0000000074090000 - 0x00000000740a6000 	C:\Program Files\Java\jdk1.8.0_131\jre\bin\zip.dll
0x00007fffe26c0000 - 0x00007fffe3baf000 	C:\Windows\System32\SHELL32.dll
0x00007fffe3e10000 - 0x00007fffe3eb8000 	C:\Windows\System32\shcore.dll
0x00007fffe0c50000 - 0x00007fffe139a000 	C:\Windows\System32\windows.storage.dll
0x00007fffe06a0000 - 0x00007fffe06c4000 	C:\Windows\System32\profapi.dll
0x00007fffe06f0000 - 0x00007fffe074d000 	C:\Windows\System32\powrprof.dll
0x00007fffe3c60000 - 0x00007fffe3cb2000 	C:\Windows\System32\shlwapi.dll
0x00007fffe0680000 - 0x00007fffe0691000 	C:\Windows\System32\kernel.appcore.dll
0x00007fffe13a0000 - 0x00007fffe13b7000 	C:\Windows\System32\cryptsp.dll
0x00007fffd00e0000 - 0x00007fffd00fa000 	D:\idea\IntelliJ IDEA 2019.2.2\bin\breakgen64.dll
0x0000000074040000 - 0x000000007405a000 	C:\Program Files\Java\jdk1.8.0_131\jre\bin\net.dll
0x00007fffdff10000 - 0x00007fffdff77000 	C:\Windows\system32\mswsock.dll
0x00007fffdfcb0000 - 0x00007fffdfd76000 	C:\Windows\SYSTEM32\DNSAPI.dll
0x00007fffe3df0000 - 0x00007fffe3df8000 	C:\Windows\System32\NSI.dll
0x00007fffdfc70000 - 0x00007fffdfcad000 	C:\Windows\SYSTEM32\IPHLPAPI.DLL
0x00007fffd60c0000 - 0x00007fffd60ca000 	C:\Windows\System32\rasadhlp.dll
0x00007fffd8820000 - 0x00007fffd8899000 	C:\Windows\System32\fwpuclnt.dll
0x00007fffe0800000 - 0x00007fffe0826000 	C:\Windows\System32\bcrypt.dll
0x0000000073e20000 - 0x0000000073e2d000 	C:\Program Files\Java\jdk1.8.0_131\jre\bin\management.dll
0x0000000074020000 - 0x0000000074031000 	C:\Program Files\Java\jdk1.8.0_131\jre\bin\nio.dll
0x00007fffdfad0000 - 0x00007fffdfb03000 	C:\Windows\system32\rsaenh.dll
0x00007fffe05b0000 - 0x00007fffe05d8000 	C:\Windows\SYSTEM32\USERENV.dll
0x00007fffe00e0000 - 0x00007fffe00ec000 	C:\Windows\SYSTEM32\CRYPTBASE.dll
0x00007fffda930000 - 0x00007fffda946000 	C:\Windows\SYSTEM32\dhcpcsvc6.DLL
0x00007fffda910000 - 0x00007fffda92c000 	C:\Windows\SYSTEM32\dhcpcsvc.DLL
0x00007fffcef20000 - 0x00007fffcef36000 	C:\Windows\system32\napinsp.dll
0x00007fffcef00000 - 0x00007fffcef1a000 	C:\Windows\system32\pnrpnsp.dll
0x00007fffd0ef0000 - 0x00007fffd0efe000 	C:\Windows\System32\winrnr.dll
0x00007fffde160000 - 0x00007fffde17b000 	C:\Windows\system32\NLAapi.dll
0x00007fffda950000 - 0x00007fffda965000 	C:\Windows\system32\wshbth.dll

VM Arguments:
jvm_args: -XX:TieredStopAtLevel=1 -Xverify:none -Dspring.output.ansi.enabled=always -Dcom.sun.management.jmxremote -Dspring.jmx.enabled=true -Dspring.liveBeansView.mbeanDomain -Dspring.application.admin.enabled=true -javaagent:D:\idea\IntelliJ IDEA 2019.2.2\lib\idea_rt.jar=59600:D:\idea\IntelliJ IDEA 2019.2.2\bin -Dfile.encoding=UTF-8 
java_command: com.example.car.CarApplication
java_class_path (initial): C:\Program Files\Java\jdk1.8.0_131\jre\lib\charsets.jar;C:\Program Files\Java\jdk1.8.0_131\jre\lib\deploy.jar;C:\Program Files\Java\jdk1.8.0_131\jre\lib\ext\access-bridge-64.jar;C:\Program Files\Java\jdk1.8.0_131\jre\lib\ext\cldrdata.jar;C:\Program Files\Java\jdk1.8.0_131\jre\lib\ext\dnsns.jar;C:\Program Files\Java\jdk1.8.0_131\jre\lib\ext\jaccess.jar;C:\Program Files\Java\jdk1.8.0_131\jre\lib\ext\jfxrt.jar;C:\Program Files\Java\jdk1.8.0_131\jre\lib\ext\localedata.jar;C:\Program Files\Java\jdk1.8.0_131\jre\lib\ext\nashorn.jar;C:\Program Files\Java\jdk1.8.0_131\jre\lib\ext\sunec.jar;C:\Program Files\Java\jdk1.8.0_131\jre\lib\ext\sunjce_provider.jar;C:\Program Files\Java\jdk1.8.0_131\jre\lib\ext\sunmscapi.jar;C:\Program Files\Java\jdk1.8.0_131\jre\lib\ext\sunpkcs11.jar;C:\Program Files\Java\jdk1.8.0_131\jre\lib\ext\zipfs.jar;C:\Program Files\Java\jdk1.8.0_131\jre\lib\javaws.jar;C:\Program Files\Java\jdk1.8.0_131\jre\lib\jce.jar;C:\Program Files\Java\jdk1.8.0_131\jre\lib\jfr.jar;C:\Program Files\Java\jdk1.8.0_131\jre\lib\jfxswt.jar;C:\Program Files\Java\jdk1.8.0_131\jre\lib\jsse.jar;C:\Program Files\Java\jdk1.8.0_131\jre\lib\management-agent.jar;C:\Program Files\Java\jdk1.8.0_131\jre\lib\plugin.jar;C:\Program Files\Java\jdk1.8.0_131\jre\lib\resources.jar;C:\Program Files\Java\jdk1.8.0_131\jre\lib\rt.jar;D:\project\car_manage\target\classes;C:\Users\Administrator\.m2\repository\org\springframework\boot\spring-boot-starter-web\2.3.1.RELEASE\spring-boot-starter-web-2.3.1.RELEASE.jar;C:\Users\Administrator\.m2\repository\org\springframework\boot\spring-boot-starter\2.3.1.RELEASE\spring-boot-starter-2.3.1.RELEASE.jar;C:\Users\Administrator\.m2\repository\org\springframework\boot\spring-boot-starter-logging\2.3.1.RELEASE\spring-boot-starter-logging-2.3.1.RELEASE.jar;C:\Users\Administrator\.m2\repository\ch\qos\logback\logback-classic\1.2.3\logback-classic-1.2.3.jar;C:\Users\Administrator\.m2\repository\ch\qos\logback\logback-core\1.2.3\logback-co
Launcher Type: SUN_STANDARD

Environment Variables:
JAVA_HOME=C:\Program Files\Java\jdk1.8.0_131
PATH=C:\Python38\Scripts\;C:\Python38\;C:\ProgramData\Oracle\Java\javapath;D:\Xftp\;D:\新建文件夹\;%Sys;emRoot%\system32;C:\Windows;C:\Windows\System32\Wbem;C:\Windows\System32\WindowsPowerShell\v1.0\;C:\Windows\System32\OpenSSH\;C:\Program Files\MySQL\MySQL Utilities 1.6\;C:\Go\bin;D:\git\Git\cmd;D:\nodejs\;C:\ProgramData\chocolatey\bin;C:\Users\Administrator\scoop\shims;C:\Users\Administrator\AppData\Local\Microsoft\WindowsApps;D:\vscode\Microsoft VS Code\bin;C:\Program Files\Java\jdk1.8.0_131\bin;C:\Program Files\Java\jdk1.8.0_131\bin;D:\idea\IntelliJ IDEA 2019.2.2\bin;;C:\Go\bin;C:\Users\Administrator\go\bin;C:\Windows\System32;C:\Users\Administrator\AppData\Roaming\npm;D:\nodejs\node_global;
USERNAME=Administrator
OS=Windows_NT
PROCESSOR_IDENTIFIER=Intel64 Family 6 Model 158 Stepping 11, GenuineIntel



---------------  S Y S T E M  ---------------

OS: Windows 10.0 , 64 bit Build 17763 (10.0.17763.292)

CPU:total 4 (initial active 4) (4 cores per cpu, 1 threads per core) family 6 model 158 stepping 11, cmov, cx8, fxsr, mmx, sse, sse2, sse3, ssse3, sse4.1, sse4.2, popcnt, avx, avx2, aes, clmul, erms, 3dnowpref, lzcnt, tsc, tscinvbit, bmi1, bmi2, adx

Memory: 4k page, physical 8304760k(1630928k free), swap 10401912k(720k free)

vm_info: Java HotSpot(TM) 64-Bit Server VM (25.131-b11) for windows-amd64 JRE (1.8.0_131-b11), built on Mar 15 2017 01:23:53 by "java_re" with MS VC++ 10.0 (VS2010)

time: Mon Jul 20 17:41:03 2020
elapsed time: 4 seconds (0d 0h 0m 4s)

