#
# There is insufficient memory for the Java Runtime Environment to continue.
# Native memory allocation (malloc) failed to allocate 1048576 bytes for AllocateHeap
# Possible reasons:
#   The system is out of physical RAM or swap space
#   In 32 bit mode, the process size limit was hit
# Possible solutions:
#   Reduce memory load on the system
#   Increase physical memory or swap space
#   Check if swap backing store is full
#   Use 64 bit Java on a 64 bit OS
#   Decrease Java heap size (-Xmx/-Xms)
#   Decrease number of Java threads
#   Decrease Java thread stack sizes (-Xss)
#   Set larger code cache with -XX:ReservedCodeCacheSize=
# This output file may be truncated or incomplete.
#
#  Out of Memory Error (memory/allocation.inline.hpp:61), pid=6184, tid=0x0000000000001ebc
#
# JRE version:  (8.0_131-b11) (build )
# Java VM: Java HotSpot(TM) 64-Bit Server VM (25.131-b11 mixed mode windows-amd64 compressed oops)
# Failed to write core dump. Minidumps are not enabled by default on client versions of Windows
#

---------------  T H R E A D  ---------------

Current thread (0x00000000031ee000):  JavaThread "Unknown thread" [_thread_in_vm, id=7868, stack(0x00000000031f0000,0x00000000032f0000)]

Stack: [0x00000000031f0000,0x00000000032f0000]
[error occurred during error reporting (printing stack bounds), id 0xc0000005]

Native frames: (J=compiled Java code, j=interpreted, Vv=VM code, C=native code)


---------------  P R O C E S S  ---------------

Java Threads: ( => current thread )

Other Threads:

=>0x00000000031ee000 (exited) JavaThread "Unknown thread" [_thread_in_vm, id=7868, stack(0x00000000031f0000,0x00000000032f0000)]

VM state:not at safepoint (normal execution)

VM Mutex/Monitor currently owned by a thread: None

Heap:
 PSYoungGen      total 38400K, used 665K [0x00000000d5c00000, 0x00000000d8680000, 0x0000000100000000)
  eden space 33280K, 2% used [0x00000000d5c00000,0x00000000d5ca6670,0x00000000d7c80000)
  from space 5120K, 0% used [0x00000000d8180000,0x00000000d8180000,0x00000000d8680000)
  to   space 5120K, 0% used [0x00000000d7c80000,0x00000000d7c80000,0x00000000d8180000)
 ParOldGen       total 87552K, used 0K [0x0000000081400000, 0x0000000086980000, 0x00000000d5c00000)
  object space 87552K, 0% used [0x0000000081400000,0x0000000081400000,0x0000000086980000)
 Metaspace       used 783K, capacity 1092K, committed 1152K, reserved 1060864K
  class space    used 75K, capacity 384K, committed 384K, reserved 1048576K

Card table byte_map: [0x00000000127b0000,0x0000000012bb0000] byte_map_base: 0x00000000123a6000

Marking Bits: (ParMarkBitMap*) 0x0000000075e1c720
 Begin Bits: [0x0000000013260000, 0x0000000015210000)
 End Bits:   [0x0000000015210000, 0x00000000171c0000)

Polling page: 0x0000000001070000

CodeCache: size=245760Kb used=328Kb max_used=328Kb free=245431Kb
 bounds [0x00000000033f0000, 0x0000000003660000, 0x00000000123f0000]
 total_blobs=58 nmethods=0 adapters=38
 compilation: enabled

Compilation events (0 events):
No events

GC Heap History (0 events):
No events

Deoptimization events (0 events):
No events

Internal exceptions (0 events):
No events

Events (10 events):
Event: 0.023 loading class java/lang/Short
Event: 0.023 loading class java/lang/Short done
Event: 0.023 loading class java/lang/Integer
Event: 0.023 loading class java/lang/Integer done
Event: 0.023 loading class java/lang/Long
Event: 0.023 loading class java/lang/Long done
Event: 0.023 loading class java/lang/NullPointerException
Event: 0.023 loading class java/lang/NullPointerException done
Event: 0.023 loading class java/lang/ArithmeticException
Event: 0.023 loading class java/lang/ArithmeticException done


Dynamic libraries:
0x00007ff7d1c00000 - 0x00007ff7d1c37000 	C:\Program Files\Java\jdk1.8.0_131\bin\java.exe
0x00007ffdab180000 - 0x00007ffdab36d000 	C:\Windows\SYSTEM32\ntdll.dll
0x00007ffda9e50000 - 0x00007ffda9f03000 	C:\Windows\System32\KERNEL32.DLL
0x00007ffda7cd0000 - 0x00007ffda7f63000 	C:\Windows\System32\KERNELBASE.dll
0x00007ffda9b10000 - 0x00007ffda9bb3000 	C:\Windows\System32\ADVAPI32.DLL
0x00007ffda9d30000 - 0x00007ffda9dce000 	C:\Windows\System32\msvcrt.dll
0x00007ffdaa370000 - 0x00007ffdaa40e000 	C:\Windows\System32\sechost.dll
0x00007ffda99e0000 - 0x00007ffda9b02000 	C:\Windows\System32\RPCRT4.dll
0x00007ffdaa4b0000 - 0x00007ffdaa647000 	C:\Windows\System32\USER32.dll
0x00007ffda7f70000 - 0x00007ffda7f90000 	C:\Windows\System32\win32u.dll
0x00007ffdaa7c0000 - 0x00007ffdaa7e9000 	C:\Windows\System32\GDI32.dll
0x00007ffda8210000 - 0x00007ffda83aa000 	C:\Windows\System32\gdi32full.dll
0x00007ffda72d0000 - 0x00007ffda7370000 	C:\Windows\System32\msvcp_win.dll
0x00007ffda8000000 - 0x00007ffda80fc000 	C:\Windows\System32\ucrtbase.dll
0x00007ffd98060000 - 0x00007ffd982d9000 	C:\Windows\WinSxS\amd64_microsoft.windows.common-controls_6595b64144ccf1df_6.0.17763.316_none_05b53be2071f46b6\COMCTL32.dll
0x00007ffdaa020000 - 0x00007ffdaa34d000 	C:\Windows\System32\combase.dll
0x00007ffda7250000 - 0x00007ffda72ce000 	C:\Windows\System32\bcryptPrimitives.dll
0x00007ffdaa410000 - 0x00007ffdaa43e000 	C:\Windows\System32\IMM32.DLL
0x00000000750b0000 - 0x0000000075182000 	C:\Program Files\Java\jdk1.8.0_131\jre\bin\msvcr100.dll
0x0000000075600000 - 0x0000000075e9c000 	C:\Program Files\Java\jdk1.8.0_131\jre\bin\server\jvm.dll
0x00007ffda9950000 - 0x00007ffda9958000 	C:\Windows\System32\PSAPI.DLL
0x00007ffda5370000 - 0x00007ffda5394000 	C:\Windows\SYSTEM32\WINMM.dll
0x00007ffda5310000 - 0x00007ffda533d000 	C:\Windows\SYSTEM32\WINMMBASE.dll
0x00007ffda7f90000 - 0x00007ffda7fda000 	C:\Windows\System32\cfgmgr32.dll
0x00007ffd97040000 - 0x00007ffd9704a000 	C:\Windows\SYSTEM32\VERSION.dll
0x00007ffd99610000 - 0x00007ffd99619000 	C:\Windows\SYSTEM32\WSOCK32.dll
0x00007ffdab0e0000 - 0x00007ffdab14d000 	C:\Windows\System32\WS2_32.dll
0x0000000075510000 - 0x000000007551f000 	C:\Program Files\Java\jdk1.8.0_131\jre\bin\verify.dll
0x00000000754e0000 - 0x0000000075509000 	C:\Program Files\Java\jdk1.8.0_131\jre\bin\java.dll
0x0000000075490000 - 0x00000000754a6000 	C:\Program Files\Java\jdk1.8.0_131\jre\bin\zip.dll

VM Arguments:
jvm_args: -Dmaven.multiModuleProjectDirectory=D:\project\car_manage -Dmaven.home=D:\idea\IntelliJ IDEA 2019.2.2\plugins\maven\lib\maven3 -Dclassworlds.conf=D:\idea\IntelliJ IDEA 2019.2.2\plugins\maven\lib\maven3\bin\m2.conf -Dmaven.ext.class.path=D:\idea\IntelliJ IDEA 2019.2.2\plugins\maven\lib\maven-event-listener.jar -Dfile.encoding=UTF-8 
java_command: org.codehaus.classworlds.Launcher -Didea.version2019.2.2 -s D:\idea\IntelliJ IDEA 2019.2.2\plugins\maven\lib\maven3\conf\settings.xml clean package -DskipTests
java_class_path (initial): D:\idea\IntelliJ IDEA 2019.2.2\plugins\maven\lib\maven3\boot\plexus-classworlds-2.6.0.jar
Launcher Type: SUN_STANDARD

Environment Variables:
JAVA_HOME=C:\Program Files\Java\jdk1.8.0_131
PATH=C:\Python38\Scripts\;C:\Python38\;C:\ProgramData\Oracle\Java\javapath;D:\Xftp\;D:\新建文件夹\;%Sys;emRoot%\system32;C:\Windows;C:\Windows\System32\Wbem;C:\Windows\System32\WindowsPowerShell\v1.0\;C:\Windows\System32\OpenSSH\;C:\Program Files\MySQL\MySQL Utilities 1.6\;C:\Go\bin;D:\git\Git\cmd;D:\nodejs\;C:\ProgramData\chocolatey\bin;C:\Users\Administrator\scoop\shims;C:\Users\Administrator\AppData\Local\Microsoft\WindowsApps;D:\vscode\Microsoft VS Code\bin;C:\Program Files\Java\jdk1.8.0_131\bin;C:\Program Files\Java\jdk1.8.0_131\bin;D:\idea\IntelliJ IDEA 2019.2.2\bin;;C:\Go\bin;C:\Users\Administrator\go\bin;C:\Windows\System32;C:\Users\Administrator\AppData\Roaming\npm;D:\nodejs\node_global;
USERNAME=Administrator
OS=Windows_NT
PROCESSOR_IDENTIFIER=Intel64 Family 6 Model 158 Stepping 11, GenuineIntel



---------------  S Y S T E M  ---------------

OS: Windows 10.0 , 64 bit Build 17763 (10.0.17763.292)

CPU:total 4 (initial active 4) (4 cores per cpu, 1 threads per core) family 6 model 158 stepping 11, cmov, cx8, fxsr, mmx, sse, sse2, sse3, ssse3, sse4.1, sse4.2, popcnt, avx, avx2, aes, clmul, erms, 3dnowpref, lzcnt, tsc, tscinvbit, bmi1, bmi2, adx

Memory: 4k page, physical 8304760k(1968944k free), swap 10401912k(6116k free)

vm_info: Java HotSpot(TM) 64-Bit Server VM (25.131-b11) for windows-amd64 JRE (1.8.0_131-b11), built on Mar 15 2017 01:23:53 by "java_re" with MS VC++ 10.0 (VS2010)

time: Thu Aug 06 17:45:48 2020
elapsed time: 0 seconds (0d 0h 0m 0s)

