2020-09-19 15:44:45 INFO  main com.example.car.CarApplication Starting CarApplication on ADM-2020LTSC512 with PID 19676 (D:\project\car_manage\target\classes started by Administrator in D:\project\car_manage)
2020-09-19 15:44:45 INFO  main com.example.car.CarApplication No active profile set, falling back to default profiles: default
2020-09-19 15:44:47 INFO  main org.springframework.data.repository.config.RepositoryConfigurationDelegate Multiple Spring Data modules found, entering strict repository configuration mode!
2020-09-19 15:44:47 INFO  main org.springframework.data.repository.config.RepositoryConfigurationDelegate Bootstrapping Spring Data JPA repositories in DEFERRED mode.
2020-09-19 15:44:47 INFO  main org.springframework.data.repository.config.RepositoryConfigurationDelegate Finished Spring Data repository scanning in 21ms. Found 0 JPA repository interfaces.
2020-09-19 15:44:47 INFO  main org.springframework.data.repository.config.RepositoryConfigurationDelegate Multiple Spring Data modules found, entering strict repository configuration mode!
2020-09-19 15:44:47 INFO  main org.springframework.data.repository.config.RepositoryConfigurationDelegate Bootstrapping Spring Data Redis repositories in DEFAULT mode.
2020-09-19 15:44:47 INFO  main org.springframework.data.repository.config.RepositoryConfigurationDelegate Finished Spring Data repository scanning in 5ms. Found 0 Redis repository interfaces.
2020-09-19 15:44:47 INFO  main org.springframework.boot.web.embedded.tomcat.TomcatWebServer Tomcat initialized with port(s): 8081 (https)
2020-09-19 15:44:47 INFO  main org.apache.coyote.http11.Http11NioProtocol Initializing ProtocolHandler ["https-jsse-nio-8081"]
2020-09-19 15:44:47 INFO  main org.apache.catalina.core.StandardService Starting service [Tomcat]
2020-09-19 15:44:47 INFO  main org.apache.catalina.core.StandardEngine Starting Servlet engine: [Apache Tomcat/9.0.36]
2020-09-19 15:44:47 INFO  main org.apache.catalina.core.ContainerBase.[Tomcat].[localhost].[/] Initializing Spring embedded WebApplicationContext
2020-09-19 15:44:47 INFO  main org.springframework.boot.web.servlet.context.ServletWebServerApplicationContext Root WebApplicationContext: initialization completed in 1753 ms
2020-09-19 15:44:48 INFO  main org.springframework.scheduling.concurrent.ThreadPoolTaskExecutor Initializing ExecutorService
2020-09-19 15:44:48 INFO  main org.springframework.scheduling.concurrent.ThreadPoolTaskExecutor Initializing ExecutorService 'area'
2020-09-19 15:44:49 INFO  main org.springframework.scheduling.concurrent.ThreadPoolTaskScheduler Initializing ExecutorService 'taskScheduler'
2020-09-19 15:44:49 INFO  main org.springframework.boot.actuate.endpoint.web.EndpointLinksResolver Exposing 2 endpoint(s) beneath base path '/actuator'
2020-09-19 15:44:49 INFO  main org.apache.coyote.http11.Http11NioProtocol Starting ProtocolHandler ["https-jsse-nio-8081"]
2020-09-19 15:44:50 INFO  main org.springframework.boot.web.embedded.tomcat.TomcatWebServer Tomcat started on port(s): 8081 (https) with context path ''
2020-09-19 15:44:50 INFO  main org.springframework.data.repository.config.DeferredRepositoryInitializationListener Triggering deferred initialization of Spring Data repositories…
2020-09-19 15:44:50 INFO  main org.springframework.data.repository.config.DeferredRepositoryInitializationListener Spring Data repositories initialized!
2020-09-19 15:44:50 INFO  main com.example.car.CarApplication Started CarApplication in 4.847 seconds (JVM running for 7.445)
2020-09-19 15:44:50 INFO  RMI TCP Connection(3)-192.168.124.7 org.apache.catalina.core.ContainerBase.[Tomcat].[localhost].[/] Initializing Spring DispatcherServlet 'dispatcherServlet'
2020-09-19 15:44:50 INFO  RMI TCP Connection(3)-192.168.124.7 org.springframework.web.servlet.DispatcherServlet Initializing Servlet 'dispatcherServlet'
2020-09-19 15:44:50 INFO  RMI TCP Connection(3)-192.168.124.7 org.springframework.web.servlet.DispatcherServlet Completed initialization in 7 ms
2020-09-19 15:44:51 INFO  RMI TCP Connection(5)-192.168.124.7 com.zaxxer.hikari.HikariDataSource HikariPool-1 - Starting...
2020-09-19 15:44:51 INFO  RMI TCP Connection(5)-192.168.124.7 com.zaxxer.hikari.HikariDataSource HikariPool-1 - Start completed.
2020-09-19 15:44:51 INFO  RMI TCP Connection(5)-192.168.124.7 com.zaxxer.hikari.HikariDataSource HikariPool-2 - Starting...
2020-09-19 15:44:52 INFO  RMI TCP Connection(5)-192.168.124.7 com.zaxxer.hikari.HikariDataSource HikariPool-2 - Start completed.
2020-09-19 15:46:43 INFO  main com.example.car.CarApplication Starting CarApplication on ADM-2020LTSC512 with PID 20948 (D:\project\car_manage\target\classes started by Administrator in D:\project\car_manage)
2020-09-19 15:46:43 INFO  main com.example.car.CarApplication No active profile set, falling back to default profiles: default
2020-09-19 15:46:45 INFO  main org.springframework.data.repository.config.RepositoryConfigurationDelegate Multiple Spring Data modules found, entering strict repository configuration mode!
2020-09-19 15:46:45 INFO  main org.springframework.data.repository.config.RepositoryConfigurationDelegate Bootstrapping Spring Data JPA repositories in DEFERRED mode.
2020-09-19 15:46:45 INFO  main org.springframework.data.repository.config.RepositoryConfigurationDelegate Finished Spring Data repository scanning in 17ms. Found 0 JPA repository interfaces.
2020-09-19 15:46:45 INFO  main org.springframework.data.repository.config.RepositoryConfigurationDelegate Multiple Spring Data modules found, entering strict repository configuration mode!
2020-09-19 15:46:45 INFO  main org.springframework.data.repository.config.RepositoryConfigurationDelegate Bootstrapping Spring Data Redis repositories in DEFAULT mode.
2020-09-19 15:46:45 INFO  main org.springframework.data.repository.config.RepositoryConfigurationDelegate Finished Spring Data repository scanning in 10ms. Found 0 Redis repository interfaces.
2020-09-19 15:46:45 INFO  main org.springframework.boot.web.embedded.tomcat.TomcatWebServer Tomcat initialized with port(s): 8081 (https)
2020-09-19 15:46:45 INFO  main org.apache.coyote.http11.Http11NioProtocol Initializing ProtocolHandler ["https-jsse-nio-8081"]
2020-09-19 15:46:45 INFO  main org.apache.catalina.core.StandardService Starting service [Tomcat]
2020-09-19 15:46:45 INFO  main org.apache.catalina.core.StandardEngine Starting Servlet engine: [Apache Tomcat/9.0.36]
2020-09-19 15:46:46 INFO  main org.apache.catalina.core.ContainerBase.[Tomcat].[localhost].[/] Initializing Spring embedded WebApplicationContext
2020-09-19 15:46:46 INFO  main org.springframework.boot.web.servlet.context.ServletWebServerApplicationContext Root WebApplicationContext: initialization completed in 2077 ms
2020-09-19 15:46:46 INFO  main org.springframework.scheduling.concurrent.ThreadPoolTaskExecutor Initializing ExecutorService
2020-09-19 15:46:46 INFO  main org.springframework.scheduling.concurrent.ThreadPoolTaskExecutor Initializing ExecutorService 'area'
2020-09-19 15:46:47 INFO  main org.springframework.scheduling.concurrent.ThreadPoolTaskScheduler Initializing ExecutorService 'taskScheduler'
2020-09-19 15:46:47 INFO  main org.springframework.boot.actuate.endpoint.web.EndpointLinksResolver Exposing 2 endpoint(s) beneath base path '/actuator'
2020-09-19 15:46:47 INFO  main org.apache.coyote.http11.Http11NioProtocol Starting ProtocolHandler ["https-jsse-nio-8081"]
2020-09-19 15:46:47 INFO  main org.springframework.scheduling.concurrent.ThreadPoolTaskScheduler Shutting down ExecutorService 'taskScheduler'
2020-09-19 15:46:47 INFO  main org.springframework.scheduling.concurrent.ThreadPoolTaskExecutor Shutting down ExecutorService 'area'
2020-09-19 15:46:47 INFO  main org.apache.coyote.http11.Http11NioProtocol Pausing ProtocolHandler ["https-jsse-nio-8081"]
2020-09-19 15:46:47 INFO  main org.apache.catalina.core.StandardService Stopping service [Tomcat]
2020-09-19 15:46:47 INFO  main org.apache.coyote.http11.Http11NioProtocol Stopping ProtocolHandler ["https-jsse-nio-8081"]
2020-09-19 15:46:47 INFO  main org.apache.coyote.http11.Http11NioProtocol Destroying ProtocolHandler ["https-jsse-nio-8081"]
2020-09-19 15:46:47 INFO  main org.springframework.boot.autoconfigure.logging.ConditionEvaluationReportLoggingListener 

Error starting ApplicationContext. To display the conditions report re-run your application with 'debug' enabled.
2020-09-19 15:51:41 INFO  main com.example.car.CarApplication Starting CarApplication on ADM-2020LTSC512 with PID 5072 (D:\project\car_manage\target\classes started by Administrator in D:\project\car_manage)
2020-09-19 15:51:41 INFO  main com.example.car.CarApplication No active profile set, falling back to default profiles: default
2020-09-19 15:51:42 INFO  main org.springframework.data.repository.config.RepositoryConfigurationDelegate Multiple Spring Data modules found, entering strict repository configuration mode!
2020-09-19 15:51:42 INFO  main org.springframework.data.repository.config.RepositoryConfigurationDelegate Bootstrapping Spring Data JPA repositories in DEFERRED mode.
2020-09-19 15:51:42 INFO  main org.springframework.data.repository.config.RepositoryConfigurationDelegate Finished Spring Data repository scanning in 33ms. Found 0 JPA repository interfaces.
2020-09-19 15:51:42 INFO  main org.springframework.data.repository.config.RepositoryConfigurationDelegate Multiple Spring Data modules found, entering strict repository configuration mode!
2020-09-19 15:51:42 INFO  main org.springframework.data.repository.config.RepositoryConfigurationDelegate Bootstrapping Spring Data Redis repositories in DEFAULT mode.
2020-09-19 15:51:42 INFO  main org.springframework.data.repository.config.RepositoryConfigurationDelegate Finished Spring Data repository scanning in 8ms. Found 0 Redis repository interfaces.
2020-09-19 15:51:42 INFO  main org.springframework.boot.web.embedded.tomcat.TomcatWebServer Tomcat initialized with port(s): 8081 (https)
2020-09-19 15:51:43 INFO  main org.apache.coyote.http11.Http11NioProtocol Initializing ProtocolHandler ["https-jsse-nio-8081"]
2020-09-19 15:51:43 INFO  main org.apache.catalina.core.StandardService Starting service [Tomcat]
2020-09-19 15:51:43 INFO  main org.apache.catalina.core.StandardEngine Starting Servlet engine: [Apache Tomcat/9.0.36]
2020-09-19 15:51:43 INFO  main org.apache.catalina.core.ContainerBase.[Tomcat].[localhost].[/] Initializing Spring embedded WebApplicationContext
2020-09-19 15:51:43 INFO  main org.springframework.boot.web.servlet.context.ServletWebServerApplicationContext Root WebApplicationContext: initialization completed in 1502 ms
2020-09-19 15:51:43 INFO  main org.springframework.scheduling.concurrent.ThreadPoolTaskExecutor Initializing ExecutorService
2020-09-19 15:51:43 INFO  main org.springframework.scheduling.concurrent.ThreadPoolTaskExecutor Initializing ExecutorService 'area'
2020-09-19 15:51:44 INFO  main org.springframework.scheduling.concurrent.ThreadPoolTaskScheduler Initializing ExecutorService 'taskScheduler'
2020-09-19 15:51:44 INFO  main org.springframework.boot.actuate.endpoint.web.EndpointLinksResolver Exposing 2 endpoint(s) beneath base path '/actuator'
2020-09-19 15:51:44 INFO  main org.apache.coyote.http11.Http11NioProtocol Starting ProtocolHandler ["https-jsse-nio-8081"]
2020-09-19 15:51:44 INFO  main org.springframework.boot.web.embedded.tomcat.TomcatWebServer Tomcat started on port(s): 8081 (https) with context path ''
2020-09-19 15:51:44 INFO  main org.springframework.data.repository.config.DeferredRepositoryInitializationListener Triggering deferred initialization of Spring Data repositories…
2020-09-19 15:51:44 INFO  main org.springframework.data.repository.config.DeferredRepositoryInitializationListener Spring Data repositories initialized!
2020-09-19 15:51:44 INFO  main com.example.car.CarApplication Started CarApplication in 3.589 seconds (JVM running for 6.202)
2020-09-19 15:51:44 INFO  RMI TCP Connection(1)-192.168.124.7 org.apache.catalina.core.ContainerBase.[Tomcat].[localhost].[/] Initializing Spring DispatcherServlet 'dispatcherServlet'
2020-09-19 15:51:44 INFO  RMI TCP Connection(1)-192.168.124.7 org.springframework.web.servlet.DispatcherServlet Initializing Servlet 'dispatcherServlet'
2020-09-19 15:51:44 INFO  RMI TCP Connection(1)-192.168.124.7 org.springframework.web.servlet.DispatcherServlet Completed initialization in 9 ms
2020-09-19 15:51:45 INFO  RMI TCP Connection(3)-192.168.124.7 com.zaxxer.hikari.HikariDataSource HikariPool-1 - Starting...
2020-09-19 15:51:46 INFO  RMI TCP Connection(3)-192.168.124.7 com.zaxxer.hikari.HikariDataSource HikariPool-1 - Start completed.
2020-09-19 15:51:46 INFO  RMI TCP Connection(3)-192.168.124.7 com.zaxxer.hikari.HikariDataSource HikariPool-2 - Starting...
2020-09-19 15:51:46 INFO  RMI TCP Connection(3)-192.168.124.7 com.zaxxer.hikari.HikariDataSource HikariPool-2 - Start completed.
2020-09-19 16:07:07 INFO  main com.example.car.CarApplication Starting CarApplication on ADM-2020LTSC512 with PID 18292 (D:\project\car_manage\target\classes started by Administrator in D:\project\car_manage)
2020-09-19 16:07:07 INFO  main com.example.car.CarApplication No active profile set, falling back to default profiles: default
2020-09-19 16:07:08 INFO  main org.springframework.data.repository.config.RepositoryConfigurationDelegate Multiple Spring Data modules found, entering strict repository configuration mode!
2020-09-19 16:07:08 INFO  main org.springframework.data.repository.config.RepositoryConfigurationDelegate Bootstrapping Spring Data JPA repositories in DEFERRED mode.
2020-09-19 16:07:08 INFO  main org.springframework.data.repository.config.RepositoryConfigurationDelegate Finished Spring Data repository scanning in 16ms. Found 0 JPA repository interfaces.
2020-09-19 16:07:08 INFO  main org.springframework.data.repository.config.RepositoryConfigurationDelegate Multiple Spring Data modules found, entering strict repository configuration mode!
2020-09-19 16:07:08 INFO  main org.springframework.data.repository.config.RepositoryConfigurationDelegate Bootstrapping Spring Data Redis repositories in DEFAULT mode.
2020-09-19 16:07:08 INFO  main org.springframework.data.repository.config.RepositoryConfigurationDelegate Finished Spring Data repository scanning in 4ms. Found 0 Redis repository interfaces.
2020-09-19 16:07:08 INFO  main org.springframework.boot.web.embedded.tomcat.TomcatWebServer Tomcat initialized with port(s): 8081 (https)
2020-09-19 16:07:08 INFO  main org.apache.coyote.http11.Http11NioProtocol Initializing ProtocolHandler ["https-jsse-nio-8081"]
2020-09-19 16:07:08 INFO  main org.apache.catalina.core.StandardService Starting service [Tomcat]
2020-09-19 16:07:08 INFO  main org.apache.catalina.core.StandardEngine Starting Servlet engine: [Apache Tomcat/9.0.36]
2020-09-19 16:07:08 INFO  main org.apache.catalina.core.ContainerBase.[Tomcat].[localhost].[/] Initializing Spring embedded WebApplicationContext
2020-09-19 16:07:08 INFO  main org.springframework.boot.web.servlet.context.ServletWebServerApplicationContext Root WebApplicationContext: initialization completed in 1342 ms
2020-09-19 16:07:09 INFO  main org.springframework.scheduling.concurrent.ThreadPoolTaskExecutor Initializing ExecutorService
2020-09-19 16:07:09 INFO  main org.springframework.scheduling.concurrent.ThreadPoolTaskExecutor Initializing ExecutorService 'area'
2020-09-19 16:07:09 INFO  main org.springframework.scheduling.concurrent.ThreadPoolTaskScheduler Initializing ExecutorService 'taskScheduler'
2020-09-19 16:07:09 INFO  main org.springframework.boot.actuate.endpoint.web.EndpointLinksResolver Exposing 2 endpoint(s) beneath base path '/actuator'
2020-09-19 16:07:10 INFO  main org.apache.coyote.http11.Http11NioProtocol Starting ProtocolHandler ["https-jsse-nio-8081"]
2020-09-19 16:07:10 INFO  main org.springframework.boot.web.embedded.tomcat.TomcatWebServer Tomcat started on port(s): 8081 (https) with context path ''
2020-09-19 16:07:10 INFO  main org.springframework.data.repository.config.DeferredRepositoryInitializationListener Triggering deferred initialization of Spring Data repositories…
2020-09-19 16:07:10 INFO  main org.springframework.data.repository.config.DeferredRepositoryInitializationListener Spring Data repositories initialized!
2020-09-19 16:07:10 INFO  main com.example.car.CarApplication Started CarApplication in 3.58 seconds (JVM running for 5.421)
2020-09-19 16:07:10 INFO  RMI TCP Connection(1)-192.168.124.7 com.zaxxer.hikari.HikariDataSource HikariPool-1 - Starting...
2020-09-19 16:07:11 INFO  RMI TCP Connection(1)-192.168.124.7 com.zaxxer.hikari.HikariDataSource HikariPool-1 - Start completed.
2020-09-19 16:07:11 INFO  RMI TCP Connection(1)-192.168.124.7 com.zaxxer.hikari.HikariDataSource HikariPool-2 - Starting...
2020-09-19 16:07:11 INFO  RMI TCP Connection(1)-192.168.124.7 com.zaxxer.hikari.HikariDataSource HikariPool-2 - Start completed.
2020-09-19 16:07:12 INFO  RMI TCP Connection(3)-192.168.124.7 org.apache.catalina.core.ContainerBase.[Tomcat].[localhost].[/] Initializing Spring DispatcherServlet 'dispatcherServlet'
2020-09-19 16:07:12 INFO  RMI TCP Connection(3)-192.168.124.7 org.springframework.web.servlet.DispatcherServlet Initializing Servlet 'dispatcherServlet'
2020-09-19 16:07:12 INFO  RMI TCP Connection(3)-192.168.124.7 org.springframework.web.servlet.DispatcherServlet Completed initialization in 6 ms
