2021-02-20 09:42:12 INFO  main com.example.car.CarApplication Starting CarApplication on ADM-2020LTSC512 with PID 10788 (D:\project\car_manage\target\classes started by Administrator in D:\project\car_manage)
2021-02-20 09:42:12 INFO  main com.example.car.CarApplication The following profiles are active: dev
2021-02-20 09:42:13 INFO  main org.springframework.data.repository.config.RepositoryConfigurationDelegate Multiple Spring Data modules found, entering strict repository configuration mode!
2021-02-20 09:42:13 INFO  main org.springframework.data.repository.config.RepositoryConfigurationDelegate Bootstrapping Spring Data JPA repositories in DEFERRED mode.
2021-02-20 09:42:13 INFO  main org.springframework.data.repository.config.RepositoryConfigurationDelegate Finished Spring Data repository scanning in 20ms. Found 0 JPA repository interfaces.
2021-02-20 09:42:13 INFO  main org.springframework.data.repository.config.RepositoryConfigurationDelegate Multiple Spring Data modules found, entering strict repository configuration mode!
2021-02-20 09:42:13 INFO  main org.springframework.data.repository.config.RepositoryConfigurationDelegate Bootstrapping Spring Data Redis repositories in DEFAULT mode.
2021-02-20 09:42:13 INFO  main org.springframework.data.repository.config.RepositoryConfigurationDelegate Finished Spring Data repository scanning in 6ms. Found 0 Redis repository interfaces.
2021-02-20 09:42:13 INFO  main org.springframework.context.support.PostProcessorRegistrationDelegate$BeanPostProcessorChecker Bean 'redisCacheConfiguration' of type [com.example.car.common.utils.redis.RedisCacheConfiguration$$EnhancerBySpringCGLIB$$fb9a1501] is not eligible for getting processed by all BeanPostProcessors (for example: not eligible for auto-proxying)
2021-02-20 09:42:14 INFO  main org.springframework.boot.web.embedded.tomcat.TomcatWebServer Tomcat initialized with port(s): 8081 (https)
2021-02-20 09:42:14 INFO  main org.apache.coyote.http11.Http11NioProtocol Initializing ProtocolHandler ["https-jsse-nio-8081"]
2021-02-20 09:42:14 INFO  main org.apache.catalina.core.StandardService Starting service [Tomcat]
2021-02-20 09:42:14 INFO  main org.apache.catalina.core.StandardEngine Starting Servlet engine: [Apache Tomcat/9.0.36]
2021-02-20 09:42:14 INFO  main org.apache.catalina.core.ContainerBase.[Tomcat].[localhost].[/] Initializing Spring embedded WebApplicationContext
2021-02-20 09:42:14 INFO  main org.springframework.boot.web.servlet.context.ServletWebServerApplicationContext Root WebApplicationContext: initialization completed in 1519 ms
2021-02-20 09:42:52 INFO  main com.example.car.CarApplication Starting CarApplication on ADM-2020LTSC512 with PID 1132 (D:\project\car_manage\target\classes started by Administrator in D:\project\car_manage)
2021-02-20 09:42:52 INFO  main com.example.car.CarApplication The following profiles are active: dev
2021-02-20 09:42:53 INFO  main org.springframework.data.repository.config.RepositoryConfigurationDelegate Multiple Spring Data modules found, entering strict repository configuration mode!
2021-02-20 09:42:53 INFO  main org.springframework.data.repository.config.RepositoryConfigurationDelegate Bootstrapping Spring Data JPA repositories in DEFERRED mode.
2021-02-20 09:42:53 INFO  main org.springframework.data.repository.config.RepositoryConfigurationDelegate Finished Spring Data repository scanning in 20ms. Found 0 JPA repository interfaces.
2021-02-20 09:42:53 INFO  main org.springframework.data.repository.config.RepositoryConfigurationDelegate Multiple Spring Data modules found, entering strict repository configuration mode!
2021-02-20 09:42:53 INFO  main org.springframework.data.repository.config.RepositoryConfigurationDelegate Bootstrapping Spring Data Redis repositories in DEFAULT mode.
2021-02-20 09:42:53 INFO  main org.springframework.data.repository.config.RepositoryConfigurationDelegate Finished Spring Data repository scanning in 6ms. Found 0 Redis repository interfaces.
2021-02-20 09:42:53 INFO  main org.springframework.context.support.PostProcessorRegistrationDelegate$BeanPostProcessorChecker Bean 'redisCacheConfiguration' of type [com.example.car.common.utils.redis.RedisCacheConfiguration$$EnhancerBySpringCGLIB$$a8bdd162] is not eligible for getting processed by all BeanPostProcessors (for example: not eligible for auto-proxying)
2021-02-20 09:42:53 INFO  main org.springframework.boot.web.embedded.tomcat.TomcatWebServer Tomcat initialized with port(s): 8081 (https)
2021-02-20 09:42:53 INFO  main org.apache.coyote.http11.Http11NioProtocol Initializing ProtocolHandler ["https-jsse-nio-8081"]
2021-02-20 09:42:53 INFO  main org.apache.catalina.core.StandardService Starting service [Tomcat]
2021-02-20 09:42:53 INFO  main org.apache.catalina.core.StandardEngine Starting Servlet engine: [Apache Tomcat/9.0.36]
2021-02-20 09:42:53 INFO  main org.apache.catalina.core.ContainerBase.[Tomcat].[localhost].[/] Initializing Spring embedded WebApplicationContext
2021-02-20 09:42:53 INFO  main org.springframework.boot.web.servlet.context.ServletWebServerApplicationContext Root WebApplicationContext: initialization completed in 1574 ms
2021-02-20 09:42:54 INFO  main org.springframework.scheduling.concurrent.ThreadPoolTaskExecutor Initializing ExecutorService
2021-02-20 09:42:54 INFO  main org.springframework.scheduling.concurrent.ThreadPoolTaskExecutor Initializing ExecutorService 'area'
2021-02-20 09:42:54 INFO  main com.example.car.common.utils.redis.RedisCacheConfiguration JedisPool注入成功！！
2021-02-20 09:42:54 INFO  main com.example.car.common.utils.redis.RedisCacheConfiguration redis地址：127.0.0.1:6379
2021-02-20 09:42:55 INFO  main org.springframework.scheduling.concurrent.ThreadPoolTaskScheduler Initializing ExecutorService 'taskScheduler'
2021-02-20 09:42:55 INFO  main org.springframework.boot.actuate.endpoint.web.EndpointLinksResolver Exposing 2 endpoint(s) beneath base path '/actuator'
2021-02-20 09:42:55 INFO  main org.apache.coyote.http11.Http11NioProtocol Starting ProtocolHandler ["https-jsse-nio-8081"]
2021-02-20 09:42:55 INFO  main org.springframework.boot.web.embedded.tomcat.TomcatWebServer Tomcat started on port(s): 8081 (https) with context path ''
2021-02-20 09:42:55 INFO  main org.springframework.data.repository.config.DeferredRepositoryInitializationListener Triggering deferred initialization of Spring Data repositories…
2021-02-20 09:42:55 INFO  main org.springframework.data.repository.config.DeferredRepositoryInitializationListener Spring Data repositories initialized!
2021-02-20 09:42:55 INFO  main com.example.car.CarApplication Started CarApplication in 4.054 seconds (JVM running for 4.886)
2021-02-20 09:42:56 INFO  RMI TCP Connection(3)-192.168.124.7 com.zaxxer.hikari.HikariDataSource HikariPool-1 - Starting...
2021-02-20 09:42:56 INFO  RMI TCP Connection(3)-192.168.124.7 com.zaxxer.hikari.HikariDataSource HikariPool-1 - Start completed.
2021-02-20 09:42:56 INFO  RMI TCP Connection(3)-192.168.124.7 com.zaxxer.hikari.HikariDataSource HikariPool-2 - Starting...
2021-02-20 09:42:56 INFO  RMI TCP Connection(5)-192.168.124.7 org.apache.catalina.core.ContainerBase.[Tomcat].[localhost].[/] Initializing Spring DispatcherServlet 'dispatcherServlet'
2021-02-20 09:42:56 INFO  RMI TCP Connection(5)-192.168.124.7 org.springframework.web.servlet.DispatcherServlet Initializing Servlet 'dispatcherServlet'
2021-02-20 09:42:56 INFO  RMI TCP Connection(5)-192.168.124.7 org.springframework.web.servlet.DispatcherServlet Completed initialization in 5 ms
2021-02-20 09:42:56 INFO  RMI TCP Connection(3)-192.168.124.7 com.zaxxer.hikari.HikariDataSource HikariPool-2 - Start completed.
2021-02-20 09:43:59 INFO  https-jsse-nio-8081-exec-8 org.apache.coyote.http11.Http11Processor Error parsing HTTP request header
 Note: further occurrences of HTTP request parsing errors will be logged at DEBUG level.
java.lang.IllegalArgumentException: Request header is too large
	at org.apache.coyote.http11.Http11InputBuffer.fill(Http11InputBuffer.java:766)
	at org.apache.coyote.http11.Http11InputBuffer.parseRequestLine(Http11InputBuffer.java:452)
	at org.apache.coyote.http11.Http11Processor.service(Http11Processor.java:260)
	at org.apache.coyote.AbstractProcessorLight.process(AbstractProcessorLight.java:65)
	at org.apache.coyote.AbstractProtocol$ConnectionHandler.process(AbstractProtocol.java:868)
	at org.apache.tomcat.util.net.NioEndpoint$SocketProcessor.doRun(NioEndpoint.java:1590)
	at org.apache.tomcat.util.net.SocketProcessorBase.run(SocketProcessorBase.java:49)
	at java.util.concurrent.ThreadPoolExecutor.runWorker(ThreadPoolExecutor.java:1142)
	at java.util.concurrent.ThreadPoolExecutor$Worker.run(ThreadPoolExecutor.java:617)
	at org.apache.tomcat.util.threads.TaskThread$WrappingRunnable.run(TaskThread.java:61)
	at java.lang.Thread.run(Thread.java:748)
2021-02-20 09:50:41 INFO  main com.example.car.CarApplication Starting CarApplication on ADM-2020LTSC512 with PID 5508 (D:\project\car_manage\target\classes started by Administrator in D:\project\car_manage)
2021-02-20 09:50:41 INFO  main com.example.car.CarApplication The following profiles are active: dev
2021-02-20 09:50:42 INFO  main org.springframework.data.repository.config.RepositoryConfigurationDelegate Multiple Spring Data modules found, entering strict repository configuration mode!
2021-02-20 09:50:42 INFO  main org.springframework.data.repository.config.RepositoryConfigurationDelegate Bootstrapping Spring Data JPA repositories in DEFERRED mode.
2021-02-20 09:50:42 INFO  main org.springframework.data.repository.config.RepositoryConfigurationDelegate Finished Spring Data repository scanning in 20ms. Found 0 JPA repository interfaces.
2021-02-20 09:50:42 INFO  main org.springframework.data.repository.config.RepositoryConfigurationDelegate Multiple Spring Data modules found, entering strict repository configuration mode!
2021-02-20 09:50:42 INFO  main org.springframework.data.repository.config.RepositoryConfigurationDelegate Bootstrapping Spring Data Redis repositories in DEFAULT mode.
2021-02-20 09:50:42 INFO  main org.springframework.data.repository.config.RepositoryConfigurationDelegate Finished Spring Data repository scanning in 7ms. Found 0 Redis repository interfaces.
2021-02-20 09:50:42 INFO  main org.springframework.context.support.PostProcessorRegistrationDelegate$BeanPostProcessorChecker Bean 'redisCacheConfiguration' of type [com.example.car.common.utils.redis.RedisCacheConfiguration$$EnhancerBySpringCGLIB$$5a877036] is not eligible for getting processed by all BeanPostProcessors (for example: not eligible for auto-proxying)
2021-02-20 09:50:42 INFO  main org.springframework.boot.web.embedded.tomcat.TomcatWebServer Tomcat initialized with port(s): 8081 (https)
2021-02-20 09:50:42 INFO  main org.apache.coyote.http11.Http11NioProtocol Initializing ProtocolHandler ["https-jsse-nio-8081"]
2021-02-20 09:50:42 INFO  main org.apache.catalina.core.StandardService Starting service [Tomcat]
2021-02-20 09:50:42 INFO  main org.apache.catalina.core.StandardEngine Starting Servlet engine: [Apache Tomcat/9.0.36]
2021-02-20 09:50:42 INFO  main org.apache.catalina.core.ContainerBase.[Tomcat].[localhost].[/] Initializing Spring embedded WebApplicationContext
2021-02-20 09:50:42 INFO  main org.springframework.boot.web.servlet.context.ServletWebServerApplicationContext Root WebApplicationContext: initialization completed in 1409 ms
2021-02-20 09:50:43 INFO  main org.springframework.scheduling.concurrent.ThreadPoolTaskExecutor Initializing ExecutorService
2021-02-20 09:50:43 INFO  main org.springframework.scheduling.concurrent.ThreadPoolTaskExecutor Initializing ExecutorService 'area'
2021-02-20 09:50:43 INFO  main com.example.car.common.utils.redis.RedisCacheConfiguration JedisPool注入成功！！
2021-02-20 09:50:43 INFO  main com.example.car.common.utils.redis.RedisCacheConfiguration redis地址：127.0.0.1:6379
2021-02-20 09:50:44 INFO  main org.springframework.scheduling.concurrent.ThreadPoolTaskScheduler Initializing ExecutorService 'taskScheduler'
2021-02-20 09:50:44 INFO  main org.springframework.boot.actuate.endpoint.web.EndpointLinksResolver Exposing 2 endpoint(s) beneath base path '/actuator'
2021-02-20 09:50:44 INFO  main org.apache.coyote.http11.Http11NioProtocol Starting ProtocolHandler ["https-jsse-nio-8081"]
2021-02-20 09:50:44 INFO  main org.springframework.boot.web.embedded.tomcat.TomcatWebServer Tomcat started on port(s): 8081 (https) with context path ''
2021-02-20 09:50:44 INFO  main org.springframework.data.repository.config.DeferredRepositoryInitializationListener Triggering deferred initialization of Spring Data repositories…
2021-02-20 09:50:44 INFO  main org.springframework.data.repository.config.DeferredRepositoryInitializationListener Spring Data repositories initialized!
2021-02-20 09:50:44 INFO  main com.example.car.CarApplication Started CarApplication in 3.912 seconds (JVM running for 4.762)
2021-02-20 09:50:45 INFO  RMI TCP Connection(2)-192.168.124.7 org.apache.catalina.core.ContainerBase.[Tomcat].[localhost].[/] Initializing Spring DispatcherServlet 'dispatcherServlet'
2021-02-20 09:50:45 INFO  RMI TCP Connection(2)-192.168.124.7 org.springframework.web.servlet.DispatcherServlet Initializing Servlet 'dispatcherServlet'
2021-02-20 09:50:45 INFO  RMI TCP Connection(1)-192.168.124.7 com.zaxxer.hikari.HikariDataSource HikariPool-1 - Starting...
2021-02-20 09:50:45 INFO  RMI TCP Connection(2)-192.168.124.7 org.springframework.web.servlet.DispatcherServlet Completed initialization in 6 ms
2021-02-20 09:50:45 INFO  RMI TCP Connection(1)-192.168.124.7 com.zaxxer.hikari.HikariDataSource HikariPool-1 - Start completed.
2021-02-20 09:50:45 INFO  RMI TCP Connection(1)-192.168.124.7 com.zaxxer.hikari.HikariDataSource HikariPool-2 - Starting...
2021-02-20 09:50:45 INFO  RMI TCP Connection(1)-192.168.124.7 com.zaxxer.hikari.HikariDataSource HikariPool-2 - Start completed.
