2020-09-10 09:01:18 INFO  main com.example.car.CarApplication Starting CarApplication on ADM-2020LTSC512 with PID 3436 (D:\project\car_manage\target\classes started by Administrator in D:\project\car_manage)
2020-09-10 09:01:18 INFO  main com.example.car.CarApplication No active profile set, falling back to default profiles: default
2020-09-10 09:01:19 INFO  main org.springframework.data.repository.config.RepositoryConfigurationDelegate Multiple Spring Data modules found, entering strict repository configuration mode!
2020-09-10 09:01:19 INFO  main org.springframework.data.repository.config.RepositoryConfigurationDelegate Bootstrapping Spring Data JPA repositories in DEFERRED mode.
2020-09-10 09:01:19 INFO  main org.springframework.data.repository.config.RepositoryConfigurationDelegate Finished Spring Data repository scanning in 18ms. Found 0 JPA repository interfaces.
2020-09-10 09:01:19 INFO  main org.springframework.data.repository.config.RepositoryConfigurationDelegate Multiple Spring Data modules found, entering strict repository configuration mode!
2020-09-10 09:01:19 INFO  main org.springframework.data.repository.config.RepositoryConfigurationDelegate Bootstrapping Spring Data Redis repositories in DEFAULT mode.
2020-09-10 09:01:19 INFO  main org.springframework.data.repository.config.RepositoryConfigurationDelegate Finished Spring Data repository scanning in 4ms. Found 0 Redis repository interfaces.
2020-09-10 09:01:20 INFO  main org.springframework.boot.web.embedded.tomcat.TomcatWebServer Tomcat initialized with port(s): 8081 (https)
2020-09-10 09:01:20 INFO  main org.apache.coyote.http11.Http11NioProtocol Initializing ProtocolHandler ["https-jsse-nio-8081"]
2020-09-10 09:01:20 INFO  main org.apache.catalina.core.StandardService Starting service [Tomcat]
2020-09-10 09:01:20 INFO  main org.apache.catalina.core.StandardEngine Starting Servlet engine: [Apache Tomcat/9.0.36]
2020-09-10 09:01:20 INFO  main org.apache.catalina.core.ContainerBase.[Tomcat].[localhost].[/] Initializing Spring embedded WebApplicationContext
2020-09-10 09:01:20 INFO  main org.springframework.boot.web.servlet.context.ServletWebServerApplicationContext Root WebApplicationContext: initialization completed in 1520 ms
2020-09-10 09:01:21 INFO  main org.springframework.scheduling.concurrent.ThreadPoolTaskExecutor Initializing ExecutorService
2020-09-10 09:01:21 INFO  main org.springframework.scheduling.concurrent.ThreadPoolTaskExecutor Initializing ExecutorService 'area'
2020-09-10 09:01:21 INFO  main org.springframework.scheduling.concurrent.ThreadPoolTaskScheduler Initializing ExecutorService 'taskScheduler'
2020-09-10 09:01:21 INFO  main org.springframework.boot.actuate.endpoint.web.EndpointLinksResolver Exposing 2 endpoint(s) beneath base path '/actuator'
2020-09-10 09:01:21 INFO  main org.apache.coyote.http11.Http11NioProtocol Starting ProtocolHandler ["https-jsse-nio-8081"]
2020-09-10 09:01:22 INFO  main org.springframework.boot.web.embedded.tomcat.TomcatWebServer Tomcat started on port(s): 8081 (https) with context path ''
2020-09-10 09:01:22 INFO  main org.springframework.data.repository.config.DeferredRepositoryInitializationListener Triggering deferred initialization of Spring Data repositories…
2020-09-10 09:01:22 INFO  main org.springframework.data.repository.config.DeferredRepositoryInitializationListener Spring Data repositories initialized!
2020-09-10 09:01:22 INFO  main com.example.car.CarApplication Started CarApplication in 3.707 seconds (JVM running for 5.69)
2020-09-10 09:01:22 INFO  RMI TCP Connection(4)-192.168.124.20 org.apache.catalina.core.ContainerBase.[Tomcat].[localhost].[/] Initializing Spring DispatcherServlet 'dispatcherServlet'
2020-09-10 09:01:22 INFO  RMI TCP Connection(4)-192.168.124.20 org.springframework.web.servlet.DispatcherServlet Initializing Servlet 'dispatcherServlet'
2020-09-10 09:01:22 INFO  RMI TCP Connection(3)-192.168.124.20 com.zaxxer.hikari.HikariDataSource HikariPool-1 - Starting...
2020-09-10 09:01:22 INFO  RMI TCP Connection(4)-192.168.124.20 org.springframework.web.servlet.DispatcherServlet Completed initialization in 5 ms
2020-09-10 09:01:22 INFO  RMI TCP Connection(3)-192.168.124.20 com.zaxxer.hikari.HikariDataSource HikariPool-1 - Start completed.
2020-09-10 09:01:22 INFO  RMI TCP Connection(3)-192.168.124.20 com.zaxxer.hikari.HikariDataSource HikariPool-2 - Starting...
2020-09-10 09:01:23 INFO  RMI TCP Connection(3)-192.168.124.20 com.zaxxer.hikari.HikariDataSource HikariPool-2 - Start completed.
2020-09-10 09:02:32 INFO  main com.example.car.CarApplication Starting CarApplication on ADM-2020LTSC512 with PID 11616 (D:\project\car_manage\target\classes started by Administrator in D:\project\car_manage)
2020-09-10 09:02:32 INFO  main com.example.car.CarApplication No active profile set, falling back to default profiles: default
2020-09-10 09:02:33 INFO  main org.springframework.data.repository.config.RepositoryConfigurationDelegate Multiple Spring Data modules found, entering strict repository configuration mode!
2020-09-10 09:02:33 INFO  main org.springframework.data.repository.config.RepositoryConfigurationDelegate Bootstrapping Spring Data JPA repositories in DEFERRED mode.
2020-09-10 09:02:33 INFO  main org.springframework.data.repository.config.RepositoryConfigurationDelegate Finished Spring Data repository scanning in 17ms. Found 0 JPA repository interfaces.
2020-09-10 09:02:33 INFO  main org.springframework.data.repository.config.RepositoryConfigurationDelegate Multiple Spring Data modules found, entering strict repository configuration mode!
2020-09-10 09:02:33 INFO  main org.springframework.data.repository.config.RepositoryConfigurationDelegate Bootstrapping Spring Data Redis repositories in DEFAULT mode.
2020-09-10 09:02:33 INFO  main org.springframework.data.repository.config.RepositoryConfigurationDelegate Finished Spring Data repository scanning in 4ms. Found 0 Redis repository interfaces.
2020-09-10 09:02:34 INFO  main org.springframework.boot.web.embedded.tomcat.TomcatWebServer Tomcat initialized with port(s): 8081 (https)
2020-09-10 09:02:34 INFO  main org.apache.coyote.http11.Http11NioProtocol Initializing ProtocolHandler ["https-jsse-nio-8081"]
2020-09-10 09:02:34 INFO  main org.apache.catalina.core.StandardService Starting service [Tomcat]
2020-09-10 09:02:34 INFO  main org.apache.catalina.core.StandardEngine Starting Servlet engine: [Apache Tomcat/9.0.36]
2020-09-10 09:02:34 INFO  main org.apache.catalina.core.ContainerBase.[Tomcat].[localhost].[/] Initializing Spring embedded WebApplicationContext
2020-09-10 09:02:34 INFO  main org.springframework.boot.web.servlet.context.ServletWebServerApplicationContext Root WebApplicationContext: initialization completed in 1581 ms
2020-09-10 09:02:35 INFO  main org.springframework.scheduling.concurrent.ThreadPoolTaskExecutor Initializing ExecutorService
2020-09-10 09:02:35 INFO  main org.springframework.scheduling.concurrent.ThreadPoolTaskExecutor Initializing ExecutorService 'area'
2020-09-10 09:02:35 INFO  main org.springframework.scheduling.concurrent.ThreadPoolTaskScheduler Initializing ExecutorService 'taskScheduler'
2020-09-10 09:02:35 INFO  main org.springframework.boot.actuate.endpoint.web.EndpointLinksResolver Exposing 2 endpoint(s) beneath base path '/actuator'
2020-09-10 09:02:35 INFO  main org.apache.coyote.http11.Http11NioProtocol Starting ProtocolHandler ["https-jsse-nio-8081"]
2020-09-10 09:02:35 INFO  main org.springframework.boot.web.embedded.tomcat.TomcatWebServer Tomcat started on port(s): 8081 (https) with context path ''
2020-09-10 09:02:35 INFO  main org.springframework.data.repository.config.DeferredRepositoryInitializationListener Triggering deferred initialization of Spring Data repositories…
2020-09-10 09:02:35 INFO  main org.springframework.data.repository.config.DeferredRepositoryInitializationListener Spring Data repositories initialized!
2020-09-10 09:02:35 INFO  main com.example.car.CarApplication Started CarApplication in 3.38 seconds (JVM running for 4.847)
2020-09-10 09:02:36 INFO  RMI TCP Connection(4)-192.168.124.20 org.apache.catalina.core.ContainerBase.[Tomcat].[localhost].[/] Initializing Spring DispatcherServlet 'dispatcherServlet'
2020-09-10 09:02:36 INFO  RMI TCP Connection(4)-192.168.124.20 org.springframework.web.servlet.DispatcherServlet Initializing Servlet 'dispatcherServlet'
2020-09-10 09:02:36 INFO  RMI TCP Connection(3)-192.168.124.20 com.zaxxer.hikari.HikariDataSource HikariPool-1 - Starting...
2020-09-10 09:02:36 INFO  RMI TCP Connection(4)-192.168.124.20 org.springframework.web.servlet.DispatcherServlet Completed initialization in 6 ms
2020-09-10 09:02:36 INFO  RMI TCP Connection(3)-192.168.124.20 com.zaxxer.hikari.HikariDataSource HikariPool-1 - Start completed.
2020-09-10 09:02:36 INFO  RMI TCP Connection(3)-192.168.124.20 com.zaxxer.hikari.HikariDataSource HikariPool-2 - Starting...
2020-09-10 09:02:36 INFO  RMI TCP Connection(3)-192.168.124.20 com.zaxxer.hikari.HikariDataSource HikariPool-2 - Start completed.
2020-09-10 09:06:30 INFO  main com.example.car.CarApplication Starting CarApplication on ADM-2020LTSC512 with PID 6860 (D:\project\car_manage\target\classes started by Administrator in D:\project\car_manage)
2020-09-10 09:06:30 INFO  main com.example.car.CarApplication No active profile set, falling back to default profiles: default
2020-09-10 09:06:32 INFO  main org.springframework.data.repository.config.RepositoryConfigurationDelegate Multiple Spring Data modules found, entering strict repository configuration mode!
2020-09-10 09:06:32 INFO  main org.springframework.data.repository.config.RepositoryConfigurationDelegate Bootstrapping Spring Data JPA repositories in DEFERRED mode.
2020-09-10 09:06:32 INFO  main org.springframework.data.repository.config.RepositoryConfigurationDelegate Finished Spring Data repository scanning in 23ms. Found 0 JPA repository interfaces.
2020-09-10 09:06:32 INFO  main org.springframework.data.repository.config.RepositoryConfigurationDelegate Multiple Spring Data modules found, entering strict repository configuration mode!
2020-09-10 09:06:32 INFO  main org.springframework.data.repository.config.RepositoryConfigurationDelegate Bootstrapping Spring Data Redis repositories in DEFAULT mode.
2020-09-10 09:06:32 INFO  main org.springframework.data.repository.config.RepositoryConfigurationDelegate Finished Spring Data repository scanning in 5ms. Found 0 Redis repository interfaces.
2020-09-10 09:06:32 INFO  main org.springframework.boot.web.embedded.tomcat.TomcatWebServer Tomcat initialized with port(s): 8081 (https)
2020-09-10 09:06:32 INFO  main org.apache.coyote.http11.Http11NioProtocol Initializing ProtocolHandler ["https-jsse-nio-8081"]
2020-09-10 09:06:32 INFO  main org.apache.catalina.core.StandardService Starting service [Tomcat]
2020-09-10 09:06:32 INFO  main org.apache.catalina.core.StandardEngine Starting Servlet engine: [Apache Tomcat/9.0.36]
2020-09-10 09:06:32 INFO  main org.apache.catalina.core.ContainerBase.[Tomcat].[localhost].[/] Initializing Spring embedded WebApplicationContext
2020-09-10 09:06:32 INFO  main org.springframework.boot.web.servlet.context.ServletWebServerApplicationContext Root WebApplicationContext: initialization completed in 1628 ms
2020-09-10 09:06:33 INFO  main org.springframework.scheduling.concurrent.ThreadPoolTaskExecutor Initializing ExecutorService
2020-09-10 09:06:33 INFO  main org.springframework.scheduling.concurrent.ThreadPoolTaskExecutor Initializing ExecutorService 'area'
2020-09-10 09:06:33 INFO  main org.springframework.scheduling.concurrent.ThreadPoolTaskScheduler Initializing ExecutorService 'taskScheduler'
2020-09-10 09:06:33 INFO  main org.springframework.boot.actuate.endpoint.web.EndpointLinksResolver Exposing 2 endpoint(s) beneath base path '/actuator'
2020-09-10 09:06:33 INFO  main org.apache.coyote.http11.Http11NioProtocol Starting ProtocolHandler ["https-jsse-nio-8081"]
2020-09-10 09:06:33 INFO  main org.springframework.boot.web.embedded.tomcat.TomcatWebServer Tomcat started on port(s): 8081 (https) with context path ''
2020-09-10 09:06:33 INFO  main org.springframework.data.repository.config.DeferredRepositoryInitializationListener Triggering deferred initialization of Spring Data repositories…
2020-09-10 09:06:33 INFO  main org.springframework.data.repository.config.DeferredRepositoryInitializationListener Spring Data repositories initialized!
2020-09-10 09:06:34 INFO  main com.example.car.CarApplication Started CarApplication in 3.486 seconds (JVM running for 5.159)
2020-09-10 09:06:34 INFO  RMI TCP Connection(5)-192.168.124.20 com.zaxxer.hikari.HikariDataSource HikariPool-1 - Starting...
2020-09-10 09:06:34 INFO  RMI TCP Connection(7)-192.168.124.20 org.apache.catalina.core.ContainerBase.[Tomcat].[localhost].[/] Initializing Spring DispatcherServlet 'dispatcherServlet'
2020-09-10 09:06:34 INFO  RMI TCP Connection(7)-192.168.124.20 org.springframework.web.servlet.DispatcherServlet Initializing Servlet 'dispatcherServlet'
2020-09-10 09:06:34 INFO  RMI TCP Connection(7)-192.168.124.20 org.springframework.web.servlet.DispatcherServlet Completed initialization in 5 ms
2020-09-10 09:06:34 INFO  RMI TCP Connection(5)-192.168.124.20 com.zaxxer.hikari.HikariDataSource HikariPool-1 - Start completed.
2020-09-10 09:06:34 INFO  RMI TCP Connection(5)-192.168.124.20 com.zaxxer.hikari.HikariDataSource HikariPool-2 - Starting...
2020-09-10 09:06:34 INFO  RMI TCP Connection(5)-192.168.124.20 com.zaxxer.hikari.HikariDataSource HikariPool-2 - Start completed.
2020-09-10 09:21:47 INFO  main com.example.car.CarApplication Starting CarApplication on ADM-2020LTSC512 with PID 10620 (D:\project\car_manage\target\classes started by Administrator in D:\project\car_manage)
2020-09-10 09:21:47 INFO  main com.example.car.CarApplication No active profile set, falling back to default profiles: default
2020-09-10 09:21:48 INFO  main org.springframework.data.repository.config.RepositoryConfigurationDelegate Multiple Spring Data modules found, entering strict repository configuration mode!
2020-09-10 09:21:48 INFO  main org.springframework.data.repository.config.RepositoryConfigurationDelegate Bootstrapping Spring Data JPA repositories in DEFERRED mode.
2020-09-10 09:21:48 INFO  main org.springframework.data.repository.config.RepositoryConfigurationDelegate Finished Spring Data repository scanning in 15ms. Found 0 JPA repository interfaces.
2020-09-10 09:21:48 INFO  main org.springframework.data.repository.config.RepositoryConfigurationDelegate Multiple Spring Data modules found, entering strict repository configuration mode!
2020-09-10 09:21:48 INFO  main org.springframework.data.repository.config.RepositoryConfigurationDelegate Bootstrapping Spring Data Redis repositories in DEFAULT mode.
2020-09-10 09:21:48 INFO  main org.springframework.data.repository.config.RepositoryConfigurationDelegate Finished Spring Data repository scanning in 4ms. Found 0 Redis repository interfaces.
2020-09-10 09:21:49 INFO  main org.springframework.boot.web.embedded.tomcat.TomcatWebServer Tomcat initialized with port(s): 8081 (https)
2020-09-10 09:21:49 INFO  main org.apache.coyote.http11.Http11NioProtocol Initializing ProtocolHandler ["https-jsse-nio-8081"]
2020-09-10 09:21:49 INFO  main org.apache.catalina.core.StandardService Starting service [Tomcat]
2020-09-10 09:21:49 INFO  main org.apache.catalina.core.StandardEngine Starting Servlet engine: [Apache Tomcat/9.0.36]
2020-09-10 09:21:49 INFO  main org.apache.catalina.core.ContainerBase.[Tomcat].[localhost].[/] Initializing Spring embedded WebApplicationContext
2020-09-10 09:21:49 INFO  main org.springframework.boot.web.servlet.context.ServletWebServerApplicationContext Root WebApplicationContext: initialization completed in 1298 ms
2020-09-10 09:21:49 INFO  main org.apache.catalina.core.StandardService Stopping service [Tomcat]
2020-09-10 09:21:49 INFO  main org.springframework.boot.autoconfigure.logging.ConditionEvaluationReportLoggingListener 

Error starting ApplicationContext. To display the conditions report re-run your application with 'debug' enabled.
2020-09-10 09:22:17 INFO  main com.example.car.CarApplication Starting CarApplication on ADM-2020LTSC512 with PID 2604 (D:\project\car_manage\target\classes started by Administrator in D:\project\car_manage)
2020-09-10 09:22:17 INFO  main com.example.car.CarApplication No active profile set, falling back to default profiles: default
2020-09-10 09:22:17 INFO  main org.springframework.data.repository.config.RepositoryConfigurationDelegate Multiple Spring Data modules found, entering strict repository configuration mode!
2020-09-10 09:22:17 INFO  main org.springframework.data.repository.config.RepositoryConfigurationDelegate Bootstrapping Spring Data JPA repositories in DEFERRED mode.
2020-09-10 09:22:17 INFO  main org.springframework.data.repository.config.RepositoryConfigurationDelegate Finished Spring Data repository scanning in 17ms. Found 0 JPA repository interfaces.
2020-09-10 09:22:17 INFO  main org.springframework.data.repository.config.RepositoryConfigurationDelegate Multiple Spring Data modules found, entering strict repository configuration mode!
2020-09-10 09:22:17 INFO  main org.springframework.data.repository.config.RepositoryConfigurationDelegate Bootstrapping Spring Data Redis repositories in DEFAULT mode.
2020-09-10 09:22:17 INFO  main org.springframework.data.repository.config.RepositoryConfigurationDelegate Finished Spring Data repository scanning in 4ms. Found 0 Redis repository interfaces.
2020-09-10 09:22:18 INFO  main org.springframework.boot.web.embedded.tomcat.TomcatWebServer Tomcat initialized with port(s): 8081 (https)
2020-09-10 09:22:18 INFO  main org.apache.coyote.http11.Http11NioProtocol Initializing ProtocolHandler ["https-jsse-nio-8081"]
2020-09-10 09:22:18 INFO  main org.apache.catalina.core.StandardService Starting service [Tomcat]
2020-09-10 09:22:18 INFO  main org.apache.catalina.core.StandardEngine Starting Servlet engine: [Apache Tomcat/9.0.36]
2020-09-10 09:22:18 INFO  main org.apache.catalina.core.ContainerBase.[Tomcat].[localhost].[/] Initializing Spring embedded WebApplicationContext
2020-09-10 09:22:18 INFO  main org.springframework.boot.web.servlet.context.ServletWebServerApplicationContext Root WebApplicationContext: initialization completed in 1187 ms
2020-09-10 09:22:18 INFO  main org.apache.catalina.core.StandardService Stopping service [Tomcat]
2020-09-10 09:22:18 INFO  main org.springframework.boot.autoconfigure.logging.ConditionEvaluationReportLoggingListener 

Error starting ApplicationContext. To display the conditions report re-run your application with 'debug' enabled.
2020-09-10 09:23:19 INFO  main com.example.car.CarApplication Starting CarApplication on ADM-2020LTSC512 with PID 12824 (D:\project\car_manage\target\classes started by Administrator in D:\project\car_manage)
2020-09-10 09:23:19 INFO  main com.example.car.CarApplication No active profile set, falling back to default profiles: default
2020-09-10 09:23:20 INFO  main org.springframework.data.repository.config.RepositoryConfigurationDelegate Multiple Spring Data modules found, entering strict repository configuration mode!
2020-09-10 09:23:20 INFO  main org.springframework.data.repository.config.RepositoryConfigurationDelegate Bootstrapping Spring Data JPA repositories in DEFERRED mode.
2020-09-10 09:23:20 INFO  main org.springframework.data.repository.config.RepositoryConfigurationDelegate Finished Spring Data repository scanning in 20ms. Found 0 JPA repository interfaces.
2020-09-10 09:23:20 INFO  main org.springframework.data.repository.config.RepositoryConfigurationDelegate Multiple Spring Data modules found, entering strict repository configuration mode!
2020-09-10 09:23:20 INFO  main org.springframework.data.repository.config.RepositoryConfigurationDelegate Bootstrapping Spring Data Redis repositories in DEFAULT mode.
2020-09-10 09:23:20 INFO  main org.springframework.data.repository.config.RepositoryConfigurationDelegate Finished Spring Data repository scanning in 4ms. Found 0 Redis repository interfaces.
2020-09-10 09:23:20 INFO  main org.springframework.boot.web.embedded.tomcat.TomcatWebServer Tomcat initialized with port(s): 8081 (https)
2020-09-10 09:23:20 INFO  main org.apache.coyote.http11.Http11NioProtocol Initializing ProtocolHandler ["https-jsse-nio-8081"]
2020-09-10 09:23:20 INFO  main org.apache.catalina.core.StandardService Starting service [Tomcat]
2020-09-10 09:23:20 INFO  main org.apache.catalina.core.StandardEngine Starting Servlet engine: [Apache Tomcat/9.0.36]
2020-09-10 09:23:20 INFO  main org.apache.catalina.core.ContainerBase.[Tomcat].[localhost].[/] Initializing Spring embedded WebApplicationContext
2020-09-10 09:23:20 INFO  main org.springframework.boot.web.servlet.context.ServletWebServerApplicationContext Root WebApplicationContext: initialization completed in 1355 ms
2020-09-10 09:23:21 INFO  main org.springframework.scheduling.concurrent.ThreadPoolTaskExecutor Initializing ExecutorService
2020-09-10 09:23:21 INFO  main org.springframework.scheduling.concurrent.ThreadPoolTaskExecutor Initializing ExecutorService 'area'
2020-09-10 09:23:22 INFO  main org.springframework.scheduling.concurrent.ThreadPoolTaskScheduler Initializing ExecutorService 'taskScheduler'
2020-09-10 09:23:22 INFO  main org.springframework.boot.actuate.endpoint.web.EndpointLinksResolver Exposing 2 endpoint(s) beneath base path '/actuator'
2020-09-10 09:23:22 INFO  main org.apache.coyote.http11.Http11NioProtocol Starting ProtocolHandler ["https-jsse-nio-8081"]
2020-09-10 09:23:22 INFO  main org.springframework.boot.web.embedded.tomcat.TomcatWebServer Tomcat started on port(s): 8081 (https) with context path ''
2020-09-10 09:23:22 INFO  main org.springframework.data.repository.config.DeferredRepositoryInitializationListener Triggering deferred initialization of Spring Data repositories…
2020-09-10 09:23:22 INFO  main org.springframework.data.repository.config.DeferredRepositoryInitializationListener Spring Data repositories initialized!
2020-09-10 09:23:22 INFO  main com.example.car.CarApplication Started CarApplication in 3.334 seconds (JVM running for 4.18)
2020-09-10 09:23:22 INFO  RMI TCP Connection(3)-192.168.124.20 org.apache.catalina.core.ContainerBase.[Tomcat].[localhost].[/] Initializing Spring DispatcherServlet 'dispatcherServlet'
2020-09-10 09:23:22 INFO  RMI TCP Connection(3)-192.168.124.20 org.springframework.web.servlet.DispatcherServlet Initializing Servlet 'dispatcherServlet'
2020-09-10 09:23:22 INFO  RMI TCP Connection(4)-192.168.124.20 com.zaxxer.hikari.HikariDataSource HikariPool-1 - Starting...
2020-09-10 09:23:22 INFO  RMI TCP Connection(3)-192.168.124.20 org.springframework.web.servlet.DispatcherServlet Completed initialization in 6 ms
2020-09-10 09:23:23 INFO  RMI TCP Connection(4)-192.168.124.20 com.zaxxer.hikari.HikariDataSource HikariPool-1 - Start completed.
2020-09-10 09:23:23 INFO  RMI TCP Connection(4)-192.168.124.20 com.zaxxer.hikari.HikariDataSource HikariPool-2 - Starting...
2020-09-10 09:23:23 INFO  RMI TCP Connection(4)-192.168.124.20 com.zaxxer.hikari.HikariDataSource HikariPool-2 - Start completed.
2020-09-10 09:53:09 INFO  main com.example.car.CarApplication Starting CarApplication on ADM-2020LTSC512 with PID 5580 (D:\project\car_manage\target\classes started by Administrator in D:\project\car_manage)
2020-09-10 09:53:09 INFO  main com.example.car.CarApplication No active profile set, falling back to default profiles: default
2020-09-10 09:53:10 INFO  main org.springframework.data.repository.config.RepositoryConfigurationDelegate Multiple Spring Data modules found, entering strict repository configuration mode!
2020-09-10 09:53:10 INFO  main org.springframework.data.repository.config.RepositoryConfigurationDelegate Bootstrapping Spring Data JPA repositories in DEFERRED mode.
2020-09-10 09:53:10 INFO  main org.springframework.data.repository.config.RepositoryConfigurationDelegate Finished Spring Data repository scanning in 18ms. Found 0 JPA repository interfaces.
2020-09-10 09:53:10 INFO  main org.springframework.data.repository.config.RepositoryConfigurationDelegate Multiple Spring Data modules found, entering strict repository configuration mode!
2020-09-10 09:53:10 INFO  main org.springframework.data.repository.config.RepositoryConfigurationDelegate Bootstrapping Spring Data Redis repositories in DEFAULT mode.
2020-09-10 09:53:10 INFO  main org.springframework.data.repository.config.RepositoryConfigurationDelegate Finished Spring Data repository scanning in 6ms. Found 0 Redis repository interfaces.
2020-09-10 09:53:10 INFO  main org.springframework.boot.web.embedded.tomcat.TomcatWebServer Tomcat initialized with port(s): 8081 (https)
2020-09-10 09:53:10 INFO  main org.apache.coyote.http11.Http11NioProtocol Initializing ProtocolHandler ["https-jsse-nio-8081"]
2020-09-10 09:53:10 INFO  main org.apache.catalina.core.StandardService Starting service [Tomcat]
2020-09-10 09:53:10 INFO  main org.apache.catalina.core.StandardEngine Starting Servlet engine: [Apache Tomcat/9.0.36]
2020-09-10 09:53:10 INFO  main org.apache.catalina.core.ContainerBase.[Tomcat].[localhost].[/] Initializing Spring embedded WebApplicationContext
2020-09-10 09:53:10 INFO  main org.springframework.boot.web.servlet.context.ServletWebServerApplicationContext Root WebApplicationContext: initialization completed in 1407 ms
2020-09-10 09:53:11 INFO  main org.springframework.scheduling.concurrent.ThreadPoolTaskExecutor Initializing ExecutorService
2020-09-10 09:53:11 INFO  main org.springframework.scheduling.concurrent.ThreadPoolTaskExecutor Initializing ExecutorService 'area'
2020-09-10 09:53:11 INFO  main org.springframework.scheduling.concurrent.ThreadPoolTaskScheduler Initializing ExecutorService 'taskScheduler'
2020-09-10 09:53:11 INFO  main org.springframework.boot.actuate.endpoint.web.EndpointLinksResolver Exposing 2 endpoint(s) beneath base path '/actuator'
2020-09-10 09:53:11 INFO  main org.apache.coyote.http11.Http11NioProtocol Starting ProtocolHandler ["https-jsse-nio-8081"]
2020-09-10 09:53:12 INFO  main org.springframework.boot.web.embedded.tomcat.TomcatWebServer Tomcat started on port(s): 8081 (https) with context path ''
2020-09-10 09:53:12 INFO  main org.springframework.data.repository.config.DeferredRepositoryInitializationListener Triggering deferred initialization of Spring Data repositories…
2020-09-10 09:53:12 INFO  main org.springframework.data.repository.config.DeferredRepositoryInitializationListener Spring Data repositories initialized!
2020-09-10 09:53:12 INFO  main com.example.car.CarApplication Started CarApplication in 3.531 seconds (JVM running for 5.099)
2020-09-10 09:53:12 INFO  RMI TCP Connection(3)-192.168.124.20 org.apache.catalina.core.ContainerBase.[Tomcat].[localhost].[/] Initializing Spring DispatcherServlet 'dispatcherServlet'
2020-09-10 09:53:12 INFO  RMI TCP Connection(3)-192.168.124.20 org.springframework.web.servlet.DispatcherServlet Initializing Servlet 'dispatcherServlet'
2020-09-10 09:53:12 INFO  RMI TCP Connection(4)-192.168.124.20 com.zaxxer.hikari.HikariDataSource HikariPool-1 - Starting...
2020-09-10 09:53:12 INFO  RMI TCP Connection(3)-192.168.124.20 org.springframework.web.servlet.DispatcherServlet Completed initialization in 5 ms
2020-09-10 09:53:12 INFO  RMI TCP Connection(4)-192.168.124.20 com.zaxxer.hikari.HikariDataSource HikariPool-1 - Start completed.
2020-09-10 09:53:12 INFO  RMI TCP Connection(4)-192.168.124.20 com.zaxxer.hikari.HikariDataSource HikariPool-2 - Starting...
2020-09-10 09:53:13 INFO  RMI TCP Connection(4)-192.168.124.20 com.zaxxer.hikari.HikariDataSource HikariPool-2 - Start completed.
2020-09-10 09:57:25 INFO  main com.example.car.CarApplication Starting CarApplication on ADM-2020LTSC512 with PID 10660 (D:\project\car_manage\target\classes started by Administrator in D:\project\car_manage)
2020-09-10 09:57:25 INFO  main com.example.car.CarApplication No active profile set, falling back to default profiles: default
2020-09-10 09:57:26 INFO  main org.springframework.data.repository.config.RepositoryConfigurationDelegate Multiple Spring Data modules found, entering strict repository configuration mode!
2020-09-10 09:57:26 INFO  main org.springframework.data.repository.config.RepositoryConfigurationDelegate Bootstrapping Spring Data JPA repositories in DEFERRED mode.
2020-09-10 09:57:26 INFO  main org.springframework.data.repository.config.RepositoryConfigurationDelegate Finished Spring Data repository scanning in 15ms. Found 0 JPA repository interfaces.
2020-09-10 09:57:26 INFO  main org.springframework.data.repository.config.RepositoryConfigurationDelegate Multiple Spring Data modules found, entering strict repository configuration mode!
2020-09-10 09:57:26 INFO  main org.springframework.data.repository.config.RepositoryConfigurationDelegate Bootstrapping Spring Data Redis repositories in DEFAULT mode.
2020-09-10 09:57:26 INFO  main org.springframework.data.repository.config.RepositoryConfigurationDelegate Finished Spring Data repository scanning in 4ms. Found 0 Redis repository interfaces.
2020-09-10 09:57:26 INFO  main org.springframework.boot.web.embedded.tomcat.TomcatWebServer Tomcat initialized with port(s): 8081 (https)
2020-09-10 09:57:26 INFO  main org.apache.coyote.http11.Http11NioProtocol Initializing ProtocolHandler ["https-jsse-nio-8081"]
2020-09-10 09:57:26 INFO  main org.apache.catalina.core.StandardService Starting service [Tomcat]
2020-09-10 09:57:26 INFO  main org.apache.catalina.core.StandardEngine Starting Servlet engine: [Apache Tomcat/9.0.36]
2020-09-10 09:57:26 INFO  main org.apache.catalina.core.ContainerBase.[Tomcat].[localhost].[/] Initializing Spring embedded WebApplicationContext
2020-09-10 09:57:26 INFO  main org.springframework.boot.web.servlet.context.ServletWebServerApplicationContext Root WebApplicationContext: initialization completed in 1535 ms
2020-09-10 09:57:27 INFO  main org.springframework.scheduling.concurrent.ThreadPoolTaskExecutor Initializing ExecutorService
2020-09-10 09:57:27 INFO  main org.springframework.scheduling.concurrent.ThreadPoolTaskExecutor Initializing ExecutorService 'area'
2020-09-10 09:57:28 INFO  main org.springframework.scheduling.concurrent.ThreadPoolTaskScheduler Initializing ExecutorService 'taskScheduler'
2020-09-10 09:57:28 INFO  main org.springframework.boot.actuate.endpoint.web.EndpointLinksResolver Exposing 2 endpoint(s) beneath base path '/actuator'
2020-09-10 09:57:28 INFO  main org.apache.coyote.http11.Http11NioProtocol Starting ProtocolHandler ["https-jsse-nio-8081"]
2020-09-10 09:57:28 INFO  main org.springframework.boot.web.embedded.tomcat.TomcatWebServer Tomcat started on port(s): 8081 (https) with context path ''
2020-09-10 09:57:28 INFO  main org.springframework.data.repository.config.DeferredRepositoryInitializationListener Triggering deferred initialization of Spring Data repositories…
2020-09-10 09:57:28 INFO  main org.springframework.data.repository.config.DeferredRepositoryInitializationListener Spring Data repositories initialized!
2020-09-10 09:57:28 INFO  main com.example.car.CarApplication Started CarApplication in 3.43 seconds (JVM running for 4.685)
2020-09-10 09:57:28 INFO  RMI TCP Connection(4)-192.168.124.20 org.apache.catalina.core.ContainerBase.[Tomcat].[localhost].[/] Initializing Spring DispatcherServlet 'dispatcherServlet'
2020-09-10 09:57:28 INFO  RMI TCP Connection(4)-192.168.124.20 org.springframework.web.servlet.DispatcherServlet Initializing Servlet 'dispatcherServlet'
2020-09-10 09:57:28 INFO  RMI TCP Connection(3)-192.168.124.20 com.zaxxer.hikari.HikariDataSource HikariPool-1 - Starting...
2020-09-10 09:57:28 INFO  RMI TCP Connection(4)-192.168.124.20 org.springframework.web.servlet.DispatcherServlet Completed initialization in 5 ms
2020-09-10 09:57:29 INFO  RMI TCP Connection(3)-192.168.124.20 com.zaxxer.hikari.HikariDataSource HikariPool-1 - Start completed.
2020-09-10 09:57:29 INFO  RMI TCP Connection(3)-192.168.124.20 com.zaxxer.hikari.HikariDataSource HikariPool-2 - Starting...
2020-09-10 09:57:29 INFO  RMI TCP Connection(3)-192.168.124.20 com.zaxxer.hikari.HikariDataSource HikariPool-2 - Start completed.
