2020-10-26 11:05:49 INFO  main com.example.car.CarApplication Starting CarApplication on ADM-2020LTSC512 with PID 8692 (D:\project\car_manage\target\classes started by Administrator in D:\project\car_manage)
2020-10-26 11:05:49 INFO  main com.example.car.CarApplication No active profile set, falling back to default profiles: default
2020-10-26 11:05:50 INFO  main org.springframework.data.repository.config.RepositoryConfigurationDelegate Multiple Spring Data modules found, entering strict repository configuration mode!
2020-10-26 11:05:50 INFO  main org.springframework.data.repository.config.RepositoryConfigurationDelegate Bootstrapping Spring Data JPA repositories in DEFERRED mode.
2020-10-26 11:05:50 INFO  main org.springframework.data.repository.config.RepositoryConfigurationDelegate Finished Spring Data repository scanning in 21ms. Found 0 JPA repository interfaces.
2020-10-26 11:05:50 INFO  main org.springframework.data.repository.config.RepositoryConfigurationDelegate Multiple Spring Data modules found, entering strict repository configuration mode!
2020-10-26 11:05:50 INFO  main org.springframework.data.repository.config.RepositoryConfigurationDelegate Bootstrapping Spring Data Redis repositories in DEFAULT mode.
2020-10-26 11:05:50 INFO  main org.springframework.data.repository.config.RepositoryConfigurationDelegate Finished Spring Data repository scanning in 4ms. Found 0 Redis repository interfaces.
2020-10-26 11:06:03 INFO  main com.example.car.CarApplication Starting CarApplication on ADM-2020LTSC512 with PID 2532 (D:\project\car_manage\target\classes started by Administrator in D:\project\car_manage)
2020-10-26 11:06:03 INFO  main com.example.car.CarApplication No active profile set, falling back to default profiles: default
2020-10-26 11:06:04 INFO  main org.springframework.data.repository.config.RepositoryConfigurationDelegate Multiple Spring Data modules found, entering strict repository configuration mode!
2020-10-26 11:06:04 INFO  main org.springframework.data.repository.config.RepositoryConfigurationDelegate Bootstrapping Spring Data JPA repositories in DEFERRED mode.
2020-10-26 11:06:04 INFO  main org.springframework.data.repository.config.RepositoryConfigurationDelegate Finished Spring Data repository scanning in 16ms. Found 0 JPA repository interfaces.
2020-10-26 11:06:04 INFO  main org.springframework.data.repository.config.RepositoryConfigurationDelegate Multiple Spring Data modules found, entering strict repository configuration mode!
2020-10-26 11:06:04 INFO  main org.springframework.data.repository.config.RepositoryConfigurationDelegate Bootstrapping Spring Data Redis repositories in DEFAULT mode.
2020-10-26 11:06:04 INFO  main org.springframework.data.repository.config.RepositoryConfigurationDelegate Finished Spring Data repository scanning in 5ms. Found 0 Redis repository interfaces.
2020-10-26 11:06:05 INFO  main org.springframework.boot.autoconfigure.logging.ConditionEvaluationReportLoggingListener 

Error starting ApplicationContext. To display the conditions report re-run your application with 'debug' enabled.
2020-10-26 11:14:06 INFO  main com.example.car.CarApplication Starting CarApplication on ADM-2020LTSC512 with PID 4616 (D:\project\car_manage\target\classes started by Administrator in D:\project\car_manage)
2020-10-26 11:14:06 INFO  main com.example.car.CarApplication No active profile set, falling back to default profiles: default
2020-10-26 11:14:07 INFO  main org.springframework.data.repository.config.RepositoryConfigurationDelegate Multiple Spring Data modules found, entering strict repository configuration mode!
2020-10-26 11:14:07 INFO  main org.springframework.data.repository.config.RepositoryConfigurationDelegate Bootstrapping Spring Data JPA repositories in DEFERRED mode.
2020-10-26 11:14:07 INFO  main org.springframework.data.repository.config.RepositoryConfigurationDelegate Finished Spring Data repository scanning in 17ms. Found 0 JPA repository interfaces.
2020-10-26 11:14:07 INFO  main org.springframework.data.repository.config.RepositoryConfigurationDelegate Multiple Spring Data modules found, entering strict repository configuration mode!
2020-10-26 11:14:07 INFO  main org.springframework.data.repository.config.RepositoryConfigurationDelegate Bootstrapping Spring Data Redis repositories in DEFAULT mode.
2020-10-26 11:14:07 INFO  main org.springframework.data.repository.config.RepositoryConfigurationDelegate Finished Spring Data repository scanning in 5ms. Found 0 Redis repository interfaces.
2020-10-26 11:14:07 INFO  main org.springframework.context.support.PostProcessorRegistrationDelegate$BeanPostProcessorChecker Bean 'redisCacheConfiguration' of type [com.example.car.common.utils.redis.RedisCacheConfiguration$$EnhancerBySpringCGLIB$$205d19b9] is not eligible for getting processed by all BeanPostProcessors (for example: not eligible for auto-proxying)
2020-10-26 11:14:07 INFO  main org.springframework.boot.web.embedded.tomcat.TomcatWebServer Tomcat initialized with port(s): 8081 (https)
2020-10-26 11:14:07 INFO  main org.apache.coyote.http11.Http11NioProtocol Initializing ProtocolHandler ["https-jsse-nio-8081"]
2020-10-26 11:14:07 INFO  main org.apache.catalina.core.StandardService Starting service [Tomcat]
2020-10-26 11:14:07 INFO  main org.apache.catalina.core.StandardEngine Starting Servlet engine: [Apache Tomcat/9.0.36]
2020-10-26 11:14:07 INFO  main org.apache.catalina.core.ContainerBase.[Tomcat].[localhost].[/] Initializing Spring embedded WebApplicationContext
2020-10-26 11:14:07 INFO  main org.springframework.boot.web.servlet.context.ServletWebServerApplicationContext Root WebApplicationContext: initialization completed in 1417 ms
2020-10-26 11:14:08 INFO  main org.springframework.scheduling.concurrent.ThreadPoolTaskExecutor Initializing ExecutorService
2020-10-26 11:14:08 INFO  main org.springframework.scheduling.concurrent.ThreadPoolTaskExecutor Initializing ExecutorService 'area'
2020-10-26 11:14:08 INFO  main com.example.car.common.utils.redis.RedisCacheConfiguration JedisPool注入成功！！
2020-10-26 11:14:08 INFO  main com.example.car.common.utils.redis.RedisCacheConfiguration redis地址：127.0.0.1:6379
2020-10-26 11:14:09 INFO  main org.springframework.scheduling.concurrent.ThreadPoolTaskScheduler Initializing ExecutorService 'taskScheduler'
2020-10-26 11:14:09 INFO  main org.springframework.boot.actuate.endpoint.web.EndpointLinksResolver Exposing 2 endpoint(s) beneath base path '/actuator'
2020-10-26 11:14:09 INFO  main org.apache.coyote.http11.Http11NioProtocol Starting ProtocolHandler ["https-jsse-nio-8081"]
2020-10-26 11:14:09 INFO  main org.springframework.boot.web.embedded.tomcat.TomcatWebServer Tomcat started on port(s): 8081 (https) with context path ''
2020-10-26 11:14:09 INFO  main org.springframework.data.repository.config.DeferredRepositoryInitializationListener Triggering deferred initialization of Spring Data repositories…
2020-10-26 11:14:09 INFO  main org.springframework.data.repository.config.DeferredRepositoryInitializationListener Spring Data repositories initialized!
2020-10-26 11:14:09 INFO  main com.example.car.CarApplication Started CarApplication in 3.823 seconds (JVM running for 4.665)
2020-10-26 11:14:10 INFO  RMI TCP Connection(2)-192.168.124.7 org.apache.catalina.core.ContainerBase.[Tomcat].[localhost].[/] Initializing Spring DispatcherServlet 'dispatcherServlet'
2020-10-26 11:14:10 INFO  RMI TCP Connection(2)-192.168.124.7 org.springframework.web.servlet.DispatcherServlet Initializing Servlet 'dispatcherServlet'
2020-10-26 11:14:10 INFO  RMI TCP Connection(1)-192.168.124.7 com.zaxxer.hikari.HikariDataSource HikariPool-1 - Starting...
2020-10-26 11:14:10 INFO  RMI TCP Connection(2)-192.168.124.7 org.springframework.web.servlet.DispatcherServlet Completed initialization in 6 ms
2020-10-26 11:14:10 INFO  RMI TCP Connection(1)-192.168.124.7 com.zaxxer.hikari.HikariDataSource HikariPool-1 - Start completed.
2020-10-26 11:14:10 INFO  RMI TCP Connection(1)-192.168.124.7 com.zaxxer.hikari.HikariDataSource HikariPool-2 - Starting...
2020-10-26 11:14:11 INFO  RMI TCP Connection(1)-192.168.124.7 com.zaxxer.hikari.HikariDataSource HikariPool-2 - Start completed.
2020-10-26 11:17:57 INFO  main com.example.car.CarApplication Starting CarApplication on ADM-2020LTSC512 with PID 3484 (D:\project\car_manage\target\classes started by Administrator in D:\project\car_manage)
2020-10-26 11:17:57 INFO  main com.example.car.CarApplication No active profile set, falling back to default profiles: default
2020-10-26 11:17:58 INFO  main org.springframework.data.repository.config.RepositoryConfigurationDelegate Multiple Spring Data modules found, entering strict repository configuration mode!
2020-10-26 11:17:58 INFO  main org.springframework.data.repository.config.RepositoryConfigurationDelegate Bootstrapping Spring Data JPA repositories in DEFERRED mode.
2020-10-26 11:17:58 INFO  main org.springframework.data.repository.config.RepositoryConfigurationDelegate Finished Spring Data repository scanning in 32ms. Found 0 JPA repository interfaces.
2020-10-26 11:17:58 INFO  main org.springframework.data.repository.config.RepositoryConfigurationDelegate Multiple Spring Data modules found, entering strict repository configuration mode!
2020-10-26 11:17:58 INFO  main org.springframework.data.repository.config.RepositoryConfigurationDelegate Bootstrapping Spring Data Redis repositories in DEFAULT mode.
2020-10-26 11:17:58 INFO  main org.springframework.data.repository.config.RepositoryConfigurationDelegate Finished Spring Data repository scanning in 44ms. Found 0 Redis repository interfaces.
2020-10-26 11:17:58 INFO  main org.springframework.context.support.PostProcessorRegistrationDelegate$BeanPostProcessorChecker Bean 'redisCacheConfiguration' of type [com.example.car.common.utils.redis.RedisCacheConfiguration$$EnhancerBySpringCGLIB$$42487eb0] is not eligible for getting processed by all BeanPostProcessors (for example: not eligible for auto-proxying)
2020-10-26 11:17:59 INFO  main org.springframework.boot.web.embedded.tomcat.TomcatWebServer Tomcat initialized with port(s): 8081 (https)
2020-10-26 11:17:59 INFO  main org.apache.coyote.http11.Http11NioProtocol Initializing ProtocolHandler ["https-jsse-nio-8081"]
2020-10-26 11:17:59 INFO  main org.apache.catalina.core.StandardService Starting service [Tomcat]
2020-10-26 11:17:59 INFO  main org.apache.catalina.core.StandardEngine Starting Servlet engine: [Apache Tomcat/9.0.36]
2020-10-26 11:17:59 INFO  main org.apache.catalina.core.ContainerBase.[Tomcat].[localhost].[/] Initializing Spring embedded WebApplicationContext
2020-10-26 11:17:59 INFO  main org.springframework.boot.web.servlet.context.ServletWebServerApplicationContext Root WebApplicationContext: initialization completed in 2057 ms
2020-10-26 11:18:00 INFO  main org.springframework.scheduling.concurrent.ThreadPoolTaskExecutor Initializing ExecutorService
2020-10-26 11:18:00 INFO  main org.springframework.scheduling.concurrent.ThreadPoolTaskExecutor Initializing ExecutorService 'area'
2020-10-26 11:18:00 INFO  main com.example.car.common.utils.redis.RedisCacheConfiguration JedisPool注入成功！！
2020-10-26 11:18:00 INFO  main com.example.car.common.utils.redis.RedisCacheConfiguration redis地址：127.0.0.1:6379
2020-10-26 11:18:00 INFO  main org.springframework.scheduling.concurrent.ThreadPoolTaskScheduler Initializing ExecutorService 'taskScheduler'
2020-10-26 11:18:00 INFO  main org.springframework.boot.actuate.endpoint.web.EndpointLinksResolver Exposing 2 endpoint(s) beneath base path '/actuator'
2020-10-26 11:18:00 INFO  main org.apache.coyote.http11.Http11NioProtocol Starting ProtocolHandler ["https-jsse-nio-8081"]
2020-10-26 11:18:01 INFO  main org.springframework.boot.web.embedded.tomcat.TomcatWebServer Tomcat started on port(s): 8081 (https) with context path ''
2020-10-26 11:18:01 INFO  main org.springframework.data.repository.config.DeferredRepositoryInitializationListener Triggering deferred initialization of Spring Data repositories…
2020-10-26 11:18:01 INFO  main org.springframework.data.repository.config.DeferredRepositoryInitializationListener Spring Data repositories initialized!
2020-10-26 11:18:01 INFO  main com.example.car.CarApplication Started CarApplication in 4.649 seconds (JVM running for 5.751)
2020-10-26 11:18:01 INFO  RMI TCP Connection(1)-192.168.124.7 org.apache.catalina.core.ContainerBase.[Tomcat].[localhost].[/] Initializing Spring DispatcherServlet 'dispatcherServlet'
2020-10-26 11:18:01 INFO  RMI TCP Connection(1)-192.168.124.7 org.springframework.web.servlet.DispatcherServlet Initializing Servlet 'dispatcherServlet'
2020-10-26 11:18:01 INFO  RMI TCP Connection(1)-192.168.124.7 org.springframework.web.servlet.DispatcherServlet Completed initialization in 8 ms
2020-10-26 11:18:02 INFO  RMI TCP Connection(3)-192.168.124.7 com.zaxxer.hikari.HikariDataSource HikariPool-1 - Starting...
2020-10-26 11:18:02 INFO  RMI TCP Connection(3)-192.168.124.7 com.zaxxer.hikari.HikariDataSource HikariPool-1 - Start completed.
2020-10-26 11:18:02 INFO  RMI TCP Connection(3)-192.168.124.7 com.zaxxer.hikari.HikariDataSource HikariPool-2 - Starting...
2020-10-26 11:18:02 INFO  RMI TCP Connection(3)-192.168.124.7 com.zaxxer.hikari.HikariDataSource HikariPool-2 - Start completed.
