2020-09-17 09:51:35 INFO  main com.example.car.CarApplication Starting CarApplication on ADM-2020LTSC512 with PID 13484 (D:\project\car_manage\target\classes started by Administrator in D:\project\car_manage)
2020-09-17 09:51:35 INFO  main com.example.car.CarApplication No active profile set, falling back to default profiles: default
2020-09-17 09:51:36 INFO  main org.springframework.data.repository.config.RepositoryConfigurationDelegate Multiple Spring Data modules found, entering strict repository configuration mode!
2020-09-17 09:51:36 INFO  main org.springframework.data.repository.config.RepositoryConfigurationDelegate Bootstrapping Spring Data JPA repositories in DEFERRED mode.
2020-09-17 09:51:36 INFO  main org.springframework.data.repository.config.RepositoryConfigurationDelegate Finished Spring Data repository scanning in 20ms. Found 0 JPA repository interfaces.
2020-09-17 09:51:36 INFO  main org.springframework.data.repository.config.RepositoryConfigurationDelegate Multiple Spring Data modules found, entering strict repository configuration mode!
2020-09-17 09:51:36 INFO  main org.springframework.data.repository.config.RepositoryConfigurationDelegate Bootstrapping Spring Data Redis repositories in DEFAULT mode.
2020-09-17 09:51:36 INFO  main org.springframework.data.repository.config.RepositoryConfigurationDelegate Finished Spring Data repository scanning in 4ms. Found 0 Redis repository interfaces.
2020-09-17 09:51:36 INFO  main org.springframework.boot.web.embedded.tomcat.TomcatWebServer Tomcat initialized with port(s): 8081 (https)
2020-09-17 09:51:36 INFO  main org.apache.coyote.http11.Http11NioProtocol Initializing ProtocolHandler ["https-jsse-nio-8081"]
2020-09-17 09:51:36 INFO  main org.apache.catalina.core.StandardService Starting service [Tomcat]
2020-09-17 09:51:36 INFO  main org.apache.catalina.core.StandardEngine Starting Servlet engine: [Apache Tomcat/9.0.36]
2020-09-17 09:51:36 INFO  main org.apache.catalina.core.ContainerBase.[Tomcat].[localhost].[/] Initializing Spring embedded WebApplicationContext
2020-09-17 09:51:36 INFO  main org.springframework.boot.web.servlet.context.ServletWebServerApplicationContext Root WebApplicationContext: initialization completed in 1601 ms
2020-09-17 09:51:37 INFO  main org.springframework.scheduling.concurrent.ThreadPoolTaskExecutor Initializing ExecutorService
2020-09-17 09:51:37 INFO  main org.springframework.scheduling.concurrent.ThreadPoolTaskExecutor Initializing ExecutorService 'area'
2020-09-17 09:51:38 INFO  main org.springframework.scheduling.concurrent.ThreadPoolTaskScheduler Initializing ExecutorService 'taskScheduler'
2020-09-17 09:51:38 INFO  main org.springframework.boot.actuate.endpoint.web.EndpointLinksResolver Exposing 2 endpoint(s) beneath base path '/actuator'
2020-09-17 09:51:38 INFO  main org.apache.coyote.http11.Http11NioProtocol Starting ProtocolHandler ["https-jsse-nio-8081"]
2020-09-17 09:51:38 INFO  main org.springframework.boot.web.embedded.tomcat.TomcatWebServer Tomcat started on port(s): 8081 (https) with context path ''
2020-09-17 09:51:38 INFO  main org.springframework.data.repository.config.DeferredRepositoryInitializationListener Triggering deferred initialization of Spring Data repositories…
2020-09-17 09:51:38 INFO  main org.springframework.data.repository.config.DeferredRepositoryInitializationListener Spring Data repositories initialized!
2020-09-17 09:51:38 INFO  main com.example.car.CarApplication Started CarApplication in 4.268 seconds (JVM running for 6.812)
2020-09-17 09:51:38 INFO  https-jsse-nio-8081-exec-4 org.apache.catalina.core.ContainerBase.[Tomcat].[localhost].[/] Initializing Spring DispatcherServlet 'dispatcherServlet'
2020-09-17 09:51:38 INFO  https-jsse-nio-8081-exec-4 org.springframework.web.servlet.DispatcherServlet Initializing Servlet 'dispatcherServlet'
2020-09-17 09:51:38 INFO  https-jsse-nio-8081-exec-4 org.springframework.web.servlet.DispatcherServlet Completed initialization in 5 ms
2020-09-17 09:51:38 INFO  https-jsse-nio-8081-exec-4 com.zaxxer.hikari.HikariDataSource HikariPool-1 - Starting...
2020-09-17 09:51:39 INFO  https-jsse-nio-8081-exec-4 com.zaxxer.hikari.HikariDataSource HikariPool-1 - Start completed.
2020-09-17 09:51:39 INFO  RMI TCP Connection(2)-192.168.2.145 com.zaxxer.hikari.HikariDataSource HikariPool-2 - Starting...
2020-09-17 09:51:39 INFO  RMI TCP Connection(2)-192.168.2.145 com.zaxxer.hikari.HikariDataSource HikariPool-2 - Start completed.
2020-09-17 09:57:11 INFO  main com.example.car.CarApplication Starting CarApplication on ADM-2020LTSC512 with PID 3660 (D:\project\car_manage\target\classes started by Administrator in D:\project\car_manage)
2020-09-17 09:57:11 INFO  main com.example.car.CarApplication No active profile set, falling back to default profiles: default
2020-09-17 09:57:12 INFO  main org.springframework.data.repository.config.RepositoryConfigurationDelegate Multiple Spring Data modules found, entering strict repository configuration mode!
2020-09-17 09:57:12 INFO  main org.springframework.data.repository.config.RepositoryConfigurationDelegate Bootstrapping Spring Data JPA repositories in DEFERRED mode.
2020-09-17 09:57:12 INFO  main org.springframework.data.repository.config.RepositoryConfigurationDelegate Finished Spring Data repository scanning in 18ms. Found 0 JPA repository interfaces.
2020-09-17 09:57:12 INFO  main org.springframework.data.repository.config.RepositoryConfigurationDelegate Multiple Spring Data modules found, entering strict repository configuration mode!
2020-09-17 09:57:12 INFO  main org.springframework.data.repository.config.RepositoryConfigurationDelegate Bootstrapping Spring Data Redis repositories in DEFAULT mode.
2020-09-17 09:57:12 INFO  main org.springframework.data.repository.config.RepositoryConfigurationDelegate Finished Spring Data repository scanning in 5ms. Found 0 Redis repository interfaces.
2020-09-17 09:57:12 INFO  main org.springframework.boot.web.embedded.tomcat.TomcatWebServer Tomcat initialized with port(s): 8081 (https)
2020-09-17 09:57:12 INFO  main org.apache.coyote.http11.Http11NioProtocol Initializing ProtocolHandler ["https-jsse-nio-8081"]
2020-09-17 09:57:12 INFO  main org.apache.catalina.core.StandardService Starting service [Tomcat]
2020-09-17 09:57:12 INFO  main org.apache.catalina.core.StandardEngine Starting Servlet engine: [Apache Tomcat/9.0.36]
2020-09-17 09:57:12 INFO  main org.apache.catalina.core.ContainerBase.[Tomcat].[localhost].[/] Initializing Spring embedded WebApplicationContext
2020-09-17 09:57:12 INFO  main org.springframework.boot.web.servlet.context.ServletWebServerApplicationContext Root WebApplicationContext: initialization completed in 1409 ms
2020-09-17 09:57:13 INFO  main org.springframework.scheduling.concurrent.ThreadPoolTaskExecutor Initializing ExecutorService
2020-09-17 09:57:13 INFO  main org.springframework.scheduling.concurrent.ThreadPoolTaskExecutor Initializing ExecutorService 'area'
2020-09-17 09:57:13 INFO  main org.springframework.scheduling.concurrent.ThreadPoolTaskScheduler Initializing ExecutorService 'taskScheduler'
2020-09-17 09:57:13 INFO  main org.springframework.boot.actuate.endpoint.web.EndpointLinksResolver Exposing 2 endpoint(s) beneath base path '/actuator'
2020-09-17 09:57:13 INFO  main org.apache.coyote.http11.Http11NioProtocol Starting ProtocolHandler ["https-jsse-nio-8081"]
2020-09-17 09:57:14 INFO  main org.springframework.boot.web.embedded.tomcat.TomcatWebServer Tomcat started on port(s): 8081 (https) with context path ''
2020-09-17 09:57:14 INFO  main org.springframework.data.repository.config.DeferredRepositoryInitializationListener Triggering deferred initialization of Spring Data repositories…
2020-09-17 09:57:14 INFO  main org.springframework.data.repository.config.DeferredRepositoryInitializationListener Spring Data repositories initialized!
2020-09-17 09:57:14 INFO  main com.example.car.CarApplication Started CarApplication in 3.6 seconds (JVM running for 5.463)
2020-09-17 09:57:14 INFO  RMI TCP Connection(1)-192.168.2.145 org.apache.catalina.core.ContainerBase.[Tomcat].[localhost].[/] Initializing Spring DispatcherServlet 'dispatcherServlet'
2020-09-17 09:57:14 INFO  RMI TCP Connection(1)-192.168.2.145 org.springframework.web.servlet.DispatcherServlet Initializing Servlet 'dispatcherServlet'
2020-09-17 09:57:14 INFO  RMI TCP Connection(1)-192.168.2.145 org.springframework.web.servlet.DispatcherServlet Completed initialization in 5 ms
2020-09-17 09:57:14 INFO  RMI TCP Connection(3)-192.168.2.145 com.zaxxer.hikari.HikariDataSource HikariPool-1 - Starting...
2020-09-17 09:57:15 INFO  RMI TCP Connection(3)-192.168.2.145 com.zaxxer.hikari.HikariDataSource HikariPool-1 - Start completed.
2020-09-17 09:57:15 INFO  RMI TCP Connection(3)-192.168.2.145 com.zaxxer.hikari.HikariDataSource HikariPool-2 - Starting...
2020-09-17 09:57:15 INFO  RMI TCP Connection(3)-192.168.2.145 com.zaxxer.hikari.HikariDataSource HikariPool-2 - Start completed.
2020-09-17 10:10:05 INFO  main com.example.car.CarApplication Starting CarApplication on ADM-2020LTSC512 with PID 10640 (D:\project\car_manage\target\classes started by Administrator in D:\project\car_manage)
2020-09-17 10:10:05 INFO  main com.example.car.CarApplication No active profile set, falling back to default profiles: default
2020-09-17 10:10:06 INFO  main org.springframework.data.repository.config.RepositoryConfigurationDelegate Multiple Spring Data modules found, entering strict repository configuration mode!
2020-09-17 10:10:06 INFO  main org.springframework.data.repository.config.RepositoryConfigurationDelegate Bootstrapping Spring Data JPA repositories in DEFERRED mode.
2020-09-17 10:10:06 INFO  main org.springframework.data.repository.config.RepositoryConfigurationDelegate Finished Spring Data repository scanning in 15ms. Found 0 JPA repository interfaces.
2020-09-17 10:10:06 INFO  main org.springframework.data.repository.config.RepositoryConfigurationDelegate Multiple Spring Data modules found, entering strict repository configuration mode!
2020-09-17 10:10:06 INFO  main org.springframework.data.repository.config.RepositoryConfigurationDelegate Bootstrapping Spring Data Redis repositories in DEFAULT mode.
2020-09-17 10:10:06 INFO  main org.springframework.data.repository.config.RepositoryConfigurationDelegate Finished Spring Data repository scanning in 4ms. Found 0 Redis repository interfaces.
2020-09-17 10:10:07 INFO  main org.springframework.boot.web.embedded.tomcat.TomcatWebServer Tomcat initialized with port(s): 8081 (https)
2020-09-17 10:10:07 INFO  main org.apache.coyote.http11.Http11NioProtocol Initializing ProtocolHandler ["https-jsse-nio-8081"]
2020-09-17 10:10:07 INFO  main org.apache.catalina.core.StandardService Starting service [Tomcat]
2020-09-17 10:10:07 INFO  main org.apache.catalina.core.StandardEngine Starting Servlet engine: [Apache Tomcat/9.0.36]
2020-09-17 10:10:07 INFO  main org.apache.catalina.core.ContainerBase.[Tomcat].[localhost].[/] Initializing Spring embedded WebApplicationContext
2020-09-17 10:10:07 INFO  main org.springframework.boot.web.servlet.context.ServletWebServerApplicationContext Root WebApplicationContext: initialization completed in 1370 ms
2020-09-17 10:10:07 INFO  main org.springframework.scheduling.concurrent.ThreadPoolTaskExecutor Initializing ExecutorService
2020-09-17 10:10:07 INFO  main org.springframework.scheduling.concurrent.ThreadPoolTaskExecutor Initializing ExecutorService 'area'
2020-09-17 10:10:08 INFO  main org.springframework.scheduling.concurrent.ThreadPoolTaskScheduler Initializing ExecutorService 'taskScheduler'
2020-09-17 10:10:08 INFO  main org.springframework.boot.actuate.endpoint.web.EndpointLinksResolver Exposing 2 endpoint(s) beneath base path '/actuator'
2020-09-17 10:10:08 INFO  main org.apache.coyote.http11.Http11NioProtocol Starting ProtocolHandler ["https-jsse-nio-8081"]
2020-09-17 10:10:08 INFO  main org.springframework.boot.web.embedded.tomcat.TomcatWebServer Tomcat started on port(s): 8081 (https) with context path ''
2020-09-17 10:10:08 INFO  main org.springframework.data.repository.config.DeferredRepositoryInitializationListener Triggering deferred initialization of Spring Data repositories…
2020-09-17 10:10:08 INFO  main org.springframework.data.repository.config.DeferredRepositoryInitializationListener Spring Data repositories initialized!
2020-09-17 10:10:08 INFO  main com.example.car.CarApplication Started CarApplication in 3.465 seconds (JVM running for 5.221)
2020-09-17 10:10:09 INFO  scheduling-1 com.zaxxer.hikari.HikariDataSource HikariPool-1 - Starting...
2020-09-17 10:10:09 INFO  scheduling-1 com.zaxxer.hikari.HikariDataSource HikariPool-1 - Start completed.
2020-09-17 10:10:09 INFO  RMI TCP Connection(2)-192.168.2.145 org.apache.catalina.core.ContainerBase.[Tomcat].[localhost].[/] Initializing Spring DispatcherServlet 'dispatcherServlet'
2020-09-17 10:10:09 INFO  RMI TCP Connection(2)-192.168.2.145 org.springframework.web.servlet.DispatcherServlet Initializing Servlet 'dispatcherServlet'
2020-09-17 10:10:09 INFO  RMI TCP Connection(2)-192.168.2.145 org.springframework.web.servlet.DispatcherServlet Completed initialization in 5 ms
2020-09-17 10:10:09 INFO  RMI TCP Connection(1)-192.168.2.145 com.zaxxer.hikari.HikariDataSource HikariPool-2 - Starting...
2020-09-17 10:10:09 INFO  RMI TCP Connection(1)-192.168.2.145 com.zaxxer.hikari.HikariDataSource HikariPool-2 - Start completed.
2020-09-17 10:11:07 INFO  main com.example.car.CarApplication Starting CarApplication on ADM-2020LTSC512 with PID 3496 (D:\project\car_manage\target\classes started by Administrator in D:\project\car_manage)
2020-09-17 10:11:07 INFO  main com.example.car.CarApplication No active profile set, falling back to default profiles: default
2020-09-17 10:11:08 INFO  main org.springframework.data.repository.config.RepositoryConfigurationDelegate Multiple Spring Data modules found, entering strict repository configuration mode!
2020-09-17 10:11:08 INFO  main org.springframework.data.repository.config.RepositoryConfigurationDelegate Bootstrapping Spring Data JPA repositories in DEFERRED mode.
2020-09-17 10:11:08 INFO  main org.springframework.data.repository.config.RepositoryConfigurationDelegate Finished Spring Data repository scanning in 17ms. Found 0 JPA repository interfaces.
2020-09-17 10:11:08 INFO  main org.springframework.data.repository.config.RepositoryConfigurationDelegate Multiple Spring Data modules found, entering strict repository configuration mode!
2020-09-17 10:11:08 INFO  main org.springframework.data.repository.config.RepositoryConfigurationDelegate Bootstrapping Spring Data Redis repositories in DEFAULT mode.
2020-09-17 10:11:08 INFO  main org.springframework.data.repository.config.RepositoryConfigurationDelegate Finished Spring Data repository scanning in 5ms. Found 0 Redis repository interfaces.
2020-09-17 10:11:08 INFO  main org.springframework.boot.web.embedded.tomcat.TomcatWebServer Tomcat initialized with port(s): 8081 (https)
2020-09-17 10:11:08 INFO  main org.apache.coyote.http11.Http11NioProtocol Initializing ProtocolHandler ["https-jsse-nio-8081"]
2020-09-17 10:11:08 INFO  main org.apache.catalina.core.StandardService Starting service [Tomcat]
2020-09-17 10:11:08 INFO  main org.apache.catalina.core.StandardEngine Starting Servlet engine: [Apache Tomcat/9.0.36]
2020-09-17 10:11:08 INFO  main org.apache.catalina.core.ContainerBase.[Tomcat].[localhost].[/] Initializing Spring embedded WebApplicationContext
2020-09-17 10:11:08 INFO  main org.springframework.boot.web.servlet.context.ServletWebServerApplicationContext Root WebApplicationContext: initialization completed in 1577 ms
2020-09-17 10:11:09 INFO  main org.springframework.scheduling.concurrent.ThreadPoolTaskExecutor Initializing ExecutorService
2020-09-17 10:11:09 INFO  main org.springframework.scheduling.concurrent.ThreadPoolTaskExecutor Initializing ExecutorService 'area'
2020-09-17 10:11:10 INFO  main org.springframework.scheduling.concurrent.ThreadPoolTaskScheduler Initializing ExecutorService 'taskScheduler'
2020-09-17 10:11:10 INFO  main org.springframework.boot.actuate.endpoint.web.EndpointLinksResolver Exposing 2 endpoint(s) beneath base path '/actuator'
2020-09-17 10:11:10 INFO  main org.apache.coyote.http11.Http11NioProtocol Starting ProtocolHandler ["https-jsse-nio-8081"]
2020-09-17 10:11:10 INFO  main org.springframework.boot.web.embedded.tomcat.TomcatWebServer Tomcat started on port(s): 8081 (https) with context path ''
2020-09-17 10:11:10 INFO  main org.springframework.data.repository.config.DeferredRepositoryInitializationListener Triggering deferred initialization of Spring Data repositories…
2020-09-17 10:11:10 INFO  main org.springframework.data.repository.config.DeferredRepositoryInitializationListener Spring Data repositories initialized!
2020-09-17 10:11:10 INFO  main com.example.car.CarApplication Started CarApplication in 3.66 seconds (JVM running for 5.357)
2020-09-17 10:11:11 INFO  RMI TCP Connection(2)-192.168.2.145 org.apache.catalina.core.ContainerBase.[Tomcat].[localhost].[/] Initializing Spring DispatcherServlet 'dispatcherServlet'
2020-09-17 10:11:11 INFO  RMI TCP Connection(2)-192.168.2.145 org.springframework.web.servlet.DispatcherServlet Initializing Servlet 'dispatcherServlet'
2020-09-17 10:11:11 INFO  RMI TCP Connection(1)-192.168.2.145 com.zaxxer.hikari.HikariDataSource HikariPool-1 - Starting...
2020-09-17 10:11:11 INFO  RMI TCP Connection(2)-192.168.2.145 org.springframework.web.servlet.DispatcherServlet Completed initialization in 6 ms
2020-09-17 10:11:11 INFO  RMI TCP Connection(1)-192.168.2.145 com.zaxxer.hikari.HikariDataSource HikariPool-1 - Start completed.
2020-09-17 10:11:11 INFO  RMI TCP Connection(1)-192.168.2.145 com.zaxxer.hikari.HikariDataSource HikariPool-2 - Starting...
2020-09-17 10:11:11 INFO  RMI TCP Connection(1)-192.168.2.145 com.zaxxer.hikari.HikariDataSource HikariPool-2 - Start completed.
2020-09-17 10:23:46 INFO  main com.example.car.CarApplication Starting CarApplication on ADM-2020LTSC512 with PID 4572 (D:\project\car_manage\target\classes started by Administrator in D:\project\car_manage)
2020-09-17 10:23:46 INFO  main com.example.car.CarApplication No active profile set, falling back to default profiles: default
2020-09-17 10:23:47 INFO  main org.springframework.data.repository.config.RepositoryConfigurationDelegate Multiple Spring Data modules found, entering strict repository configuration mode!
2020-09-17 10:23:47 INFO  main org.springframework.data.repository.config.RepositoryConfigurationDelegate Bootstrapping Spring Data JPA repositories in DEFERRED mode.
2020-09-17 10:23:47 INFO  main org.springframework.data.repository.config.RepositoryConfigurationDelegate Finished Spring Data repository scanning in 17ms. Found 0 JPA repository interfaces.
2020-09-17 10:23:47 INFO  main org.springframework.data.repository.config.RepositoryConfigurationDelegate Multiple Spring Data modules found, entering strict repository configuration mode!
2020-09-17 10:23:47 INFO  main org.springframework.data.repository.config.RepositoryConfigurationDelegate Bootstrapping Spring Data Redis repositories in DEFAULT mode.
2020-09-17 10:23:47 INFO  main org.springframework.data.repository.config.RepositoryConfigurationDelegate Finished Spring Data repository scanning in 4ms. Found 0 Redis repository interfaces.
2020-09-17 10:23:47 INFO  main org.springframework.boot.web.embedded.tomcat.TomcatWebServer Tomcat initialized with port(s): 8081 (https)
2020-09-17 10:23:47 INFO  main org.apache.coyote.http11.Http11NioProtocol Initializing ProtocolHandler ["https-jsse-nio-8081"]
2020-09-17 10:23:47 INFO  main org.apache.catalina.core.StandardService Starting service [Tomcat]
2020-09-17 10:23:47 INFO  main org.apache.catalina.core.StandardEngine Starting Servlet engine: [Apache Tomcat/9.0.36]
2020-09-17 10:23:47 INFO  main org.apache.catalina.core.ContainerBase.[Tomcat].[localhost].[/] Initializing Spring embedded WebApplicationContext
2020-09-17 10:23:47 INFO  main org.springframework.boot.web.servlet.context.ServletWebServerApplicationContext Root WebApplicationContext: initialization completed in 1440 ms
2020-09-17 10:23:48 INFO  main org.springframework.scheduling.concurrent.ThreadPoolTaskExecutor Initializing ExecutorService
2020-09-17 10:23:48 INFO  main org.springframework.scheduling.concurrent.ThreadPoolTaskExecutor Initializing ExecutorService 'area'
2020-09-17 10:23:48 INFO  main org.springframework.scheduling.concurrent.ThreadPoolTaskScheduler Initializing ExecutorService 'taskScheduler'
2020-09-17 10:23:48 INFO  main org.springframework.boot.actuate.endpoint.web.EndpointLinksResolver Exposing 2 endpoint(s) beneath base path '/actuator'
2020-09-17 10:23:48 INFO  main org.apache.coyote.http11.Http11NioProtocol Starting ProtocolHandler ["https-jsse-nio-8081"]
2020-09-17 10:23:49 INFO  main org.springframework.boot.web.embedded.tomcat.TomcatWebServer Tomcat started on port(s): 8081 (https) with context path ''
2020-09-17 10:23:49 INFO  main org.springframework.data.repository.config.DeferredRepositoryInitializationListener Triggering deferred initialization of Spring Data repositories…
2020-09-17 10:23:49 INFO  main org.springframework.data.repository.config.DeferredRepositoryInitializationListener Spring Data repositories initialized!
2020-09-17 10:23:49 INFO  main com.example.car.CarApplication Started CarApplication in 3.655 seconds (JVM running for 5.289)
2020-09-17 10:23:50 INFO  RMI TCP Connection(3)-192.168.2.145 org.apache.catalina.core.ContainerBase.[Tomcat].[localhost].[/] Initializing Spring DispatcherServlet 'dispatcherServlet'
2020-09-17 10:23:50 INFO  RMI TCP Connection(3)-192.168.2.145 org.springframework.web.servlet.DispatcherServlet Initializing Servlet 'dispatcherServlet'
2020-09-17 10:23:50 INFO  RMI TCP Connection(2)-192.168.2.145 com.zaxxer.hikari.HikariDataSource HikariPool-1 - Starting...
2020-09-17 10:23:50 INFO  RMI TCP Connection(3)-192.168.2.145 org.springframework.web.servlet.DispatcherServlet Completed initialization in 5 ms
2020-09-17 10:23:50 INFO  RMI TCP Connection(2)-192.168.2.145 com.zaxxer.hikari.HikariDataSource HikariPool-1 - Start completed.
2020-09-17 10:23:50 INFO  RMI TCP Connection(2)-192.168.2.145 com.zaxxer.hikari.HikariDataSource HikariPool-2 - Starting...
2020-09-17 10:23:50 INFO  RMI TCP Connection(2)-192.168.2.145 com.zaxxer.hikari.HikariDataSource HikariPool-2 - Start completed.
2020-09-17 10:26:23 INFO  main com.example.car.CarApplication Starting CarApplication on ADM-2020LTSC512 with PID 5940 (D:\project\car_manage\target\classes started by Administrator in D:\project\car_manage)
2020-09-17 10:26:23 INFO  main com.example.car.CarApplication No active profile set, falling back to default profiles: default
2020-09-17 10:26:24 INFO  main org.springframework.data.repository.config.RepositoryConfigurationDelegate Multiple Spring Data modules found, entering strict repository configuration mode!
2020-09-17 10:26:24 INFO  main org.springframework.data.repository.config.RepositoryConfigurationDelegate Bootstrapping Spring Data JPA repositories in DEFERRED mode.
2020-09-17 10:26:24 INFO  main org.springframework.data.repository.config.RepositoryConfigurationDelegate Finished Spring Data repository scanning in 15ms. Found 0 JPA repository interfaces.
2020-09-17 10:26:24 INFO  main org.springframework.data.repository.config.RepositoryConfigurationDelegate Multiple Spring Data modules found, entering strict repository configuration mode!
2020-09-17 10:26:24 INFO  main org.springframework.data.repository.config.RepositoryConfigurationDelegate Bootstrapping Spring Data Redis repositories in DEFAULT mode.
2020-09-17 10:26:24 INFO  main org.springframework.data.repository.config.RepositoryConfigurationDelegate Finished Spring Data repository scanning in 4ms. Found 0 Redis repository interfaces.
2020-09-17 10:26:24 INFO  main org.springframework.boot.web.embedded.tomcat.TomcatWebServer Tomcat initialized with port(s): 8081 (https)
2020-09-17 10:26:24 INFO  main org.apache.coyote.http11.Http11NioProtocol Initializing ProtocolHandler ["https-jsse-nio-8081"]
2020-09-17 10:26:24 INFO  main org.apache.catalina.core.StandardService Starting service [Tomcat]
2020-09-17 10:26:24 INFO  main org.apache.catalina.core.StandardEngine Starting Servlet engine: [Apache Tomcat/9.0.36]
2020-09-17 10:26:25 INFO  main org.apache.catalina.core.ContainerBase.[Tomcat].[localhost].[/] Initializing Spring embedded WebApplicationContext
2020-09-17 10:26:25 INFO  main org.springframework.boot.web.servlet.context.ServletWebServerApplicationContext Root WebApplicationContext: initialization completed in 1236 ms
2020-09-17 10:26:25 INFO  main org.springframework.scheduling.concurrent.ThreadPoolTaskExecutor Initializing ExecutorService
2020-09-17 10:26:25 INFO  main org.springframework.scheduling.concurrent.ThreadPoolTaskExecutor Initializing ExecutorService 'area'
2020-09-17 10:26:26 INFO  main org.springframework.scheduling.concurrent.ThreadPoolTaskScheduler Initializing ExecutorService 'taskScheduler'
2020-09-17 10:26:26 INFO  main org.springframework.boot.actuate.endpoint.web.EndpointLinksResolver Exposing 2 endpoint(s) beneath base path '/actuator'
2020-09-17 10:26:26 INFO  main org.apache.coyote.http11.Http11NioProtocol Starting ProtocolHandler ["https-jsse-nio-8081"]
2020-09-17 10:26:26 INFO  main org.springframework.boot.web.embedded.tomcat.TomcatWebServer Tomcat started on port(s): 8081 (https) with context path ''
2020-09-17 10:26:26 INFO  main org.springframework.data.repository.config.DeferredRepositoryInitializationListener Triggering deferred initialization of Spring Data repositories…
2020-09-17 10:26:26 INFO  main org.springframework.data.repository.config.DeferredRepositoryInitializationListener Spring Data repositories initialized!
2020-09-17 10:26:26 INFO  main com.example.car.CarApplication Started CarApplication in 3.399 seconds (JVM running for 4.983)
2020-09-17 10:26:27 INFO  RMI TCP Connection(1)-192.168.2.145 org.apache.catalina.core.ContainerBase.[Tomcat].[localhost].[/] Initializing Spring DispatcherServlet 'dispatcherServlet'
2020-09-17 10:26:27 INFO  RMI TCP Connection(1)-192.168.2.145 org.springframework.web.servlet.DispatcherServlet Initializing Servlet 'dispatcherServlet'
2020-09-17 10:26:27 INFO  RMI TCP Connection(2)-192.168.2.145 com.zaxxer.hikari.HikariDataSource HikariPool-1 - Starting...
2020-09-17 10:26:27 INFO  RMI TCP Connection(1)-192.168.2.145 org.springframework.web.servlet.DispatcherServlet Completed initialization in 5 ms
2020-09-17 10:26:27 INFO  RMI TCP Connection(2)-192.168.2.145 com.zaxxer.hikari.HikariDataSource HikariPool-1 - Start completed.
2020-09-17 10:26:27 INFO  RMI TCP Connection(2)-192.168.2.145 com.zaxxer.hikari.HikariDataSource HikariPool-2 - Starting...
2020-09-17 10:26:27 INFO  RMI TCP Connection(2)-192.168.2.145 com.zaxxer.hikari.HikariDataSource HikariPool-2 - Start completed.
2020-09-17 13:51:10 INFO  main com.example.car.CarApplication Starting CarApplication on ADM-2020LTSC512 with PID 10764 (D:\project\car_manage\target\classes started by Administrator in D:\project\car_manage)
2020-09-17 13:51:10 INFO  main com.example.car.CarApplication No active profile set, falling back to default profiles: default
2020-09-17 13:51:11 INFO  main org.springframework.data.repository.config.RepositoryConfigurationDelegate Multiple Spring Data modules found, entering strict repository configuration mode!
2020-09-17 13:51:11 INFO  main org.springframework.data.repository.config.RepositoryConfigurationDelegate Bootstrapping Spring Data JPA repositories in DEFERRED mode.
2020-09-17 13:51:11 INFO  main org.springframework.data.repository.config.RepositoryConfigurationDelegate Finished Spring Data repository scanning in 25ms. Found 0 JPA repository interfaces.
2020-09-17 13:51:11 INFO  main org.springframework.data.repository.config.RepositoryConfigurationDelegate Multiple Spring Data modules found, entering strict repository configuration mode!
2020-09-17 13:51:11 INFO  main org.springframework.data.repository.config.RepositoryConfigurationDelegate Bootstrapping Spring Data Redis repositories in DEFAULT mode.
2020-09-17 13:51:11 INFO  main org.springframework.data.repository.config.RepositoryConfigurationDelegate Finished Spring Data repository scanning in 4ms. Found 0 Redis repository interfaces.
2020-09-17 13:51:12 INFO  main org.springframework.boot.web.embedded.tomcat.TomcatWebServer Tomcat initialized with port(s): 8081 (https)
2020-09-17 13:51:12 INFO  main org.apache.coyote.http11.Http11NioProtocol Initializing ProtocolHandler ["https-jsse-nio-8081"]
2020-09-17 13:51:12 INFO  main org.apache.catalina.core.StandardService Starting service [Tomcat]
2020-09-17 13:51:12 INFO  main org.apache.catalina.core.StandardEngine Starting Servlet engine: [Apache Tomcat/9.0.36]
2020-09-17 13:51:12 INFO  main org.apache.catalina.core.ContainerBase.[Tomcat].[localhost].[/] Initializing Spring embedded WebApplicationContext
2020-09-17 13:51:12 INFO  main org.springframework.boot.web.servlet.context.ServletWebServerApplicationContext Root WebApplicationContext: initialization completed in 2156 ms
2020-09-17 13:51:13 INFO  main org.springframework.scheduling.concurrent.ThreadPoolTaskExecutor Initializing ExecutorService
2020-09-17 13:51:13 INFO  main org.springframework.scheduling.concurrent.ThreadPoolTaskExecutor Initializing ExecutorService 'area'
2020-09-17 13:51:13 INFO  main org.springframework.scheduling.concurrent.ThreadPoolTaskScheduler Initializing ExecutorService 'taskScheduler'
2020-09-17 13:51:13 INFO  main org.springframework.boot.actuate.endpoint.web.EndpointLinksResolver Exposing 2 endpoint(s) beneath base path '/actuator'
2020-09-17 13:51:13 INFO  main org.apache.coyote.http11.Http11NioProtocol Starting ProtocolHandler ["https-jsse-nio-8081"]
2020-09-17 13:51:14 INFO  main org.springframework.boot.web.embedded.tomcat.TomcatWebServer Tomcat started on port(s): 8081 (https) with context path ''
2020-09-17 13:51:14 INFO  main org.springframework.data.repository.config.DeferredRepositoryInitializationListener Triggering deferred initialization of Spring Data repositories…
2020-09-17 13:51:14 INFO  main org.springframework.data.repository.config.DeferredRepositoryInitializationListener Spring Data repositories initialized!
2020-09-17 13:51:14 INFO  main com.example.car.CarApplication Started CarApplication in 4.7 seconds (JVM running for 6.65)
2020-09-17 13:51:14 INFO  RMI TCP Connection(3)-192.168.2.145 org.apache.catalina.core.ContainerBase.[Tomcat].[localhost].[/] Initializing Spring DispatcherServlet 'dispatcherServlet'
2020-09-17 13:51:14 INFO  RMI TCP Connection(3)-192.168.2.145 org.springframework.web.servlet.DispatcherServlet Initializing Servlet 'dispatcherServlet'
2020-09-17 13:51:14 INFO  RMI TCP Connection(4)-192.168.2.145 com.zaxxer.hikari.HikariDataSource HikariPool-1 - Starting...
2020-09-17 13:51:14 INFO  RMI TCP Connection(3)-192.168.2.145 org.springframework.web.servlet.DispatcherServlet Completed initialization in 8 ms
2020-09-17 13:51:15 INFO  RMI TCP Connection(4)-192.168.2.145 com.zaxxer.hikari.HikariDataSource HikariPool-1 - Start completed.
2020-09-17 13:51:15 INFO  RMI TCP Connection(4)-192.168.2.145 com.zaxxer.hikari.HikariDataSource HikariPool-2 - Starting...
2020-09-17 13:51:15 INFO  RMI TCP Connection(4)-192.168.2.145 com.zaxxer.hikari.HikariDataSource HikariPool-2 - Start completed.
2020-09-17 13:51:34 INFO  SpringContextShutdownHook org.springframework.scheduling.concurrent.ThreadPoolTaskScheduler Shutting down ExecutorService 'taskScheduler'
2020-09-17 13:51:34 INFO  SpringContextShutdownHook org.springframework.scheduling.concurrent.ThreadPoolTaskExecutor Shutting down ExecutorService 'area'
2020-09-17 13:51:34 INFO  SpringContextShutdownHook com.zaxxer.hikari.HikariDataSource HikariPool-2 - Shutdown initiated...
2020-09-17 13:51:34 INFO  SpringContextShutdownHook com.zaxxer.hikari.HikariDataSource HikariPool-2 - Shutdown completed.
2020-09-17 13:51:34 INFO  SpringContextShutdownHook com.zaxxer.hikari.HikariDataSource HikariPool-1 - Shutdown initiated...
2020-09-17 13:51:34 INFO  SpringContextShutdownHook com.zaxxer.hikari.HikariDataSource HikariPool-1 - Shutdown completed.
