2021-03-09 15:00:14 INFO  main com.example.car.CarApplication Starting CarApplication on ADM-2020LTSC512 with PID 10268 (D:\project\car_manage\target\classes started by Administrator in D:\project\car_manage)
2021-03-09 15:00:14 INFO  main com.example.car.CarApplication The following profiles are active: test
2021-03-09 15:00:17 INFO  main org.springframework.data.repository.config.RepositoryConfigurationDelegate Multiple Spring Data modules found, entering strict repository configuration mode!
2021-03-09 15:00:17 INFO  main org.springframework.data.repository.config.RepositoryConfigurationDelegate Bootstrapping Spring Data JPA repositories in DEFERRED mode.
2021-03-09 15:00:17 INFO  main org.springframework.data.repository.config.RepositoryConfigurationDelegate Finished Spring Data repository scanning in 23ms. Found 0 JPA repository interfaces.
2021-03-09 15:00:17 INFO  main org.springframework.data.repository.config.RepositoryConfigurationDelegate Multiple Spring Data modules found, entering strict repository configuration mode!
2021-03-09 15:00:17 INFO  main org.springframework.data.repository.config.RepositoryConfigurationDelegate Bootstrapping Spring Data Redis repositories in DEFAULT mode.
2021-03-09 15:00:17 INFO  main org.springframework.data.repository.config.RepositoryConfigurationDelegate Finished Spring Data repository scanning in 9ms. Found 0 Redis repository interfaces.
2021-03-09 15:00:17 INFO  main org.springframework.context.support.PostProcessorRegistrationDelegate$BeanPostProcessorChecker Bean 'redisCacheConfiguration' of type [com.example.car.common.utils.redis.RedisCacheConfiguration$$EnhancerBySpringCGLIB$$9981ecb4] is not eligible for getting processed by all BeanPostProcessors (for example: not eligible for auto-proxying)
2021-03-09 15:00:17 INFO  main org.springframework.boot.web.embedded.tomcat.TomcatWebServer Tomcat initialized with port(s): 8081 (http)
2021-03-09 15:00:17 INFO  main org.apache.coyote.http11.Http11NioProtocol Initializing ProtocolHandler ["http-nio-8081"]
2021-03-09 15:00:17 INFO  main org.apache.catalina.core.StandardService Starting service [Tomcat]
2021-03-09 15:00:17 INFO  main org.apache.catalina.core.StandardEngine Starting Servlet engine: [Apache Tomcat/9.0.36]
2021-03-09 15:00:17 INFO  main org.apache.catalina.core.ContainerBase.[Tomcat].[localhost].[/] Initializing Spring embedded WebApplicationContext
2021-03-09 15:00:17 INFO  main org.springframework.boot.web.servlet.context.ServletWebServerApplicationContext Root WebApplicationContext: initialization completed in 2964 ms
2021-03-09 15:00:18 INFO  main org.apache.catalina.core.StandardService Stopping service [Tomcat]
2021-03-09 15:00:18 INFO  main org.springframework.boot.autoconfigure.logging.ConditionEvaluationReportLoggingListener 

Error starting ApplicationContext. To display the conditions report re-run your application with 'debug' enabled.
2021-03-09 15:00:42 INFO  main com.example.car.CarApplication Starting CarApplication on ADM-2020LTSC512 with PID 2932 (D:\project\car_manage\target\classes started by Administrator in D:\project\car_manage)
2021-03-09 15:00:42 INFO  main com.example.car.CarApplication The following profiles are active: test
2021-03-09 15:00:43 INFO  main org.springframework.data.repository.config.RepositoryConfigurationDelegate Multiple Spring Data modules found, entering strict repository configuration mode!
2021-03-09 15:00:43 INFO  main org.springframework.data.repository.config.RepositoryConfigurationDelegate Bootstrapping Spring Data JPA repositories in DEFERRED mode.
2021-03-09 15:00:43 INFO  main org.springframework.data.repository.config.RepositoryConfigurationDelegate Finished Spring Data repository scanning in 21ms. Found 0 JPA repository interfaces.
2021-03-09 15:00:43 INFO  main org.springframework.data.repository.config.RepositoryConfigurationDelegate Multiple Spring Data modules found, entering strict repository configuration mode!
2021-03-09 15:00:43 INFO  main org.springframework.data.repository.config.RepositoryConfigurationDelegate Bootstrapping Spring Data Redis repositories in DEFAULT mode.
2021-03-09 15:00:43 INFO  main org.springframework.data.repository.config.RepositoryConfigurationDelegate Finished Spring Data repository scanning in 7ms. Found 0 Redis repository interfaces.
2021-03-09 15:00:44 INFO  main org.springframework.context.support.PostProcessorRegistrationDelegate$BeanPostProcessorChecker Bean 'redisCacheConfiguration' of type [com.example.car.common.utils.redis.RedisCacheConfiguration$$EnhancerBySpringCGLIB$$74c66daa] is not eligible for getting processed by all BeanPostProcessors (for example: not eligible for auto-proxying)
2021-03-09 15:00:44 INFO  main org.springframework.boot.web.embedded.tomcat.TomcatWebServer Tomcat initialized with port(s): 8081 (http)
2021-03-09 15:00:44 INFO  main org.apache.coyote.http11.Http11NioProtocol Initializing ProtocolHandler ["http-nio-8081"]
2021-03-09 15:00:44 INFO  main org.apache.catalina.core.StandardService Starting service [Tomcat]
2021-03-09 15:00:44 INFO  main org.apache.catalina.core.StandardEngine Starting Servlet engine: [Apache Tomcat/9.0.36]
2021-03-09 15:00:44 INFO  main org.apache.catalina.core.ContainerBase.[Tomcat].[localhost].[/] Initializing Spring embedded WebApplicationContext
2021-03-09 15:00:44 INFO  main org.springframework.boot.web.servlet.context.ServletWebServerApplicationContext Root WebApplicationContext: initialization completed in 1603 ms
2021-03-09 15:00:45 INFO  main org.springframework.scheduling.concurrent.ThreadPoolTaskExecutor Initializing ExecutorService
2021-03-09 15:00:45 INFO  main org.springframework.scheduling.concurrent.ThreadPoolTaskExecutor Initializing ExecutorService 'area'
2021-03-09 15:00:45 INFO  main com.example.car.common.utils.redis.RedisCacheConfiguration JedisPool注入成功！！
2021-03-09 15:00:45 INFO  main com.example.car.common.utils.redis.RedisCacheConfiguration redis地址：127.0.0.1:6379
2021-03-09 15:00:45 INFO  main org.springframework.scheduling.concurrent.ThreadPoolTaskScheduler Initializing ExecutorService 'taskScheduler'
2021-03-09 15:00:45 INFO  main org.springframework.boot.actuate.endpoint.web.EndpointLinksResolver Exposing 2 endpoint(s) beneath base path '/actuator'
2021-03-09 15:00:45 INFO  main org.apache.coyote.http11.Http11NioProtocol Starting ProtocolHandler ["http-nio-8081"]
2021-03-09 15:00:45 INFO  main org.springframework.boot.web.embedded.tomcat.TomcatWebServer Tomcat started on port(s): 8081 (http) with context path ''
2021-03-09 15:00:45 INFO  main org.springframework.data.repository.config.DeferredRepositoryInitializationListener Triggering deferred initialization of Spring Data repositories…
2021-03-09 15:00:45 INFO  main org.springframework.data.repository.config.DeferredRepositoryInitializationListener Spring Data repositories initialized!
2021-03-09 15:00:45 INFO  main com.example.car.CarApplication Started CarApplication in 3.672 seconds (JVM running for 4.559)
2021-03-09 15:00:46 INFO  RMI TCP Connection(1)-192.168.124.7 org.apache.catalina.core.ContainerBase.[Tomcat].[localhost].[/] Initializing Spring DispatcherServlet 'dispatcherServlet'
2021-03-09 15:00:46 INFO  RMI TCP Connection(1)-192.168.124.7 org.springframework.web.servlet.DispatcherServlet Initializing Servlet 'dispatcherServlet'
2021-03-09 15:00:46 INFO  RMI TCP Connection(1)-192.168.124.7 org.springframework.web.servlet.DispatcherServlet Completed initialization in 5 ms
2021-03-09 15:00:46 INFO  RMI TCP Connection(3)-192.168.124.7 com.zaxxer.hikari.HikariDataSource HikariPool-1 - Starting...
2021-03-09 15:00:47 INFO  RMI TCP Connection(3)-192.168.124.7 com.zaxxer.hikari.HikariDataSource HikariPool-1 - Start completed.
2021-03-09 15:00:47 INFO  RMI TCP Connection(3)-192.168.124.7 com.zaxxer.hikari.HikariDataSource HikariPool-2 - Starting...
2021-03-09 15:00:47 INFO  RMI TCP Connection(3)-192.168.124.7 com.zaxxer.hikari.HikariDataSource HikariPool-2 - Start completed.
